[2018-10-16 19:07:23] php.INFO: User Deprecated: Auto-registration of the command "Symfony\Bundle\SwiftmailerBundle\Command\DebugCommand" is deprecated since Symfony 3.4 and won't be supported in 4.0. Use PSR-4 based service discovery instead. {"exception":"[object] (ErrorException(code: 0): User Deprecated: Auto-registration of the command \"Symfony\\Bundle\\SwiftmailerBundle\\Command\\DebugCommand\" is deprecated since Symfony 3.4 and won't be supported in 4.0. Use PSR-4 based service discovery instead. at C:\\testcario\\vendor\\symfony\\symfony\\src\\Symfony\\Component\\HttpKernel\\Bundle\\Bundle.php:177)"} []
[2018-10-16 19:07:23] php.INFO: User Deprecated: Auto-registration of the command "Symfony\Bundle\SwiftmailerBundle\Command\NewEmailCommand" is deprecated since Symfony 3.4 and won't be supported in 4.0. Use PSR-4 based service discovery instead. {"exception":"[object] (ErrorException(code: 0): User Deprecated: Auto-registration of the command \"Symfony\\Bundle\\SwiftmailerBundle\\Command\\NewEmailCommand\" is deprecated since Symfony 3.4 and won't be supported in 4.0. Use PSR-4 based service discovery instead. at C:\\testcario\\vendor\\symfony\\symfony\\src\\Symfony\\Component\\HttpKernel\\Bundle\\Bundle.php:177)"} []
[2018-10-16 19:07:23] php.INFO: User Deprecated: Auto-registration of the command "Symfony\Bundle\SwiftmailerBundle\Command\SendEmailCommand" is deprecated since Symfony 3.4 and won't be supported in 4.0. Use PSR-4 based service discovery instead. {"exception":"[object] (ErrorException(code: 0): User Deprecated: Auto-registration of the command \"Symfony\\Bundle\\SwiftmailerBundle\\Command\\SendEmailCommand\" is deprecated since Symfony 3.4 and won't be supported in 4.0. Use PSR-4 based service discovery instead. at C:\\testcario\\vendor\\symfony\\symfony\\src\\Symfony\\Component\\HttpKernel\\Bundle\\Bundle.php:177)"} []
[2018-10-16 19:07:23] php.INFO: User Deprecated: Auto-registration of the command "Sensio\Bundle\GeneratorBundle\Command\GenerateBundleCommand" is deprecated since Symfony 3.4 and won't be supported in 4.0. Use PSR-4 based service discovery instead. {"exception":"[object] (ErrorException(code: 0): User Deprecated: Auto-registration of the command \"Sensio\\Bundle\\GeneratorBundle\\Command\\GenerateBundleCommand\" is deprecated since Symfony 3.4 and won't be supported in 4.0. Use PSR-4 based service discovery instead. at C:\\testcario\\vendor\\symfony\\symfony\\src\\Symfony\\Component\\HttpKernel\\Bundle\\Bundle.php:177)"} []
[2018-10-16 19:07:23] php.INFO: User Deprecated: Auto-registration of the command "Sensio\Bundle\GeneratorBundle\Command\GenerateCommandCommand" is deprecated since Symfony 3.4 and won't be supported in 4.0. Use PSR-4 based service discovery instead. {"exception":"[object] (ErrorException(code: 0): User Deprecated: Auto-registration of the command \"Sensio\\Bundle\\GeneratorBundle\\Command\\GenerateCommandCommand\" is deprecated since Symfony 3.4 and won't be supported in 4.0. Use PSR-4 based service discovery instead. at C:\\testcario\\vendor\\symfony\\symfony\\src\\Symfony\\Component\\HttpKernel\\Bundle\\Bundle.php:177)"} []
[2018-10-16 19:07:23] php.INFO: User Deprecated: Auto-registration of the command "Sensio\Bundle\GeneratorBundle\Command\GenerateControllerCommand" is deprecated since Symfony 3.4 and won't be supported in 4.0. Use PSR-4 based service discovery instead. {"exception":"[object] (ErrorException(code: 0): User Deprecated: Auto-registration of the command \"Sensio\\Bundle\\GeneratorBundle\\Command\\GenerateControllerCommand\" is deprecated since Symfony 3.4 and won't be supported in 4.0. Use PSR-4 based service discovery instead. at C:\\testcario\\vendor\\symfony\\symfony\\src\\Symfony\\Component\\HttpKernel\\Bundle\\Bundle.php:177)"} []
[2018-10-16 19:07:23] php.INFO: User Deprecated: Auto-registration of the command "Sensio\Bundle\GeneratorBundle\Command\GenerateDoctrineCrudCommand" is deprecated since Symfony 3.4 and won't be supported in 4.0. Use PSR-4 based service discovery instead. {"exception":"[object] (ErrorException(code: 0): User Deprecated: Auto-registration of the command \"Sensio\\Bundle\\GeneratorBundle\\Command\\GenerateDoctrineCrudCommand\" is deprecated since Symfony 3.4 and won't be supported in 4.0. Use PSR-4 based service discovery instead. at C:\\testcario\\vendor\\symfony\\symfony\\src\\Symfony\\Component\\HttpKernel\\Bundle\\Bundle.php:177)"} []
[2018-10-16 19:07:23] php.INFO: User Deprecated: Auto-registration of the command "Sensio\Bundle\GeneratorBundle\Command\GenerateDoctrineEntityCommand" is deprecated since Symfony 3.4 and won't be supported in 4.0. Use PSR-4 based service discovery instead. {"exception":"[object] (ErrorException(code: 0): User Deprecated: Auto-registration of the command \"Sensio\\Bundle\\GeneratorBundle\\Command\\GenerateDoctrineEntityCommand\" is deprecated since Symfony 3.4 and won't be supported in 4.0. Use PSR-4 based service discovery instead. at C:\\testcario\\vendor\\symfony\\symfony\\src\\Symfony\\Component\\HttpKernel\\Bundle\\Bundle.php:177)"} []
[2018-10-16 19:07:23] php.INFO: User Deprecated: Auto-registration of the command "Sensio\Bundle\GeneratorBundle\Command\GenerateDoctrineFormCommand" is deprecated since Symfony 3.4 and won't be supported in 4.0. Use PSR-4 based service discovery instead. {"exception":"[object] (ErrorException(code: 0): User Deprecated: Auto-registration of the command \"Sensio\\Bundle\\GeneratorBundle\\Command\\GenerateDoctrineFormCommand\" is deprecated since Symfony 3.4 and won't be supported in 4.0. Use PSR-4 based service discovery instead. at C:\\testcario\\vendor\\symfony\\symfony\\src\\Symfony\\Component\\HttpKernel\\Bundle\\Bundle.php:177)"} []
[2018-10-16 19:07:25] php.INFO: User Deprecated: Auto-registration of the command "Symfony\Bundle\SwiftmailerBundle\Command\DebugCommand" is deprecated since Symfony 3.4 and won't be supported in 4.0. Use PSR-4 based service discovery instead. {"exception":"[object] (ErrorException(code: 0): User Deprecated: Auto-registration of the command \"Symfony\\Bundle\\SwiftmailerBundle\\Command\\DebugCommand\" is deprecated since Symfony 3.4 and won't be supported in 4.0. Use PSR-4 based service discovery instead. at C:\\testcario\\vendor\\symfony\\symfony\\src\\Symfony\\Component\\HttpKernel\\Bundle\\Bundle.php:177)"} []
[2018-10-16 19:07:25] php.INFO: User Deprecated: Auto-registration of the command "Symfony\Bundle\SwiftmailerBundle\Command\NewEmailCommand" is deprecated since Symfony 3.4 and won't be supported in 4.0. Use PSR-4 based service discovery instead. {"exception":"[object] (ErrorException(code: 0): User Deprecated: Auto-registration of the command \"Symfony\\Bundle\\SwiftmailerBundle\\Command\\NewEmailCommand\" is deprecated since Symfony 3.4 and won't be supported in 4.0. Use PSR-4 based service discovery instead. at C:\\testcario\\vendor\\symfony\\symfony\\src\\Symfony\\Component\\HttpKernel\\Bundle\\Bundle.php:177)"} []
[2018-10-16 19:07:25] php.INFO: User Deprecated: Auto-registration of the command "Symfony\Bundle\SwiftmailerBundle\Command\SendEmailCommand" is deprecated since Symfony 3.4 and won't be supported in 4.0. Use PSR-4 based service discovery instead. {"exception":"[object] (ErrorException(code: 0): User Deprecated: Auto-registration of the command \"Symfony\\Bundle\\SwiftmailerBundle\\Command\\SendEmailCommand\" is deprecated since Symfony 3.4 and won't be supported in 4.0. Use PSR-4 based service discovery instead. at C:\\testcario\\vendor\\symfony\\symfony\\src\\Symfony\\Component\\HttpKernel\\Bundle\\Bundle.php:177)"} []
[2018-10-16 19:07:25] php.INFO: User Deprecated: Auto-registration of the command "Sensio\Bundle\GeneratorBundle\Command\GenerateBundleCommand" is deprecated since Symfony 3.4 and won't be supported in 4.0. Use PSR-4 based service discovery instead. {"exception":"[object] (ErrorException(code: 0): User Deprecated: Auto-registration of the command \"Sensio\\Bundle\\GeneratorBundle\\Command\\GenerateBundleCommand\" is deprecated since Symfony 3.4 and won't be supported in 4.0. Use PSR-4 based service discovery instead. at C:\\testcario\\vendor\\symfony\\symfony\\src\\Symfony\\Component\\HttpKernel\\Bundle\\Bundle.php:177)"} []
[2018-10-16 19:07:25] php.INFO: User Deprecated: Auto-registration of the command "Sensio\Bundle\GeneratorBundle\Command\GenerateCommandCommand" is deprecated since Symfony 3.4 and won't be supported in 4.0. Use PSR-4 based service discovery instead. {"exception":"[object] (ErrorException(code: 0): User Deprecated: Auto-registration of the command \"Sensio\\Bundle\\GeneratorBundle\\Command\\GenerateCommandCommand\" is deprecated since Symfony 3.4 and won't be supported in 4.0. Use PSR-4 based service discovery instead. at C:\\testcario\\vendor\\symfony\\symfony\\src\\Symfony\\Component\\HttpKernel\\Bundle\\Bundle.php:177)"} []
[2018-10-16 19:07:25] php.INFO: User Deprecated: Auto-registration of the command "Sensio\Bundle\GeneratorBundle\Command\GenerateControllerCommand" is deprecated since Symfony 3.4 and won't be supported in 4.0. Use PSR-4 based service discovery instead. {"exception":"[object] (ErrorException(code: 0): User Deprecated: Auto-registration of the command \"Sensio\\Bundle\\GeneratorBundle\\Command\\GenerateControllerCommand\" is deprecated since Symfony 3.4 and won't be supported in 4.0. Use PSR-4 based service discovery instead. at C:\\testcario\\vendor\\symfony\\symfony\\src\\Symfony\\Component\\HttpKernel\\Bundle\\Bundle.php:177)"} []
[2018-10-16 19:07:25] php.INFO: User Deprecated: Auto-registration of the command "Sensio\Bundle\GeneratorBundle\Command\GenerateDoctrineCrudCommand" is deprecated since Symfony 3.4 and won't be supported in 4.0. Use PSR-4 based service discovery instead. {"exception":"[object] (ErrorException(code: 0): User Deprecated: Auto-registration of the command \"Sensio\\Bundle\\GeneratorBundle\\Command\\GenerateDoctrineCrudCommand\" is deprecated since Symfony 3.4 and won't be supported in 4.0. Use PSR-4 based service discovery instead. at C:\\testcario\\vendor\\symfony\\symfony\\src\\Symfony\\Component\\HttpKernel\\Bundle\\Bundle.php:177)"} []
[2018-10-16 19:07:25] php.INFO: User Deprecated: Auto-registration of the command "Sensio\Bundle\GeneratorBundle\Command\GenerateDoctrineEntityCommand" is deprecated since Symfony 3.4 and won't be supported in 4.0. Use PSR-4 based service discovery instead. {"exception":"[object] (ErrorException(code: 0): User Deprecated: Auto-registration of the command \"Sensio\\Bundle\\GeneratorBundle\\Command\\GenerateDoctrineEntityCommand\" is deprecated since Symfony 3.4 and won't be supported in 4.0. Use PSR-4 based service discovery instead. at C:\\testcario\\vendor\\symfony\\symfony\\src\\Symfony\\Component\\HttpKernel\\Bundle\\Bundle.php:177)"} []
[2018-10-16 19:07:25] php.INFO: User Deprecated: Auto-registration of the command "Sensio\Bundle\GeneratorBundle\Command\GenerateDoctrineFormCommand" is deprecated since Symfony 3.4 and won't be supported in 4.0. Use PSR-4 based service discovery instead. {"exception":"[object] (ErrorException(code: 0): User Deprecated: Auto-registration of the command \"Sensio\\Bundle\\GeneratorBundle\\Command\\GenerateDoctrineFormCommand\" is deprecated since Symfony 3.4 and won't be supported in 4.0. Use PSR-4 based service discovery instead. at C:\\testcario\\vendor\\symfony\\symfony\\src\\Symfony\\Component\\HttpKernel\\Bundle\\Bundle.php:177)"} []
[2018-10-16 19:09:12] php.INFO: User Deprecated: Auto-registration of the command "Symfony\Bundle\SwiftmailerBundle\Command\DebugCommand" is deprecated since Symfony 3.4 and won't be supported in 4.0. Use PSR-4 based service discovery instead. {"exception":"[object] (ErrorException(code: 0): User Deprecated: Auto-registration of the command \"Symfony\\Bundle\\SwiftmailerBundle\\Command\\DebugCommand\" is deprecated since Symfony 3.4 and won't be supported in 4.0. Use PSR-4 based service discovery instead. at C:\\testcario\\vendor\\symfony\\symfony\\src\\Symfony\\Component\\HttpKernel\\Bundle\\Bundle.php:177)"} []
[2018-10-16 19:09:12] php.INFO: User Deprecated: Auto-registration of the command "Symfony\Bundle\SwiftmailerBundle\Command\NewEmailCommand" is deprecated since Symfony 3.4 and won't be supported in 4.0. Use PSR-4 based service discovery instead. {"exception":"[object] (ErrorException(code: 0): User Deprecated: Auto-registration of the command \"Symfony\\Bundle\\SwiftmailerBundle\\Command\\NewEmailCommand\" is deprecated since Symfony 3.4 and won't be supported in 4.0. Use PSR-4 based service discovery instead. at C:\\testcario\\vendor\\symfony\\symfony\\src\\Symfony\\Component\\HttpKernel\\Bundle\\Bundle.php:177)"} []
[2018-10-16 19:09:12] php.INFO: User Deprecated: Auto-registration of the command "Symfony\Bundle\SwiftmailerBundle\Command\SendEmailCommand" is deprecated since Symfony 3.4 and won't be supported in 4.0. Use PSR-4 based service discovery instead. {"exception":"[object] (ErrorException(code: 0): User Deprecated: Auto-registration of the command \"Symfony\\Bundle\\SwiftmailerBundle\\Command\\SendEmailCommand\" is deprecated since Symfony 3.4 and won't be supported in 4.0. Use PSR-4 based service discovery instead. at C:\\testcario\\vendor\\symfony\\symfony\\src\\Symfony\\Component\\HttpKernel\\Bundle\\Bundle.php:177)"} []
[2018-10-16 19:09:12] php.INFO: User Deprecated: Auto-registration of the command "Sensio\Bundle\GeneratorBundle\Command\GenerateBundleCommand" is deprecated since Symfony 3.4 and won't be supported in 4.0. Use PSR-4 based service discovery instead. {"exception":"[object] (ErrorException(code: 0): User Deprecated: Auto-registration of the command \"Sensio\\Bundle\\GeneratorBundle\\Command\\GenerateBundleCommand\" is deprecated since Symfony 3.4 and won't be supported in 4.0. Use PSR-4 based service discovery instead. at C:\\testcario\\vendor\\symfony\\symfony\\src\\Symfony\\Component\\HttpKernel\\Bundle\\Bundle.php:177)"} []
[2018-10-16 19:09:12] php.INFO: User Deprecated: Auto-registration of the command "Sensio\Bundle\GeneratorBundle\Command\GenerateCommandCommand" is deprecated since Symfony 3.4 and won't be supported in 4.0. Use PSR-4 based service discovery instead. {"exception":"[object] (ErrorException(code: 0): User Deprecated: Auto-registration of the command \"Sensio\\Bundle\\GeneratorBundle\\Command\\GenerateCommandCommand\" is deprecated since Symfony 3.4 and won't be supported in 4.0. Use PSR-4 based service discovery instead. at C:\\testcario\\vendor\\symfony\\symfony\\src\\Symfony\\Component\\HttpKernel\\Bundle\\Bundle.php:177)"} []
[2018-10-16 19:09:12] php.INFO: User Deprecated: Auto-registration of the command "Sensio\Bundle\GeneratorBundle\Command\GenerateControllerCommand" is deprecated since Symfony 3.4 and won't be supported in 4.0. Use PSR-4 based service discovery instead. {"exception":"[object] (ErrorException(code: 0): User Deprecated: Auto-registration of the command \"Sensio\\Bundle\\GeneratorBundle\\Command\\GenerateControllerCommand\" is deprecated since Symfony 3.4 and won't be supported in 4.0. Use PSR-4 based service discovery instead. at C:\\testcario\\vendor\\symfony\\symfony\\src\\Symfony\\Component\\HttpKernel\\Bundle\\Bundle.php:177)"} []
[2018-10-16 19:09:12] php.INFO: User Deprecated: Auto-registration of the command "Sensio\Bundle\GeneratorBundle\Command\GenerateDoctrineCrudCommand" is deprecated since Symfony 3.4 and won't be supported in 4.0. Use PSR-4 based service discovery instead. {"exception":"[object] (ErrorException(code: 0): User Deprecated: Auto-registration of the command \"Sensio\\Bundle\\GeneratorBundle\\Command\\GenerateDoctrineCrudCommand\" is deprecated since Symfony 3.4 and won't be supported in 4.0. Use PSR-4 based service discovery instead. at C:\\testcario\\vendor\\symfony\\symfony\\src\\Symfony\\Component\\HttpKernel\\Bundle\\Bundle.php:177)"} []
[2018-10-16 19:09:12] php.INFO: User Deprecated: Auto-registration of the command "Sensio\Bundle\GeneratorBundle\Command\GenerateDoctrineEntityCommand" is deprecated since Symfony 3.4 and won't be supported in 4.0. Use PSR-4 based service discovery instead. {"exception":"[object] (ErrorException(code: 0): User Deprecated: Auto-registration of the command \"Sensio\\Bundle\\GeneratorBundle\\Command\\GenerateDoctrineEntityCommand\" is deprecated since Symfony 3.4 and won't be supported in 4.0. Use PSR-4 based service discovery instead. at C:\\testcario\\vendor\\symfony\\symfony\\src\\Symfony\\Component\\HttpKernel\\Bundle\\Bundle.php:177)"} []
[2018-10-16 19:09:12] php.INFO: User Deprecated: Auto-registration of the command "Sensio\Bundle\GeneratorBundle\Command\GenerateDoctrineFormCommand" is deprecated since Symfony 3.4 and won't be supported in 4.0. Use PSR-4 based service discovery instead. {"exception":"[object] (ErrorException(code: 0): User Deprecated: Auto-registration of the command \"Sensio\\Bundle\\GeneratorBundle\\Command\\GenerateDoctrineFormCommand\" is deprecated since Symfony 3.4 and won't be supported in 4.0. Use PSR-4 based service discovery instead. at C:\\testcario\\vendor\\symfony\\symfony\\src\\Symfony\\Component\\HttpKernel\\Bundle\\Bundle.php:177)"} []
[2018-10-16 19:09:13] php.DEBUG: Warning: fsockopen(): unable to connect to 127.0.0.1:8000 (Próba po³¹czenia nie powiod³a siê, poniewa¿ po³¹czona strona nie odpowiedzia³a poprawnie po ustalonym okresie czasu lub utworzone po³¹czenie nie powiod³o siê, poniewa¿ po³¹czony host nie odpowiedzia³. ) {"exception":"[object] (Symfony\\Component\\Debug\\Exception\\SilencedErrorContext: {\"severity\":2,\"file\":\"C:\\\\testcario\\\\vendor\\\\symfony\\\\symfony\\\\src\\\\Symfony\\\\Bundle\\\\WebServerBundle\\\\WebServerConfig.php\",\"line\":123,\"trace\":[{\"file\":\"C:\\\\testcario\\\\vendor\\\\symfony\\\\symfony\\\\src\\\\Symfony\\\\Bundle\\\\WebServerBundle\\\\WebServerConfig.php\",\"line\":54,\"function\":\"findBestPort\",\"class\":\"Symfony\\\\Bundle\\\\WebServerBundle\\\\WebServerConfig\",\"type\":\"->\"}],\"count\":1})"} []
[2018-10-16 19:10:19] request.INFO: Matched route "homepage". {"route":"homepage","route_parameters":{"_controller":"AppBundle\\Controller\\DefaultController::indexAction","_route":"homepage"},"request_uri":"http://127.0.0.1:8000/","method":"GET"} []
[2018-10-16 19:10:19] security.INFO: Populated the TokenStorage with an anonymous Token. [] []
[2018-10-16 19:10:19] request.INFO: Matched route "_wdt". {"route":"_wdt","route_parameters":{"_controller":"web_profiler.controller.profiler:toolbarAction","token":"be2511","_route":"_wdt"},"request_uri":"http://127.0.0.1:8000/_wdt/be2511","method":"GET"} []
[2018-10-17 13:35:46] request.INFO: Matched route "homepage". {"route":"homepage","route_parameters":{"_controller":"AppBundle\\Controller\\DefaultController::indexAction","_route":"homepage"},"request_uri":"http://127.0.0.1:8000/","method":"GET"} []
[2018-10-17 13:35:46] security.INFO: Populated the TokenStorage with an anonymous Token. [] []
[2018-10-17 13:35:47] request.ERROR: Uncaught PHP Exception Symfony\Component\HttpKernel\Exception\NotFoundHttpException: "No route found for "GET /js/app.js" (from "http://127.0.0.1:8000/")" at C:\testcario\vendor\symfony\symfony\src\Symfony\Component\HttpKernel\EventListener\RouterListener.php line 139 {"exception":"[object] (Symfony\\Component\\HttpKernel\\Exception\\NotFoundHttpException(code: 0): No route found for \"GET /js/app.js\" (from \"http://127.0.0.1:8000/\") at C:\\testcario\\vendor\\symfony\\symfony\\src\\Symfony\\Component\\HttpKernel\\EventListener\\RouterListener.php:139, Symfony\\Component\\Routing\\Exception\\ResourceNotFoundException(code: 0):  at C:\\testcario\\var\\cache\\dev\\appDevDebugProjectContainerUrlMatcher.php:129)"} []
[2018-10-17 13:35:48] request.ERROR: Uncaught PHP Exception Symfony\Component\HttpKernel\Exception\NotFoundHttpException: "No route found for "GET /js/app.js" (from "http://127.0.0.1:8000/")" at C:\testcario\vendor\symfony\symfony\src\Symfony\Component\HttpKernel\EventListener\RouterListener.php line 139 {"exception":"[object] (Symfony\\Component\\HttpKernel\\Exception\\NotFoundHttpException(code: 0): No route found for \"GET /js/app.js\" (from \"http://127.0.0.1:8000/\") at C:\\testcario\\vendor\\symfony\\symfony\\src\\Symfony\\Component\\HttpKernel\\EventListener\\RouterListener.php:139, Symfony\\Component\\Routing\\Exception\\ResourceNotFoundException(code: 0):  at C:\\testcario\\var\\cache\\dev\\appDevDebugProjectContainerUrlMatcher.php:129)"} []
[2018-10-17 13:35:48] request.INFO: Matched route "_wdt". {"route":"_wdt","route_parameters":{"_controller":"web_profiler.controller.profiler:toolbarAction","token":"8f1b6c","_route":"_wdt"},"request_uri":"http://127.0.0.1:8000/_wdt/8f1b6c","method":"GET"} []
[2018-10-17 13:35:55] request.ERROR: Uncaught PHP Exception Symfony\Component\HttpKernel\Exception\NotFoundHttpException: "No route found for "GET /index.html" (from "http://127.0.0.1:8000/")" at C:\testcario\vendor\symfony\symfony\src\Symfony\Component\HttpKernel\EventListener\RouterListener.php line 139 {"exception":"[object] (Symfony\\Component\\HttpKernel\\Exception\\NotFoundHttpException(code: 0): No route found for \"GET /index.html\" (from \"http://127.0.0.1:8000/\") at C:\\testcario\\vendor\\symfony\\symfony\\src\\Symfony\\Component\\HttpKernel\\EventListener\\RouterListener.php:139, Symfony\\Component\\Routing\\Exception\\ResourceNotFoundException(code: 0):  at C:\\testcario\\var\\cache\\dev\\appDevDebugProjectContainerUrlMatcher.php:129)"} []
[2018-10-17 13:35:56] request.INFO: Matched route "_wdt". {"route":"_wdt","route_parameters":{"_controller":"web_profiler.controller.profiler:toolbarAction","token":"53e5f1","_route":"_wdt"},"request_uri":"http://127.0.0.1:8000/_wdt/53e5f1","method":"GET"} []
[2018-10-17 13:36:44] request.INFO: Matched route "homepage". {"route":"homepage","route_parameters":{"_controller":"AppBundle\\Controller\\DefaultController::indexAction","_route":"homepage"},"request_uri":"http://127.0.0.1:8000/","method":"GET"} []
[2018-10-17 13:36:44] security.INFO: Populated the TokenStorage with an anonymous Token. [] []
[2018-10-17 13:36:44] request.ERROR: Uncaught PHP Exception Symfony\Component\HttpKernel\Exception\NotFoundHttpException: "No route found for "GET /js/app.js" (from "http://127.0.0.1:8000/")" at C:\testcario\vendor\symfony\symfony\src\Symfony\Component\HttpKernel\EventListener\RouterListener.php line 139 {"exception":"[object] (Symfony\\Component\\HttpKernel\\Exception\\NotFoundHttpException(code: 0): No route found for \"GET /js/app.js\" (from \"http://127.0.0.1:8000/\") at C:\\testcario\\vendor\\symfony\\symfony\\src\\Symfony\\Component\\HttpKernel\\EventListener\\RouterListener.php:139, Symfony\\Component\\Routing\\Exception\\ResourceNotFoundException(code: 0):  at C:\\testcario\\var\\cache\\dev\\appDevDebugProjectContainerUrlMatcher.php:129)"} []
[2018-10-17 13:36:44] request.INFO: Matched route "_wdt". {"route":"_wdt","route_parameters":{"_controller":"web_profiler.controller.profiler:toolbarAction","token":"29ffc0","_route":"_wdt"},"request_uri":"http://127.0.0.1:8000/_wdt/29ffc0","method":"GET"} []
[2018-10-17 13:36:47] request.INFO: Matched route "_profiler". {"route":"_profiler","route_parameters":{"_controller":"web_profiler.controller.profiler:panelAction","token":"29ffc0","_route":"_profiler"},"request_uri":"http://127.0.0.1:8000/_profiler/29ffc0?panel=logger","method":"GET"} []
[2018-10-17 13:36:47] request.INFO: Matched route "_profiler_search_bar". {"route":"_profiler_search_bar","route_parameters":{"_controller":"web_profiler.controller.profiler:searchBarAction","_route":"_profiler_search_bar"},"request_uri":"http://127.0.0.1:8000/_profiler/search_bar?panel=logger","method":"GET"} []
[2018-10-17 13:37:06] request.INFO: Matched route "homepage". {"route":"homepage","route_parameters":{"_controller":"AppBundle\\Controller\\DefaultController::indexAction","_route":"homepage"},"request_uri":"http://127.0.0.1:8000/","method":"GET"} []
[2018-10-17 13:37:06] security.INFO: Populated the TokenStorage with an anonymous Token. [] []
[2018-10-17 13:37:07] request.ERROR: Uncaught PHP Exception Symfony\Component\HttpKernel\Exception\NotFoundHttpException: "No route found for "GET /js/app.js" (from "http://127.0.0.1:8000/")" at C:\testcario\vendor\symfony\symfony\src\Symfony\Component\HttpKernel\EventListener\RouterListener.php line 139 {"exception":"[object] (Symfony\\Component\\HttpKernel\\Exception\\NotFoundHttpException(code: 0): No route found for \"GET /js/app.js\" (from \"http://127.0.0.1:8000/\") at C:\\testcario\\vendor\\symfony\\symfony\\src\\Symfony\\Component\\HttpKernel\\EventListener\\RouterListener.php:139, Symfony\\Component\\Routing\\Exception\\ResourceNotFoundException(code: 0):  at C:\\testcario\\var\\cache\\dev\\appDevDebugProjectContainerUrlMatcher.php:129)"} []
[2018-10-17 13:37:07] request.ERROR: Uncaught PHP Exception Symfony\Component\HttpKernel\Exception\NotFoundHttpException: "No route found for "GET /js/app.js" (from "http://127.0.0.1:8000/")" at C:\testcario\vendor\symfony\symfony\src\Symfony\Component\HttpKernel\EventListener\RouterListener.php line 139 {"exception":"[object] (Symfony\\Component\\HttpKernel\\Exception\\NotFoundHttpException(code: 0): No route found for \"GET /js/app.js\" (from \"http://127.0.0.1:8000/\") at C:\\testcario\\vendor\\symfony\\symfony\\src\\Symfony\\Component\\HttpKernel\\EventListener\\RouterListener.php:139, Symfony\\Component\\Routing\\Exception\\ResourceNotFoundException(code: 0):  at C:\\testcario\\var\\cache\\dev\\appDevDebugProjectContainerUrlMatcher.php:129)"} []
[2018-10-17 13:37:07] request.INFO: Matched route "_wdt". {"route":"_wdt","route_parameters":{"_controller":"web_profiler.controller.profiler:toolbarAction","token":"1428d3","_route":"_wdt"},"request_uri":"http://127.0.0.1:8000/_wdt/1428d3","method":"GET"} []
[2018-10-17 13:37:48] request.INFO: Matched route "homepage". {"route":"homepage","route_parameters":{"_controller":"AppBundle\\Controller\\DefaultController::indexAction","_route":"homepage"},"request_uri":"http://127.0.0.1:8000/","method":"GET"} []
[2018-10-17 13:37:48] security.INFO: Populated the TokenStorage with an anonymous Token. [] []
[2018-10-17 13:37:48] request.ERROR: Uncaught PHP Exception Symfony\Component\HttpKernel\Exception\NotFoundHttpException: "No route found for "GET /js/app.js" (from "http://127.0.0.1:8000/")" at C:\testcario\vendor\symfony\symfony\src\Symfony\Component\HttpKernel\EventListener\RouterListener.php line 139 {"exception":"[object] (Symfony\\Component\\HttpKernel\\Exception\\NotFoundHttpException(code: 0): No route found for \"GET /js/app.js\" (from \"http://127.0.0.1:8000/\") at C:\\testcario\\vendor\\symfony\\symfony\\src\\Symfony\\Component\\HttpKernel\\EventListener\\RouterListener.php:139, Symfony\\Component\\Routing\\Exception\\ResourceNotFoundException(code: 0):  at C:\\testcario\\var\\cache\\dev\\appDevDebugProjectContainerUrlMatcher.php:129)"} []
[2018-10-17 13:37:49] request.INFO: Matched route "_wdt". {"route":"_wdt","route_parameters":{"_controller":"web_profiler.controller.profiler:toolbarAction","token":"08bf59","_route":"_wdt"},"request_uri":"http://127.0.0.1:8000/_wdt/08bf59","method":"GET"} []
[2018-10-17 13:38:10] request.INFO: Matched route "homepage". {"route":"homepage","route_parameters":{"_controller":"AppBundle\\Controller\\DefaultController::indexAction","_route":"homepage"},"request_uri":"http://127.0.0.1:8000/","method":"GET"} []
[2018-10-17 13:38:10] security.INFO: Populated the TokenStorage with an anonymous Token. [] []
[2018-10-17 13:38:10] request.ERROR: Uncaught PHP Exception Symfony\Component\HttpKernel\Exception\NotFoundHttpException: "No route found for "GET /js/app.js" (from "http://127.0.0.1:8000/")" at C:\testcario\vendor\symfony\symfony\src\Symfony\Component\HttpKernel\EventListener\RouterListener.php line 139 {"exception":"[object] (Symfony\\Component\\HttpKernel\\Exception\\NotFoundHttpException(code: 0): No route found for \"GET /js/app.js\" (from \"http://127.0.0.1:8000/\") at C:\\testcario\\vendor\\symfony\\symfony\\src\\Symfony\\Component\\HttpKernel\\EventListener\\RouterListener.php:139, Symfony\\Component\\Routing\\Exception\\ResourceNotFoundException(code: 0):  at C:\\testcario\\var\\cache\\dev\\appDevDebugProjectContainerUrlMatcher.php:129)"} []
[2018-10-17 13:38:11] request.ERROR: Uncaught PHP Exception Symfony\Component\HttpKernel\Exception\NotFoundHttpException: "No route found for "GET /js/app.js" (from "http://127.0.0.1:8000/")" at C:\testcario\vendor\symfony\symfony\src\Symfony\Component\HttpKernel\EventListener\RouterListener.php line 139 {"exception":"[object] (Symfony\\Component\\HttpKernel\\Exception\\NotFoundHttpException(code: 0): No route found for \"GET /js/app.js\" (from \"http://127.0.0.1:8000/\") at C:\\testcario\\vendor\\symfony\\symfony\\src\\Symfony\\Component\\HttpKernel\\EventListener\\RouterListener.php:139, Symfony\\Component\\Routing\\Exception\\ResourceNotFoundException(code: 0):  at C:\\testcario\\var\\cache\\dev\\appDevDebugProjectContainerUrlMatcher.php:129)"} []
[2018-10-17 13:38:12] request.INFO: Matched route "_wdt". {"route":"_wdt","route_parameters":{"_controller":"web_profiler.controller.profiler:toolbarAction","token":"503c1d","_route":"_wdt"},"request_uri":"http://127.0.0.1:8000/_wdt/503c1d","method":"GET"} []
[2018-10-17 14:04:11] php.INFO: User Deprecated: Auto-registration of the command "Symfony\Bundle\SwiftmailerBundle\Command\DebugCommand" is deprecated since Symfony 3.4 and won't be supported in 4.0. Use PSR-4 based service discovery instead. {"exception":"[object] (ErrorException(code: 0): User Deprecated: Auto-registration of the command \"Symfony\\Bundle\\SwiftmailerBundle\\Command\\DebugCommand\" is deprecated since Symfony 3.4 and won't be supported in 4.0. Use PSR-4 based service discovery instead. at C:\\testcario\\vendor\\symfony\\symfony\\src\\Symfony\\Component\\HttpKernel\\Bundle\\Bundle.php:177)"} []
[2018-10-17 14:04:11] php.INFO: User Deprecated: Auto-registration of the command "Symfony\Bundle\SwiftmailerBundle\Command\NewEmailCommand" is deprecated since Symfony 3.4 and won't be supported in 4.0. Use PSR-4 based service discovery instead. {"exception":"[object] (ErrorException(code: 0): User Deprecated: Auto-registration of the command \"Symfony\\Bundle\\SwiftmailerBundle\\Command\\NewEmailCommand\" is deprecated since Symfony 3.4 and won't be supported in 4.0. Use PSR-4 based service discovery instead. at C:\\testcario\\vendor\\symfony\\symfony\\src\\Symfony\\Component\\HttpKernel\\Bundle\\Bundle.php:177)"} []
[2018-10-17 14:04:11] php.INFO: User Deprecated: Auto-registration of the command "Symfony\Bundle\SwiftmailerBundle\Command\SendEmailCommand" is deprecated since Symfony 3.4 and won't be supported in 4.0. Use PSR-4 based service discovery instead. {"exception":"[object] (ErrorException(code: 0): User Deprecated: Auto-registration of the command \"Symfony\\Bundle\\SwiftmailerBundle\\Command\\SendEmailCommand\" is deprecated since Symfony 3.4 and won't be supported in 4.0. Use PSR-4 based service discovery instead. at C:\\testcario\\vendor\\symfony\\symfony\\src\\Symfony\\Component\\HttpKernel\\Bundle\\Bundle.php:177)"} []
[2018-10-17 14:04:11] php.INFO: User Deprecated: Auto-registration of the command "Sensio\Bundle\GeneratorBundle\Command\GenerateBundleCommand" is deprecated since Symfony 3.4 and won't be supported in 4.0. Use PSR-4 based service discovery instead. {"exception":"[object] (ErrorException(code: 0): User Deprecated: Auto-registration of the command \"Sensio\\Bundle\\GeneratorBundle\\Command\\GenerateBundleCommand\" is deprecated since Symfony 3.4 and won't be supported in 4.0. Use PSR-4 based service discovery instead. at C:\\testcario\\vendor\\symfony\\symfony\\src\\Symfony\\Component\\HttpKernel\\Bundle\\Bundle.php:177)"} []
[2018-10-17 14:04:11] php.INFO: User Deprecated: Auto-registration of the command "Sensio\Bundle\GeneratorBundle\Command\GenerateCommandCommand" is deprecated since Symfony 3.4 and won't be supported in 4.0. Use PSR-4 based service discovery instead. {"exception":"[object] (ErrorException(code: 0): User Deprecated: Auto-registration of the command \"Sensio\\Bundle\\GeneratorBundle\\Command\\GenerateCommandCommand\" is deprecated since Symfony 3.4 and won't be supported in 4.0. Use PSR-4 based service discovery instead. at C:\\testcario\\vendor\\symfony\\symfony\\src\\Symfony\\Component\\HttpKernel\\Bundle\\Bundle.php:177)"} []
[2018-10-17 14:04:11] php.INFO: User Deprecated: Auto-registration of the command "Sensio\Bundle\GeneratorBundle\Command\GenerateControllerCommand" is deprecated since Symfony 3.4 and won't be supported in 4.0. Use PSR-4 based service discovery instead. {"exception":"[object] (ErrorException(code: 0): User Deprecated: Auto-registration of the command \"Sensio\\Bundle\\GeneratorBundle\\Command\\GenerateControllerCommand\" is deprecated since Symfony 3.4 and won't be supported in 4.0. Use PSR-4 based service discovery instead. at C:\\testcario\\vendor\\symfony\\symfony\\src\\Symfony\\Component\\HttpKernel\\Bundle\\Bundle.php:177)"} []
[2018-10-17 14:04:11] php.INFO: User Deprecated: Auto-registration of the command "Sensio\Bundle\GeneratorBundle\Command\GenerateDoctrineCrudCommand" is deprecated since Symfony 3.4 and won't be supported in 4.0. Use PSR-4 based service discovery instead. {"exception":"[object] (ErrorException(code: 0): User Deprecated: Auto-registration of the command \"Sensio\\Bundle\\GeneratorBundle\\Command\\GenerateDoctrineCrudCommand\" is deprecated since Symfony 3.4 and won't be supported in 4.0. Use PSR-4 based service discovery instead. at C:\\testcario\\vendor\\symfony\\symfony\\src\\Symfony\\Component\\HttpKernel\\Bundle\\Bundle.php:177)"} []
[2018-10-17 14:04:11] php.INFO: User Deprecated: Auto-registration of the command "Sensio\Bundle\GeneratorBundle\Command\GenerateDoctrineEntityCommand" is deprecated since Symfony 3.4 and won't be supported in 4.0. Use PSR-4 based service discovery instead. {"exception":"[object] (ErrorException(code: 0): User Deprecated: Auto-registration of the command \"Sensio\\Bundle\\GeneratorBundle\\Command\\GenerateDoctrineEntityCommand\" is deprecated since Symfony 3.4 and won't be supported in 4.0. Use PSR-4 based service discovery instead. at C:\\testcario\\vendor\\symfony\\symfony\\src\\Symfony\\Component\\HttpKernel\\Bundle\\Bundle.php:177)"} []
[2018-10-17 14:04:11] php.INFO: User Deprecated: Auto-registration of the command "Sensio\Bundle\GeneratorBundle\Command\GenerateDoctrineFormCommand" is deprecated since Symfony 3.4 and won't be supported in 4.0. Use PSR-4 based service discovery instead. {"exception":"[object] (ErrorException(code: 0): User Deprecated: Auto-registration of the command \"Sensio\\Bundle\\GeneratorBundle\\Command\\GenerateDoctrineFormCommand\" is deprecated since Symfony 3.4 and won't be supported in 4.0. Use PSR-4 based service discovery instead. at C:\\testcario\\vendor\\symfony\\symfony\\src\\Symfony\\Component\\HttpKernel\\Bundle\\Bundle.php:177)"} []
[2018-10-17 14:04:15] php.INFO: User Deprecated: Auto-registration of the command "Symfony\Bundle\SwiftmailerBundle\Command\DebugCommand" is deprecated since Symfony 3.4 and won't be supported in 4.0. Use PSR-4 based service discovery instead. {"exception":"[object] (ErrorException(code: 0): User Deprecated: Auto-registration of the command \"Symfony\\Bundle\\SwiftmailerBundle\\Command\\DebugCommand\" is deprecated since Symfony 3.4 and won't be supported in 4.0. Use PSR-4 based service discovery instead. at C:\\testcario\\vendor\\symfony\\symfony\\src\\Symfony\\Component\\HttpKernel\\Bundle\\Bundle.php:177)"} []
[2018-10-17 14:04:15] php.INFO: User Deprecated: Auto-registration of the command "Symfony\Bundle\SwiftmailerBundle\Command\NewEmailCommand" is deprecated since Symfony 3.4 and won't be supported in 4.0. Use PSR-4 based service discovery instead. {"exception":"[object] (ErrorException(code: 0): User Deprecated: Auto-registration of the command \"Symfony\\Bundle\\SwiftmailerBundle\\Command\\NewEmailCommand\" is deprecated since Symfony 3.4 and won't be supported in 4.0. Use PSR-4 based service discovery instead. at C:\\testcario\\vendor\\symfony\\symfony\\src\\Symfony\\Component\\HttpKernel\\Bundle\\Bundle.php:177)"} []
[2018-10-17 14:04:15] php.INFO: User Deprecated: Auto-registration of the command "Symfony\Bundle\SwiftmailerBundle\Command\SendEmailCommand" is deprecated since Symfony 3.4 and won't be supported in 4.0. Use PSR-4 based service discovery instead. {"exception":"[object] (ErrorException(code: 0): User Deprecated: Auto-registration of the command \"Symfony\\Bundle\\SwiftmailerBundle\\Command\\SendEmailCommand\" is deprecated since Symfony 3.4 and won't be supported in 4.0. Use PSR-4 based service discovery instead. at C:\\testcario\\vendor\\symfony\\symfony\\src\\Symfony\\Component\\HttpKernel\\Bundle\\Bundle.php:177)"} []
[2018-10-17 14:04:15] php.INFO: User Deprecated: Auto-registration of the command "Sensio\Bundle\GeneratorBundle\Command\GenerateBundleCommand" is deprecated since Symfony 3.4 and won't be supported in 4.0. Use PSR-4 based service discovery instead. {"exception":"[object] (ErrorException(code: 0): User Deprecated: Auto-registration of the command \"Sensio\\Bundle\\GeneratorBundle\\Command\\GenerateBundleCommand\" is deprecated since Symfony 3.4 and won't be supported in 4.0. Use PSR-4 based service discovery instead. at C:\\testcario\\vendor\\symfony\\symfony\\src\\Symfony\\Component\\HttpKernel\\Bundle\\Bundle.php:177)"} []
[2018-10-17 14:04:15] php.INFO: User Deprecated: Auto-registration of the command "Sensio\Bundle\GeneratorBundle\Command\GenerateCommandCommand" is deprecated since Symfony 3.4 and won't be supported in 4.0. Use PSR-4 based service discovery instead. {"exception":"[object] (ErrorException(code: 0): User Deprecated: Auto-registration of the command \"Sensio\\Bundle\\GeneratorBundle\\Command\\GenerateCommandCommand\" is deprecated since Symfony 3.4 and won't be supported in 4.0. Use PSR-4 based service discovery instead. at C:\\testcario\\vendor\\symfony\\symfony\\src\\Symfony\\Component\\HttpKernel\\Bundle\\Bundle.php:177)"} []
[2018-10-17 14:04:15] php.INFO: User Deprecated: Auto-registration of the command "Sensio\Bundle\GeneratorBundle\Command\GenerateControllerCommand" is deprecated since Symfony 3.4 and won't be supported in 4.0. Use PSR-4 based service discovery instead. {"exception":"[object] (ErrorException(code: 0): User Deprecated: Auto-registration of the command \"Sensio\\Bundle\\GeneratorBundle\\Command\\GenerateControllerCommand\" is deprecated since Symfony 3.4 and won't be supported in 4.0. Use PSR-4 based service discovery instead. at C:\\testcario\\vendor\\symfony\\symfony\\src\\Symfony\\Component\\HttpKernel\\Bundle\\Bundle.php:177)"} []
[2018-10-17 14:04:15] php.INFO: User Deprecated: Auto-registration of the command "Sensio\Bundle\GeneratorBundle\Command\GenerateDoctrineCrudCommand" is deprecated since Symfony 3.4 and won't be supported in 4.0. Use PSR-4 based service discovery instead. {"exception":"[object] (ErrorException(code: 0): User Deprecated: Auto-registration of the command \"Sensio\\Bundle\\GeneratorBundle\\Command\\GenerateDoctrineCrudCommand\" is deprecated since Symfony 3.4 and won't be supported in 4.0. Use PSR-4 based service discovery instead. at C:\\testcario\\vendor\\symfony\\symfony\\src\\Symfony\\Component\\HttpKernel\\Bundle\\Bundle.php:177)"} []
[2018-10-17 14:04:15] php.INFO: User Deprecated: Auto-registration of the command "Sensio\Bundle\GeneratorBundle\Command\GenerateDoctrineEntityCommand" is deprecated since Symfony 3.4 and won't be supported in 4.0. Use PSR-4 based service discovery instead. {"exception":"[object] (ErrorException(code: 0): User Deprecated: Auto-registration of the command \"Sensio\\Bundle\\GeneratorBundle\\Command\\GenerateDoctrineEntityCommand\" is deprecated since Symfony 3.4 and won't be supported in 4.0. Use PSR-4 based service discovery instead. at C:\\testcario\\vendor\\symfony\\symfony\\src\\Symfony\\Component\\HttpKernel\\Bundle\\Bundle.php:177)"} []
[2018-10-17 14:04:15] php.INFO: User Deprecated: Auto-registration of the command "Sensio\Bundle\GeneratorBundle\Command\GenerateDoctrineFormCommand" is deprecated since Symfony 3.4 and won't be supported in 4.0. Use PSR-4 based service discovery instead. {"exception":"[object] (ErrorException(code: 0): User Deprecated: Auto-registration of the command \"Sensio\\Bundle\\GeneratorBundle\\Command\\GenerateDoctrineFormCommand\" is deprecated since Symfony 3.4 and won't be supported in 4.0. Use PSR-4 based service discovery instead. at C:\\testcario\\vendor\\symfony\\symfony\\src\\Symfony\\Component\\HttpKernel\\Bundle\\Bundle.php:177)"} []
[2018-10-17 14:08:44] php.INFO: User Deprecated: Auto-registration of the command "Symfony\Bundle\SwiftmailerBundle\Command\DebugCommand" is deprecated since Symfony 3.4 and won't be supported in 4.0. Use PSR-4 based service discovery instead. {"exception":"[object] (ErrorException(code: 0): User Deprecated: Auto-registration of the command \"Symfony\\Bundle\\SwiftmailerBundle\\Command\\DebugCommand\" is deprecated since Symfony 3.4 and won't be supported in 4.0. Use PSR-4 based service discovery instead. at C:\\testcario\\vendor\\symfony\\symfony\\src\\Symfony\\Component\\HttpKernel\\Bundle\\Bundle.php:177)"} []
[2018-10-17 14:08:44] php.INFO: User Deprecated: Auto-registration of the command "Symfony\Bundle\SwiftmailerBundle\Command\NewEmailCommand" is deprecated since Symfony 3.4 and won't be supported in 4.0. Use PSR-4 based service discovery instead. {"exception":"[object] (ErrorException(code: 0): User Deprecated: Auto-registration of the command \"Symfony\\Bundle\\SwiftmailerBundle\\Command\\NewEmailCommand\" is deprecated since Symfony 3.4 and won't be supported in 4.0. Use PSR-4 based service discovery instead. at C:\\testcario\\vendor\\symfony\\symfony\\src\\Symfony\\Component\\HttpKernel\\Bundle\\Bundle.php:177)"} []
[2018-10-17 14:08:44] php.INFO: User Deprecated: Auto-registration of the command "Symfony\Bundle\SwiftmailerBundle\Command\SendEmailCommand" is deprecated since Symfony 3.4 and won't be supported in 4.0. Use PSR-4 based service discovery instead. {"exception":"[object] (ErrorException(code: 0): User Deprecated: Auto-registration of the command \"Symfony\\Bundle\\SwiftmailerBundle\\Command\\SendEmailCommand\" is deprecated since Symfony 3.4 and won't be supported in 4.0. Use PSR-4 based service discovery instead. at C:\\testcario\\vendor\\symfony\\symfony\\src\\Symfony\\Component\\HttpKernel\\Bundle\\Bundle.php:177)"} []
[2018-10-17 14:08:44] php.INFO: User Deprecated: Auto-registration of the command "Sensio\Bundle\GeneratorBundle\Command\GenerateBundleCommand" is deprecated since Symfony 3.4 and won't be supported in 4.0. Use PSR-4 based service discovery instead. {"exception":"[object] (ErrorException(code: 0): User Deprecated: Auto-registration of the command \"Sensio\\Bundle\\GeneratorBundle\\Command\\GenerateBundleCommand\" is deprecated since Symfony 3.4 and won't be supported in 4.0. Use PSR-4 based service discovery instead. at C:\\testcario\\vendor\\symfony\\symfony\\src\\Symfony\\Component\\HttpKernel\\Bundle\\Bundle.php:177)"} []
[2018-10-17 14:08:44] php.INFO: User Deprecated: Auto-registration of the command "Sensio\Bundle\GeneratorBundle\Command\GenerateCommandCommand" is deprecated since Symfony 3.4 and won't be supported in 4.0. Use PSR-4 based service discovery instead. {"exception":"[object] (ErrorException(code: 0): User Deprecated: Auto-registration of the command \"Sensio\\Bundle\\GeneratorBundle\\Command\\GenerateCommandCommand\" is deprecated since Symfony 3.4 and won't be supported in 4.0. Use PSR-4 based service discovery instead. at C:\\testcario\\vendor\\symfony\\symfony\\src\\Symfony\\Component\\HttpKernel\\Bundle\\Bundle.php:177)"} []
[2018-10-17 14:08:44] php.INFO: User Deprecated: Auto-registration of the command "Sensio\Bundle\GeneratorBundle\Command\GenerateControllerCommand" is deprecated since Symfony 3.4 and won't be supported in 4.0. Use PSR-4 based service discovery instead. {"exception":"[object] (ErrorException(code: 0): User Deprecated: Auto-registration of the command \"Sensio\\Bundle\\GeneratorBundle\\Command\\GenerateControllerCommand\" is deprecated since Symfony 3.4 and won't be supported in 4.0. Use PSR-4 based service discovery instead. at C:\\testcario\\vendor\\symfony\\symfony\\src\\Symfony\\Component\\HttpKernel\\Bundle\\Bundle.php:177)"} []
[2018-10-17 14:08:44] php.INFO: User Deprecated: Auto-registration of the command "Sensio\Bundle\GeneratorBundle\Command\GenerateDoctrineCrudCommand" is deprecated since Symfony 3.4 and won't be supported in 4.0. Use PSR-4 based service discovery instead. {"exception":"[object] (ErrorException(code: 0): User Deprecated: Auto-registration of the command \"Sensio\\Bundle\\GeneratorBundle\\Command\\GenerateDoctrineCrudCommand\" is deprecated since Symfony 3.4 and won't be supported in 4.0. Use PSR-4 based service discovery instead. at C:\\testcario\\vendor\\symfony\\symfony\\src\\Symfony\\Component\\HttpKernel\\Bundle\\Bundle.php:177)"} []
[2018-10-17 14:08:44] php.INFO: User Deprecated: Auto-registration of the command "Sensio\Bundle\GeneratorBundle\Command\GenerateDoctrineEntityCommand" is deprecated since Symfony 3.4 and won't be supported in 4.0. Use PSR-4 based service discovery instead. {"exception":"[object] (ErrorException(code: 0): User Deprecated: Auto-registration of the command \"Sensio\\Bundle\\GeneratorBundle\\Command\\GenerateDoctrineEntityCommand\" is deprecated since Symfony 3.4 and won't be supported in 4.0. Use PSR-4 based service discovery instead. at C:\\testcario\\vendor\\symfony\\symfony\\src\\Symfony\\Component\\HttpKernel\\Bundle\\Bundle.php:177)"} []
[2018-10-17 14:08:44] php.INFO: User Deprecated: Auto-registration of the command "Sensio\Bundle\GeneratorBundle\Command\GenerateDoctrineFormCommand" is deprecated since Symfony 3.4 and won't be supported in 4.0. Use PSR-4 based service discovery instead. {"exception":"[object] (ErrorException(code: 0): User Deprecated: Auto-registration of the command \"Sensio\\Bundle\\GeneratorBundle\\Command\\GenerateDoctrineFormCommand\" is deprecated since Symfony 3.4 and won't be supported in 4.0. Use PSR-4 based service discovery instead. at C:\\testcario\\vendor\\symfony\\symfony\\src\\Symfony\\Component\\HttpKernel\\Bundle\\Bundle.php:177)"} []
[2018-10-17 14:08:47] php.INFO: User Deprecated: Auto-registration of the command "Symfony\Bundle\SwiftmailerBundle\Command\DebugCommand" is deprecated since Symfony 3.4 and won't be supported in 4.0. Use PSR-4 based service discovery instead. {"exception":"[object] (ErrorException(code: 0): User Deprecated: Auto-registration of the command \"Symfony\\Bundle\\SwiftmailerBundle\\Command\\DebugCommand\" is deprecated since Symfony 3.4 and won't be supported in 4.0. Use PSR-4 based service discovery instead. at C:\\testcario\\vendor\\symfony\\symfony\\src\\Symfony\\Component\\HttpKernel\\Bundle\\Bundle.php:177)"} []
[2018-10-17 14:08:47] php.INFO: User Deprecated: Auto-registration of the command "Symfony\Bundle\SwiftmailerBundle\Command\NewEmailCommand" is deprecated since Symfony 3.4 and won't be supported in 4.0. Use PSR-4 based service discovery instead. {"exception":"[object] (ErrorException(code: 0): User Deprecated: Auto-registration of the command \"Symfony\\Bundle\\SwiftmailerBundle\\Command\\NewEmailCommand\" is deprecated since Symfony 3.4 and won't be supported in 4.0. Use PSR-4 based service discovery instead. at C:\\testcario\\vendor\\symfony\\symfony\\src\\Symfony\\Component\\HttpKernel\\Bundle\\Bundle.php:177)"} []
[2018-10-17 14:08:47] php.INFO: User Deprecated: Auto-registration of the command "Symfony\Bundle\SwiftmailerBundle\Command\SendEmailCommand" is deprecated since Symfony 3.4 and won't be supported in 4.0. Use PSR-4 based service discovery instead. {"exception":"[object] (ErrorException(code: 0): User Deprecated: Auto-registration of the command \"Symfony\\Bundle\\SwiftmailerBundle\\Command\\SendEmailCommand\" is deprecated since Symfony 3.4 and won't be supported in 4.0. Use PSR-4 based service discovery instead. at C:\\testcario\\vendor\\symfony\\symfony\\src\\Symfony\\Component\\HttpKernel\\Bundle\\Bundle.php:177)"} []
[2018-10-17 14:08:47] php.INFO: User Deprecated: Auto-registration of the command "Sensio\Bundle\GeneratorBundle\Command\GenerateBundleCommand" is deprecated since Symfony 3.4 and won't be supported in 4.0. Use PSR-4 based service discovery instead. {"exception":"[object] (ErrorException(code: 0): User Deprecated: Auto-registration of the command \"Sensio\\Bundle\\GeneratorBundle\\Command\\GenerateBundleCommand\" is deprecated since Symfony 3.4 and won't be supported in 4.0. Use PSR-4 based service discovery instead. at C:\\testcario\\vendor\\symfony\\symfony\\src\\Symfony\\Component\\HttpKernel\\Bundle\\Bundle.php:177)"} []
[2018-10-17 14:08:47] php.INFO: User Deprecated: Auto-registration of the command "Sensio\Bundle\GeneratorBundle\Command\GenerateCommandCommand" is deprecated since Symfony 3.4 and won't be supported in 4.0. Use PSR-4 based service discovery instead. {"exception":"[object] (ErrorException(code: 0): User Deprecated: Auto-registration of the command \"Sensio\\Bundle\\GeneratorBundle\\Command\\GenerateCommandCommand\" is deprecated since Symfony 3.4 and won't be supported in 4.0. Use PSR-4 based service discovery instead. at C:\\testcario\\vendor\\symfony\\symfony\\src\\Symfony\\Component\\HttpKernel\\Bundle\\Bundle.php:177)"} []
[2018-10-17 14:08:47] php.INFO: User Deprecated: Auto-registration of the command "Sensio\Bundle\GeneratorBundle\Command\GenerateControllerCommand" is deprecated since Symfony 3.4 and won't be supported in 4.0. Use PSR-4 based service discovery instead. {"exception":"[object] (ErrorException(code: 0): User Deprecated: Auto-registration of the command \"Sensio\\Bundle\\GeneratorBundle\\Command\\GenerateControllerCommand\" is deprecated since Symfony 3.4 and won't be supported in 4.0. Use PSR-4 based service discovery instead. at C:\\testcario\\vendor\\symfony\\symfony\\src\\Symfony\\Component\\HttpKernel\\Bundle\\Bundle.php:177)"} []
[2018-10-17 14:08:47] php.INFO: User Deprecated: Auto-registration of the command "Sensio\Bundle\GeneratorBundle\Command\GenerateDoctrineCrudCommand" is deprecated since Symfony 3.4 and won't be supported in 4.0. Use PSR-4 based service discovery instead. {"exception":"[object] (ErrorException(code: 0): User Deprecated: Auto-registration of the command \"Sensio\\Bundle\\GeneratorBundle\\Command\\GenerateDoctrineCrudCommand\" is deprecated since Symfony 3.4 and won't be supported in 4.0. Use PSR-4 based service discovery instead. at C:\\testcario\\vendor\\symfony\\symfony\\src\\Symfony\\Component\\HttpKernel\\Bundle\\Bundle.php:177)"} []
[2018-10-17 14:08:47] php.INFO: User Deprecated: Auto-registration of the command "Sensio\Bundle\GeneratorBundle\Command\GenerateDoctrineEntityCommand" is deprecated since Symfony 3.4 and won't be supported in 4.0. Use PSR-4 based service discovery instead. {"exception":"[object] (ErrorException(code: 0): User Deprecated: Auto-registration of the command \"Sensio\\Bundle\\GeneratorBundle\\Command\\GenerateDoctrineEntityCommand\" is deprecated since Symfony 3.4 and won't be supported in 4.0. Use PSR-4 based service discovery instead. at C:\\testcario\\vendor\\symfony\\symfony\\src\\Symfony\\Component\\HttpKernel\\Bundle\\Bundle.php:177)"} []
[2018-10-17 14:08:47] php.INFO: User Deprecated: Auto-registration of the command "Sensio\Bundle\GeneratorBundle\Command\GenerateDoctrineFormCommand" is deprecated since Symfony 3.4 and won't be supported in 4.0. Use PSR-4 based service discovery instead. {"exception":"[object] (ErrorException(code: 0): User Deprecated: Auto-registration of the command \"Sensio\\Bundle\\GeneratorBundle\\Command\\GenerateDoctrineFormCommand\" is deprecated since Symfony 3.4 and won't be supported in 4.0. Use PSR-4 based service discovery instead. at C:\\testcario\\vendor\\symfony\\symfony\\src\\Symfony\\Component\\HttpKernel\\Bundle\\Bundle.php:177)"} []
[2018-10-17 14:22:13] request.INFO: Matched route "homepage". {"route":"homepage","route_parameters":{"_controller":"AppBundle\\Controller\\DefaultController::indexAction","_route":"homepage"},"request_uri":"http://127.0.0.1:8000/","method":"GET"} []
[2018-10-17 14:22:13] security.INFO: Populated the TokenStorage with an anonymous Token. [] []
[2018-10-17 14:22:13] request.CRITICAL: Uncaught PHP Exception Twig_Error_Syntax: "Unexpected token "name" of value "Cloud" ("end of print statement" expected)." at C:\testcario\app\Resources\views\base.html.twig line 34 {"exception":"[object] (Twig_Error_Syntax(code: 0): Unexpected token \"name\" of value \"Cloud\" (\"end of print statement\" expected). at C:\\testcario\\app\\Resources\\views\\base.html.twig:34)"} []
[2018-10-17 14:22:13] request.INFO: Matched route "_wdt". {"route":"_wdt","route_parameters":{"_controller":"web_profiler.controller.profiler:toolbarAction","token":"4f7f1a","_route":"_wdt"},"request_uri":"http://127.0.0.1:8000/_wdt/4f7f1a","method":"GET"} []
[2018-10-17 14:23:35] request.INFO: Matched route "homepage". {"route":"homepage","route_parameters":{"_controller":"AppBundle\\Controller\\DefaultController::indexAction","_route":"homepage"},"request_uri":"http://127.0.0.1:8000/","method":"GET"} []
[2018-10-17 14:23:35] security.INFO: Populated the TokenStorage with an anonymous Token. [] []
[2018-10-17 14:23:35] request.CRITICAL: Uncaught PHP Exception Twig_Error_Syntax: "Unexpected token "name" of value "Cloud" ("end of print statement" expected)." at C:\testcario\app\Resources\views\base.html.twig line 34 {"exception":"[object] (Twig_Error_Syntax(code: 0): Unexpected token \"name\" of value \"Cloud\" (\"end of print statement\" expected). at C:\\testcario\\app\\Resources\\views\\base.html.twig:34)"} []
[2018-10-17 14:23:36] request.INFO: Matched route "_wdt". {"route":"_wdt","route_parameters":{"_controller":"web_profiler.controller.profiler:toolbarAction","token":"e593d1","_route":"_wdt"},"request_uri":"http://127.0.0.1:8000/_wdt/e593d1","method":"GET"} []
[2018-10-17 14:37:23] request.INFO: Matched route "homepage". {"route":"homepage","route_parameters":{"_controller":"AppBundle\\Controller\\DefaultController::indexAction","_route":"homepage"},"request_uri":"http://127.0.0.1:8000/","method":"GET"} []
[2018-10-17 14:37:23] security.INFO: Populated the TokenStorage with an anonymous Token. [] []
[2018-10-17 14:37:23] request.CRITICAL: Uncaught PHP Exception Twig_Error_Loader: "Unable to find template "base.html.twig" (looked into: C:\testcario\app/Resources/views, C:\testcario\vendor\symfony\symfony\src\Symfony\Bridge\Twig/Resources/views/Form) in "default/index.html.twig" at line 1." at C:\testcario\vendor\twig\twig\lib\Twig\Loader\Filesystem.php line 232 {"exception":"[object] (Twig_Error_Loader(code: 0): Unable to find template \"base.html.twig\" (looked into: C:\\testcario\\app/Resources/views, C:\\testcario\\vendor\\symfony\\symfony\\src\\Symfony\\Bridge\\Twig/Resources/views/Form) in \"default/index.html.twig\" at line 1. at C:\\testcario\\vendor\\twig\\twig\\lib\\Twig\\Loader\\Filesystem.php:232)"} []
[2018-10-17 14:37:23] request.INFO: Matched route "_wdt". {"route":"_wdt","route_parameters":{"_controller":"web_profiler.controller.profiler:toolbarAction","token":"1cd4d1","_route":"_wdt"},"request_uri":"http://127.0.0.1:8000/_wdt/1cd4d1","method":"GET"} []
[2018-10-17 14:38:46] request.INFO: Matched route "homepage". {"route":"homepage","route_parameters":{"_controller":"AppBundle\\Controller\\DefaultController::indexAction","_route":"homepage"},"request_uri":"http://127.0.0.1:8000/","method":"GET"} []
[2018-10-17 14:38:46] security.INFO: Populated the TokenStorage with an anonymous Token. [] []
[2018-10-17 14:38:46] request.CRITICAL: Uncaught PHP Exception Twig_Error_Syntax: "Unexpected token "name" of value "Cloud" ("end of print statement" expected)." at C:\testcario\app\Resources\views\base.html.twig line 34 {"exception":"[object] (Twig_Error_Syntax(code: 0): Unexpected token \"name\" of value \"Cloud\" (\"end of print statement\" expected). at C:\\testcario\\app\\Resources\\views\\base.html.twig:34)"} []
[2018-10-17 14:38:47] request.INFO: Matched route "_wdt". {"route":"_wdt","route_parameters":{"_controller":"web_profiler.controller.profiler:toolbarAction","token":"b5968a","_route":"_wdt"},"request_uri":"http://127.0.0.1:8000/_wdt/b5968a","method":"GET"} []
[2018-10-17 14:38:59] request.INFO: Matched route "homepage". {"route":"homepage","route_parameters":{"_controller":"AppBundle\\Controller\\DefaultController::indexAction","_route":"homepage"},"request_uri":"http://127.0.0.1:8000/","method":"GET"} []
[2018-10-17 14:38:59] security.INFO: Populated the TokenStorage with an anonymous Token. [] []
[2018-10-17 14:38:59] request.CRITICAL: Uncaught PHP Exception Twig_Error_Syntax: "Unexpected token "name" of value "Cloud" ("end of print statement" expected)." at C:\testcario\app\Resources\views\base.html.twig line 34 {"exception":"[object] (Twig_Error_Syntax(code: 0): Unexpected token \"name\" of value \"Cloud\" (\"end of print statement\" expected). at C:\\testcario\\app\\Resources\\views\\base.html.twig:34)"} []
[2018-10-17 14:38:59] request.INFO: Matched route "_wdt". {"route":"_wdt","route_parameters":{"_controller":"web_profiler.controller.profiler:toolbarAction","token":"f911b3","_route":"_wdt"},"request_uri":"http://127.0.0.1:8000/_wdt/f911b3","method":"GET"} []
[2018-10-17 14:39:20] request.INFO: Matched route "homepage". {"route":"homepage","route_parameters":{"_controller":"AppBundle\\Controller\\DefaultController::indexAction","_route":"homepage"},"request_uri":"http://127.0.0.1:8000/","method":"GET"} []
[2018-10-17 14:39:20] security.INFO: Populated the TokenStorage with an anonymous Token. [] []
[2018-10-17 14:39:20] request.CRITICAL: Uncaught PHP Exception Twig_Error_Syntax: "Unexpected token "name" of value "Cloud" ("end of print statement" expected)." at C:\testcario\app\Resources\views\base.html.twig line 34 {"exception":"[object] (Twig_Error_Syntax(code: 0): Unexpected token \"name\" of value \"Cloud\" (\"end of print statement\" expected). at C:\\testcario\\app\\Resources\\views\\base.html.twig:34)"} []
[2018-10-17 14:39:20] request.INFO: Matched route "_wdt". {"route":"_wdt","route_parameters":{"_controller":"web_profiler.controller.profiler:toolbarAction","token":"8c18f1","_route":"_wdt"},"request_uri":"http://127.0.0.1:8000/_wdt/8c18f1","method":"GET"} []
[2018-10-17 14:41:49] request.INFO: Matched route "homepage". {"route":"homepage","route_parameters":{"_controller":"AppBundle\\Controller\\DefaultController::indexAction","_route":"homepage"},"request_uri":"http://127.0.0.1:8000/","method":"GET"} []
[2018-10-17 14:41:49] security.INFO: Populated the TokenStorage with an anonymous Token. [] []
[2018-10-17 14:41:49] request.CRITICAL: Uncaught PHP Exception Twig_Error_Syntax: "Unexpected token "name" of value "Cloud" ("end of print statement" expected)." at C:\testcario\app\Resources\views\base.html.twig line 34 {"exception":"[object] (Twig_Error_Syntax(code: 0): Unexpected token \"name\" of value \"Cloud\" (\"end of print statement\" expected). at C:\\testcario\\app\\Resources\\views\\base.html.twig:34)"} []
[2018-10-17 14:41:50] request.INFO: Matched route "_wdt". {"route":"_wdt","route_parameters":{"_controller":"web_profiler.controller.profiler:toolbarAction","token":"316202","_route":"_wdt"},"request_uri":"http://127.0.0.1:8000/_wdt/316202","method":"GET"} []
[2018-10-17 14:41:56] request.INFO: Matched route "homepage". {"route":"homepage","route_parameters":{"_controller":"AppBundle\\Controller\\DefaultController::indexAction","_route":"homepage"},"request_uri":"http://127.0.0.1:8000/","method":"GET"} []
[2018-10-17 14:41:56] security.INFO: Populated the TokenStorage with an anonymous Token. [] []
[2018-10-17 14:41:56] request.INFO: Matched route "_wdt". {"route":"_wdt","route_parameters":{"_controller":"web_profiler.controller.profiler:toolbarAction","token":"7d4505","_route":"_wdt"},"request_uri":"http://127.0.0.1:8000/_wdt/7d4505","method":"GET"} []
[2018-10-17 14:41:59] request.INFO: Matched route "homepage". {"route":"homepage","route_parameters":{"_controller":"AppBundle\\Controller\\DefaultController::indexAction","_route":"homepage"},"request_uri":"http://127.0.0.1:8000/","method":"GET"} []
[2018-10-17 14:41:59] security.INFO: Populated the TokenStorage with an anonymous Token. [] []
[2018-10-17 14:41:59] request.INFO: Matched route "_wdt". {"route":"_wdt","route_parameters":{"_controller":"web_profiler.controller.profiler:toolbarAction","token":"37dc29","_route":"_wdt"},"request_uri":"http://127.0.0.1:8000/_wdt/37dc29","method":"GET"} []
[2018-10-17 14:57:30] request.CRITICAL: Uncaught PHP Exception Symfony\Component\Config\Exception\FileLoaderLoadException: "[Semantical Error] The annotation "@Template" in method AppBundle\Controller\DefaultController::youtubeAction() was never imported. Did you maybe forget to add a "use" statement for this annotation? in C:\testcario\src\AppBundle/Controller/ (which is being imported from "C:\testcario/app/config\routing.yml"). Make sure annotations are installed and enabled." at C:\testcario\vendor\symfony\symfony\src\Symfony\Component\Config\Loader\FileLoader.php line 168 {"exception":"[object] (Symfony\\Component\\Config\\Exception\\FileLoaderLoadException(code: 0): [Semantical Error] The annotation \"@Template\" in method AppBundle\\Controller\\DefaultController::youtubeAction() was never imported. Did you maybe forget to add a \"use\" statement for this annotation? in C:\\testcario\\src\\AppBundle/Controller/ (which is being imported from \"C:\\testcario/app/config\\routing.yml\"). Make sure annotations are installed and enabled. at C:\\testcario\\vendor\\symfony\\symfony\\src\\Symfony\\Component\\Config\\Loader\\FileLoader.php:168, Doctrine\\Common\\Annotations\\AnnotationException(code: 0): [Semantical Error] The annotation \"@Template\" in method AppBundle\\Controller\\DefaultController::youtubeAction() was never imported. Did you maybe forget to add a \"use\" statement for this annotation? at C:\\testcario\\vendor\\doctrine\\annotations\\lib\\Doctrine\\Common\\Annotations\\AnnotationException.php:54)"} []
[2018-10-17 14:57:30] request.CRITICAL: Exception thrown when handling an exception (Twig_Error_Runtime: An exception has been thrown during the rendering of a template ("[Semantical Error] The annotation "@Template" in method AppBundle\Controller\DefaultController::youtubeAction() was never imported. Did you maybe forget to add a "use" statement for this annotation? in C:\testcario\src\AppBundle/Controller/ (which is being imported from "C:\testcario/app/config\routing.yml"). Make sure annotations are installed and enabled."). at C:\testcario\vendor\symfony\symfony\src\Symfony\Bundle\TwigBundle\Resources\views\Exception\trace.html.twig line 13) {"exception":"[object] (Twig_Error_Runtime(code: 0): An exception has been thrown during the rendering of a template (\"[Semantical Error] The annotation \"@Template\" in method AppBundle\\Controller\\DefaultController::youtubeAction() was never imported. Did you maybe forget to add a \"use\" statement for this annotation? in C:\\testcario\\src\\AppBundle/Controller/ (which is being imported from \"C:\\testcario/app/config\\routing.yml\"). Make sure annotations are installed and enabled.\"). at C:\\testcario\\vendor\\symfony\\symfony\\src\\Symfony\\Bundle\\TwigBundle\\Resources\\views\\Exception\\trace.html.twig:13, Symfony\\Component\\Config\\Exception\\FileLoaderLoadException(code: 0): [Semantical Error] The annotation \"@Template\" in method AppBundle\\Controller\\DefaultController::youtubeAction() was never imported. Did you maybe forget to add a \"use\" statement for this annotation? in C:\\testcario\\src\\AppBundle/Controller/ (which is being imported from \"C:\\testcario/app/config\\routing.yml\"). Make sure annotations are installed and enabled. at C:\\testcario\\vendor\\symfony\\symfony\\src\\Symfony\\Component\\Config\\Loader\\FileLoader.php:168, Doctrine\\Common\\Annotations\\AnnotationException(code: 0): [Semantical Error] The annotation \"@Template\" in method AppBundle\\Controller\\DefaultController::youtubeAction() was never imported. Did you maybe forget to add a \"use\" statement for this annotation? at C:\\testcario\\vendor\\doctrine\\annotations\\lib\\Doctrine\\Common\\Annotations\\AnnotationException.php:54)"} []
[2018-10-17 14:57:30] php.CRITICAL: Uncaught Exception: An exception has been thrown during the rendering of a template ("[Semantical Error] The annotation "@Template" in method AppBundle\Controller\DefaultController::youtubeAction() was never imported. Did you maybe forget to add a "use" statement for this annotation? in C:\testcario\src\AppBundle/Controller/ (which is being imported from "C:\testcario/app/config\routing.yml"). Make sure annotations are installed and enabled."). {"exception":"[object] (Twig_Error_Runtime(code: 0): An exception has been thrown during the rendering of a template (\"[Semantical Error] The annotation \"@Template\" in method AppBundle\\Controller\\DefaultController::youtubeAction() was never imported. Did you maybe forget to add a \"use\" statement for this annotation? in C:\\testcario\\src\\AppBundle/Controller/ (which is being imported from \"C:\\testcario/app/config\\routing.yml\"). Make sure annotations are installed and enabled.\"). at C:\\testcario\\vendor\\symfony\\symfony\\src\\Symfony\\Bundle\\TwigBundle\\Resources\\views\\Exception\\trace.html.twig:13, Symfony\\Component\\Config\\Exception\\FileLoaderLoadException(code: 0): [Semantical Error] The annotation \"@Template\" in method AppBundle\\Controller\\DefaultController::youtubeAction() was never imported. Did you maybe forget to add a \"use\" statement for this annotation? in C:\\testcario\\src\\AppBundle/Controller/ (which is being imported from \"C:\\testcario/app/config\\routing.yml\"). Make sure annotations are installed and enabled. at C:\\testcario\\vendor\\symfony\\symfony\\src\\Symfony\\Component\\Config\\Loader\\FileLoader.php:168, Doctrine\\Common\\Annotations\\AnnotationException(code: 0): [Semantical Error] The annotation \"@Template\" in method AppBundle\\Controller\\DefaultController::youtubeAction() was never imported. Did you maybe forget to add a \"use\" statement for this annotation? at C:\\testcario\\vendor\\doctrine\\annotations\\lib\\Doctrine\\Common\\Annotations\\AnnotationException.php:54, Symfony\\Component\\Config\\Exception\\FileLoaderLoadException(code: 0): [Semantical Error] The annotation \"@Template\" in method AppBundle\\Controller\\DefaultController::youtubeAction() was never imported. Did you maybe forget to add a \"use\" statement for this annotation? in C:\\testcario\\src\\AppBundle/Controller/ (which is being imported from \"C:\\testcario/app/config\\routing.yml\"). Make sure annotations are installed and enabled. at C:\\testcario\\vendor\\symfony\\symfony\\src\\Symfony\\Component\\Config\\Loader\\FileLoader.php:168, Doctrine\\Common\\Annotations\\AnnotationException(code: 0): [Semantical Error] The annotation \"@Template\" in method AppBundle\\Controller\\DefaultController::youtubeAction() was never imported. Did you maybe forget to add a \"use\" statement for this annotation? at C:\\testcario\\vendor\\doctrine\\annotations\\lib\\Doctrine\\Common\\Annotations\\AnnotationException.php:54)"} []
[2018-10-17 14:57:31] request.CRITICAL: Uncaught PHP Exception Twig_Error_Runtime: "An exception has been thrown during the rendering of a template ("[Semantical Error] The annotation "@Template" in method AppBundle\Controller\DefaultController::youtubeAction() was never imported. Did you maybe forget to add a "use" statement for this annotation? in C:\testcario\src\AppBundle/Controller/ (which is being imported from "C:\testcario/app/config\routing.yml"). Make sure annotations are installed and enabled.")." at C:\testcario\vendor\symfony\symfony\src\Symfony\Bundle\TwigBundle\Resources\views\Exception\trace.html.twig line 13 {"exception":"[object] (Twig_Error_Runtime(code: 0): An exception has been thrown during the rendering of a template (\"[Semantical Error] The annotation \"@Template\" in method AppBundle\\Controller\\DefaultController::youtubeAction() was never imported. Did you maybe forget to add a \"use\" statement for this annotation? in C:\\testcario\\src\\AppBundle/Controller/ (which is being imported from \"C:\\testcario/app/config\\routing.yml\"). Make sure annotations are installed and enabled.\"). at C:\\testcario\\vendor\\symfony\\symfony\\src\\Symfony\\Bundle\\TwigBundle\\Resources\\views\\Exception\\trace.html.twig:13, Symfony\\Component\\Config\\Exception\\FileLoaderLoadException(code: 0): [Semantical Error] The annotation \"@Template\" in method AppBundle\\Controller\\DefaultController::youtubeAction() was never imported. Did you maybe forget to add a \"use\" statement for this annotation? in C:\\testcario\\src\\AppBundle/Controller/ (which is being imported from \"C:\\testcario/app/config\\routing.yml\"). Make sure annotations are installed and enabled. at C:\\testcario\\vendor\\symfony\\symfony\\src\\Symfony\\Component\\Config\\Loader\\FileLoader.php:168, Doctrine\\Common\\Annotations\\AnnotationException(code: 0): [Semantical Error] The annotation \"@Template\" in method AppBundle\\Controller\\DefaultController::youtubeAction() was never imported. Did you maybe forget to add a \"use\" statement for this annotation? at C:\\testcario\\vendor\\doctrine\\annotations\\lib\\Doctrine\\Common\\Annotations\\AnnotationException.php:54, Symfony\\Component\\Config\\Exception\\FileLoaderLoadException(code: 0): [Semantical Error] The annotation \"@Template\" in method AppBundle\\Controller\\DefaultController::youtubeAction() was never imported. Did you maybe forget to add a \"use\" statement for this annotation? in C:\\testcario\\src\\AppBundle/Controller/ (which is being imported from \"C:\\testcario/app/config\\routing.yml\"). Make sure annotations are installed and enabled. at C:\\testcario\\vendor\\symfony\\symfony\\src\\Symfony\\Component\\Config\\Loader\\FileLoader.php:168, Doctrine\\Common\\Annotations\\AnnotationException(code: 0): [Semantical Error] The annotation \"@Template\" in method AppBundle\\Controller\\DefaultController::youtubeAction() was never imported. Did you maybe forget to add a \"use\" statement for this annotation? at C:\\testcario\\vendor\\doctrine\\annotations\\lib\\Doctrine\\Common\\Annotations\\AnnotationException.php:54)"} []
[2018-10-17 14:57:31] request.CRITICAL: Exception thrown when handling an exception (Twig_Error_Runtime: An exception has been thrown during the rendering of a template ("[Semantical Error] The annotation "@Template" in method AppBundle\Controller\DefaultController::youtubeAction() was never imported. Did you maybe forget to add a "use" statement for this annotation? in C:\testcario\src\AppBundle/Controller/ (which is being imported from "C:\testcario/app/config\routing.yml"). Make sure annotations are installed and enabled."). at C:\testcario\vendor\symfony\symfony\src\Symfony\Bundle\TwigBundle\Resources\views\Exception\trace.html.twig line 13) {"exception":"[object] (Twig_Error_Runtime(code: 0): An exception has been thrown during the rendering of a template (\"[Semantical Error] The annotation \"@Template\" in method AppBundle\\Controller\\DefaultController::youtubeAction() was never imported. Did you maybe forget to add a \"use\" statement for this annotation? in C:\\testcario\\src\\AppBundle/Controller/ (which is being imported from \"C:\\testcario/app/config\\routing.yml\"). Make sure annotations are installed and enabled.\"). at C:\\testcario\\vendor\\symfony\\symfony\\src\\Symfony\\Bundle\\TwigBundle\\Resources\\views\\Exception\\trace.html.twig:13, Symfony\\Component\\Config\\Exception\\FileLoaderLoadException(code: 0): [Semantical Error] The annotation \"@Template\" in method AppBundle\\Controller\\DefaultController::youtubeAction() was never imported. Did you maybe forget to add a \"use\" statement for this annotation? in C:\\testcario\\src\\AppBundle/Controller/ (which is being imported from \"C:\\testcario/app/config\\routing.yml\"). Make sure annotations are installed and enabled. at C:\\testcario\\vendor\\symfony\\symfony\\src\\Symfony\\Component\\Config\\Loader\\FileLoader.php:168, Doctrine\\Common\\Annotations\\AnnotationException(code: 0): [Semantical Error] The annotation \"@Template\" in method AppBundle\\Controller\\DefaultController::youtubeAction() was never imported. Did you maybe forget to add a \"use\" statement for this annotation? at C:\\testcario\\vendor\\doctrine\\annotations\\lib\\Doctrine\\Common\\Annotations\\AnnotationException.php:54)"} []
[2018-10-17 14:57:39] request.CRITICAL: Uncaught PHP Exception Symfony\Component\Config\Exception\FileLoaderLoadException: "[Semantical Error] The annotation "@Template" in method AppBundle\Controller\DefaultController::youtubeAction() was never imported. Did you maybe forget to add a "use" statement for this annotation? in C:\testcario\src\AppBundle/Controller/ (which is being imported from "C:\testcario/app/config\routing.yml"). Make sure annotations are installed and enabled." at C:\testcario\vendor\symfony\symfony\src\Symfony\Component\Config\Loader\FileLoader.php line 168 {"exception":"[object] (Symfony\\Component\\Config\\Exception\\FileLoaderLoadException(code: 0): [Semantical Error] The annotation \"@Template\" in method AppBundle\\Controller\\DefaultController::youtubeAction() was never imported. Did you maybe forget to add a \"use\" statement for this annotation? in C:\\testcario\\src\\AppBundle/Controller/ (which is being imported from \"C:\\testcario/app/config\\routing.yml\"). Make sure annotations are installed and enabled. at C:\\testcario\\vendor\\symfony\\symfony\\src\\Symfony\\Component\\Config\\Loader\\FileLoader.php:168, Doctrine\\Common\\Annotations\\AnnotationException(code: 0): [Semantical Error] The annotation \"@Template\" in method AppBundle\\Controller\\DefaultController::youtubeAction() was never imported. Did you maybe forget to add a \"use\" statement for this annotation? at C:\\testcario\\vendor\\doctrine\\annotations\\lib\\Doctrine\\Common\\Annotations\\AnnotationException.php:54)"} []
[2018-10-17 14:57:39] request.CRITICAL: Exception thrown when handling an exception (Twig_Error_Runtime: An exception has been thrown during the rendering of a template ("[Semantical Error] The annotation "@Template" in method AppBundle\Controller\DefaultController::youtubeAction() was never imported. Did you maybe forget to add a "use" statement for this annotation? in C:\testcario\src\AppBundle/Controller/ (which is being imported from "C:\testcario/app/config\routing.yml"). Make sure annotations are installed and enabled."). at C:\testcario\vendor\symfony\symfony\src\Symfony\Bundle\TwigBundle\Resources\views\Exception\trace.html.twig line 13) {"exception":"[object] (Twig_Error_Runtime(code: 0): An exception has been thrown during the rendering of a template (\"[Semantical Error] The annotation \"@Template\" in method AppBundle\\Controller\\DefaultController::youtubeAction() was never imported. Did you maybe forget to add a \"use\" statement for this annotation? in C:\\testcario\\src\\AppBundle/Controller/ (which is being imported from \"C:\\testcario/app/config\\routing.yml\"). Make sure annotations are installed and enabled.\"). at C:\\testcario\\vendor\\symfony\\symfony\\src\\Symfony\\Bundle\\TwigBundle\\Resources\\views\\Exception\\trace.html.twig:13, Symfony\\Component\\Config\\Exception\\FileLoaderLoadException(code: 0): [Semantical Error] The annotation \"@Template\" in method AppBundle\\Controller\\DefaultController::youtubeAction() was never imported. Did you maybe forget to add a \"use\" statement for this annotation? in C:\\testcario\\src\\AppBundle/Controller/ (which is being imported from \"C:\\testcario/app/config\\routing.yml\"). Make sure annotations are installed and enabled. at C:\\testcario\\vendor\\symfony\\symfony\\src\\Symfony\\Component\\Config\\Loader\\FileLoader.php:168, Doctrine\\Common\\Annotations\\AnnotationException(code: 0): [Semantical Error] The annotation \"@Template\" in method AppBundle\\Controller\\DefaultController::youtubeAction() was never imported. Did you maybe forget to add a \"use\" statement for this annotation? at C:\\testcario\\vendor\\doctrine\\annotations\\lib\\Doctrine\\Common\\Annotations\\AnnotationException.php:54)"} []
[2018-10-17 14:57:39] php.CRITICAL: Uncaught Exception: An exception has been thrown during the rendering of a template ("[Semantical Error] The annotation "@Template" in method AppBundle\Controller\DefaultController::youtubeAction() was never imported. Did you maybe forget to add a "use" statement for this annotation? in C:\testcario\src\AppBundle/Controller/ (which is being imported from "C:\testcario/app/config\routing.yml"). Make sure annotations are installed and enabled."). {"exception":"[object] (Twig_Error_Runtime(code: 0): An exception has been thrown during the rendering of a template (\"[Semantical Error] The annotation \"@Template\" in method AppBundle\\Controller\\DefaultController::youtubeAction() was never imported. Did you maybe forget to add a \"use\" statement for this annotation? in C:\\testcario\\src\\AppBundle/Controller/ (which is being imported from \"C:\\testcario/app/config\\routing.yml\"). Make sure annotations are installed and enabled.\"). at C:\\testcario\\vendor\\symfony\\symfony\\src\\Symfony\\Bundle\\TwigBundle\\Resources\\views\\Exception\\trace.html.twig:13, Symfony\\Component\\Config\\Exception\\FileLoaderLoadException(code: 0): [Semantical Error] The annotation \"@Template\" in method AppBundle\\Controller\\DefaultController::youtubeAction() was never imported. Did you maybe forget to add a \"use\" statement for this annotation? in C:\\testcario\\src\\AppBundle/Controller/ (which is being imported from \"C:\\testcario/app/config\\routing.yml\"). Make sure annotations are installed and enabled. at C:\\testcario\\vendor\\symfony\\symfony\\src\\Symfony\\Component\\Config\\Loader\\FileLoader.php:168, Doctrine\\Common\\Annotations\\AnnotationException(code: 0): [Semantical Error] The annotation \"@Template\" in method AppBundle\\Controller\\DefaultController::youtubeAction() was never imported. Did you maybe forget to add a \"use\" statement for this annotation? at C:\\testcario\\vendor\\doctrine\\annotations\\lib\\Doctrine\\Common\\Annotations\\AnnotationException.php:54, Symfony\\Component\\Config\\Exception\\FileLoaderLoadException(code: 0): [Semantical Error] The annotation \"@Template\" in method AppBundle\\Controller\\DefaultController::youtubeAction() was never imported. Did you maybe forget to add a \"use\" statement for this annotation? in C:\\testcario\\src\\AppBundle/Controller/ (which is being imported from \"C:\\testcario/app/config\\routing.yml\"). Make sure annotations are installed and enabled. at C:\\testcario\\vendor\\symfony\\symfony\\src\\Symfony\\Component\\Config\\Loader\\FileLoader.php:168, Doctrine\\Common\\Annotations\\AnnotationException(code: 0): [Semantical Error] The annotation \"@Template\" in method AppBundle\\Controller\\DefaultController::youtubeAction() was never imported. Did you maybe forget to add a \"use\" statement for this annotation? at C:\\testcario\\vendor\\doctrine\\annotations\\lib\\Doctrine\\Common\\Annotations\\AnnotationException.php:54)"} []
[2018-10-17 14:57:39] request.CRITICAL: Uncaught PHP Exception Twig_Error_Runtime: "An exception has been thrown during the rendering of a template ("[Semantical Error] The annotation "@Template" in method AppBundle\Controller\DefaultController::youtubeAction() was never imported. Did you maybe forget to add a "use" statement for this annotation? in C:\testcario\src\AppBundle/Controller/ (which is being imported from "C:\testcario/app/config\routing.yml"). Make sure annotations are installed and enabled.")." at C:\testcario\vendor\symfony\symfony\src\Symfony\Bundle\TwigBundle\Resources\views\Exception\trace.html.twig line 13 {"exception":"[object] (Twig_Error_Runtime(code: 0): An exception has been thrown during the rendering of a template (\"[Semantical Error] The annotation \"@Template\" in method AppBundle\\Controller\\DefaultController::youtubeAction() was never imported. Did you maybe forget to add a \"use\" statement for this annotation? in C:\\testcario\\src\\AppBundle/Controller/ (which is being imported from \"C:\\testcario/app/config\\routing.yml\"). Make sure annotations are installed and enabled.\"). at C:\\testcario\\vendor\\symfony\\symfony\\src\\Symfony\\Bundle\\TwigBundle\\Resources\\views\\Exception\\trace.html.twig:13, Symfony\\Component\\Config\\Exception\\FileLoaderLoadException(code: 0): [Semantical Error] The annotation \"@Template\" in method AppBundle\\Controller\\DefaultController::youtubeAction() was never imported. Did you maybe forget to add a \"use\" statement for this annotation? in C:\\testcario\\src\\AppBundle/Controller/ (which is being imported from \"C:\\testcario/app/config\\routing.yml\"). Make sure annotations are installed and enabled. at C:\\testcario\\vendor\\symfony\\symfony\\src\\Symfony\\Component\\Config\\Loader\\FileLoader.php:168, Doctrine\\Common\\Annotations\\AnnotationException(code: 0): [Semantical Error] The annotation \"@Template\" in method AppBundle\\Controller\\DefaultController::youtubeAction() was never imported. Did you maybe forget to add a \"use\" statement for this annotation? at C:\\testcario\\vendor\\doctrine\\annotations\\lib\\Doctrine\\Common\\Annotations\\AnnotationException.php:54, Symfony\\Component\\Config\\Exception\\FileLoaderLoadException(code: 0): [Semantical Error] The annotation \"@Template\" in method AppBundle\\Controller\\DefaultController::youtubeAction() was never imported. Did you maybe forget to add a \"use\" statement for this annotation? in C:\\testcario\\src\\AppBundle/Controller/ (which is being imported from \"C:\\testcario/app/config\\routing.yml\"). Make sure annotations are installed and enabled. at C:\\testcario\\vendor\\symfony\\symfony\\src\\Symfony\\Component\\Config\\Loader\\FileLoader.php:168, Doctrine\\Common\\Annotations\\AnnotationException(code: 0): [Semantical Error] The annotation \"@Template\" in method AppBundle\\Controller\\DefaultController::youtubeAction() was never imported. Did you maybe forget to add a \"use\" statement for this annotation? at C:\\testcario\\vendor\\doctrine\\annotations\\lib\\Doctrine\\Common\\Annotations\\AnnotationException.php:54)"} []
[2018-10-17 14:57:39] request.CRITICAL: Exception thrown when handling an exception (Twig_Error_Runtime: An exception has been thrown during the rendering of a template ("[Semantical Error] The annotation "@Template" in method AppBundle\Controller\DefaultController::youtubeAction() was never imported. Did you maybe forget to add a "use" statement for this annotation? in C:\testcario\src\AppBundle/Controller/ (which is being imported from "C:\testcario/app/config\routing.yml"). Make sure annotations are installed and enabled."). at C:\testcario\vendor\symfony\symfony\src\Symfony\Bundle\TwigBundle\Resources\views\Exception\trace.html.twig line 13) {"exception":"[object] (Twig_Error_Runtime(code: 0): An exception has been thrown during the rendering of a template (\"[Semantical Error] The annotation \"@Template\" in method AppBundle\\Controller\\DefaultController::youtubeAction() was never imported. Did you maybe forget to add a \"use\" statement for this annotation? in C:\\testcario\\src\\AppBundle/Controller/ (which is being imported from \"C:\\testcario/app/config\\routing.yml\"). Make sure annotations are installed and enabled.\"). at C:\\testcario\\vendor\\symfony\\symfony\\src\\Symfony\\Bundle\\TwigBundle\\Resources\\views\\Exception\\trace.html.twig:13, Symfony\\Component\\Config\\Exception\\FileLoaderLoadException(code: 0): [Semantical Error] The annotation \"@Template\" in method AppBundle\\Controller\\DefaultController::youtubeAction() was never imported. Did you maybe forget to add a \"use\" statement for this annotation? in C:\\testcario\\src\\AppBundle/Controller/ (which is being imported from \"C:\\testcario/app/config\\routing.yml\"). Make sure annotations are installed and enabled. at C:\\testcario\\vendor\\symfony\\symfony\\src\\Symfony\\Component\\Config\\Loader\\FileLoader.php:168, Doctrine\\Common\\Annotations\\AnnotationException(code: 0): [Semantical Error] The annotation \"@Template\" in method AppBundle\\Controller\\DefaultController::youtubeAction() was never imported. Did you maybe forget to add a \"use\" statement for this annotation? at C:\\testcario\\vendor\\doctrine\\annotations\\lib\\Doctrine\\Common\\Annotations\\AnnotationException.php:54)"} []
[2018-10-17 15:00:05] request.CRITICAL: Uncaught PHP Exception Symfony\Component\Config\Exception\FileLoaderLoadException: "[Semantical Error] The annotation "@Template" in method AppBundle\Controller\DefaultController::youtubeAction() was never imported. Did you maybe forget to add a "use" statement for this annotation? in C:\testcario\src\AppBundle/Controller/ (which is being imported from "C:\testcario/app/config\routing.yml"). Make sure annotations are installed and enabled." at C:\testcario\vendor\symfony\symfony\src\Symfony\Component\Config\Loader\FileLoader.php line 168 {"exception":"[object] (Symfony\\Component\\Config\\Exception\\FileLoaderLoadException(code: 0): [Semantical Error] The annotation \"@Template\" in method AppBundle\\Controller\\DefaultController::youtubeAction() was never imported. Did you maybe forget to add a \"use\" statement for this annotation? in C:\\testcario\\src\\AppBundle/Controller/ (which is being imported from \"C:\\testcario/app/config\\routing.yml\"). Make sure annotations are installed and enabled. at C:\\testcario\\vendor\\symfony\\symfony\\src\\Symfony\\Component\\Config\\Loader\\FileLoader.php:168, Doctrine\\Common\\Annotations\\AnnotationException(code: 0): [Semantical Error] The annotation \"@Template\" in method AppBundle\\Controller\\DefaultController::youtubeAction() was never imported. Did you maybe forget to add a \"use\" statement for this annotation? at C:\\testcario\\vendor\\doctrine\\annotations\\lib\\Doctrine\\Common\\Annotations\\AnnotationException.php:54)"} []
[2018-10-17 15:00:05] request.CRITICAL: Exception thrown when handling an exception (Twig_Error_Runtime: An exception has been thrown during the rendering of a template ("[Semantical Error] The annotation "@Template" in method AppBundle\Controller\DefaultController::youtubeAction() was never imported. Did you maybe forget to add a "use" statement for this annotation? in C:\testcario\src\AppBundle/Controller/ (which is being imported from "C:\testcario/app/config\routing.yml"). Make sure annotations are installed and enabled."). at C:\testcario\vendor\symfony\symfony\src\Symfony\Bundle\TwigBundle\Resources\views\Exception\trace.html.twig line 13) {"exception":"[object] (Twig_Error_Runtime(code: 0): An exception has been thrown during the rendering of a template (\"[Semantical Error] The annotation \"@Template\" in method AppBundle\\Controller\\DefaultController::youtubeAction() was never imported. Did you maybe forget to add a \"use\" statement for this annotation? in C:\\testcario\\src\\AppBundle/Controller/ (which is being imported from \"C:\\testcario/app/config\\routing.yml\"). Make sure annotations are installed and enabled.\"). at C:\\testcario\\vendor\\symfony\\symfony\\src\\Symfony\\Bundle\\TwigBundle\\Resources\\views\\Exception\\trace.html.twig:13, Symfony\\Component\\Config\\Exception\\FileLoaderLoadException(code: 0): [Semantical Error] The annotation \"@Template\" in method AppBundle\\Controller\\DefaultController::youtubeAction() was never imported. Did you maybe forget to add a \"use\" statement for this annotation? in C:\\testcario\\src\\AppBundle/Controller/ (which is being imported from \"C:\\testcario/app/config\\routing.yml\"). Make sure annotations are installed and enabled. at C:\\testcario\\vendor\\symfony\\symfony\\src\\Symfony\\Component\\Config\\Loader\\FileLoader.php:168, Doctrine\\Common\\Annotations\\AnnotationException(code: 0): [Semantical Error] The annotation \"@Template\" in method AppBundle\\Controller\\DefaultController::youtubeAction() was never imported. Did you maybe forget to add a \"use\" statement for this annotation? at C:\\testcario\\vendor\\doctrine\\annotations\\lib\\Doctrine\\Common\\Annotations\\AnnotationException.php:54)"} []
[2018-10-17 15:00:05] php.CRITICAL: Uncaught Exception: An exception has been thrown during the rendering of a template ("[Semantical Error] The annotation "@Template" in method AppBundle\Controller\DefaultController::youtubeAction() was never imported. Did you maybe forget to add a "use" statement for this annotation? in C:\testcario\src\AppBundle/Controller/ (which is being imported from "C:\testcario/app/config\routing.yml"). Make sure annotations are installed and enabled."). {"exception":"[object] (Twig_Error_Runtime(code: 0): An exception has been thrown during the rendering of a template (\"[Semantical Error] The annotation \"@Template\" in method AppBundle\\Controller\\DefaultController::youtubeAction() was never imported. Did you maybe forget to add a \"use\" statement for this annotation? in C:\\testcario\\src\\AppBundle/Controller/ (which is being imported from \"C:\\testcario/app/config\\routing.yml\"). Make sure annotations are installed and enabled.\"). at C:\\testcario\\vendor\\symfony\\symfony\\src\\Symfony\\Bundle\\TwigBundle\\Resources\\views\\Exception\\trace.html.twig:13, Symfony\\Component\\Config\\Exception\\FileLoaderLoadException(code: 0): [Semantical Error] The annotation \"@Template\" in method AppBundle\\Controller\\DefaultController::youtubeAction() was never imported. Did you maybe forget to add a \"use\" statement for this annotation? in C:\\testcario\\src\\AppBundle/Controller/ (which is being imported from \"C:\\testcario/app/config\\routing.yml\"). Make sure annotations are installed and enabled. at C:\\testcario\\vendor\\symfony\\symfony\\src\\Symfony\\Component\\Config\\Loader\\FileLoader.php:168, Doctrine\\Common\\Annotations\\AnnotationException(code: 0): [Semantical Error] The annotation \"@Template\" in method AppBundle\\Controller\\DefaultController::youtubeAction() was never imported. Did you maybe forget to add a \"use\" statement for this annotation? at C:\\testcario\\vendor\\doctrine\\annotations\\lib\\Doctrine\\Common\\Annotations\\AnnotationException.php:54, Symfony\\Component\\Config\\Exception\\FileLoaderLoadException(code: 0): [Semantical Error] The annotation \"@Template\" in method AppBundle\\Controller\\DefaultController::youtubeAction() was never imported. Did you maybe forget to add a \"use\" statement for this annotation? in C:\\testcario\\src\\AppBundle/Controller/ (which is being imported from \"C:\\testcario/app/config\\routing.yml\"). Make sure annotations are installed and enabled. at C:\\testcario\\vendor\\symfony\\symfony\\src\\Symfony\\Component\\Config\\Loader\\FileLoader.php:168, Doctrine\\Common\\Annotations\\AnnotationException(code: 0): [Semantical Error] The annotation \"@Template\" in method AppBundle\\Controller\\DefaultController::youtubeAction() was never imported. Did you maybe forget to add a \"use\" statement for this annotation? at C:\\testcario\\vendor\\doctrine\\annotations\\lib\\Doctrine\\Common\\Annotations\\AnnotationException.php:54)"} []
[2018-10-17 15:00:05] request.CRITICAL: Uncaught PHP Exception Twig_Error_Runtime: "An exception has been thrown during the rendering of a template ("[Semantical Error] The annotation "@Template" in method AppBundle\Controller\DefaultController::youtubeAction() was never imported. Did you maybe forget to add a "use" statement for this annotation? in C:\testcario\src\AppBundle/Controller/ (which is being imported from "C:\testcario/app/config\routing.yml"). Make sure annotations are installed and enabled.")." at C:\testcario\vendor\symfony\symfony\src\Symfony\Bundle\TwigBundle\Resources\views\Exception\trace.html.twig line 13 {"exception":"[object] (Twig_Error_Runtime(code: 0): An exception has been thrown during the rendering of a template (\"[Semantical Error] The annotation \"@Template\" in method AppBundle\\Controller\\DefaultController::youtubeAction() was never imported. Did you maybe forget to add a \"use\" statement for this annotation? in C:\\testcario\\src\\AppBundle/Controller/ (which is being imported from \"C:\\testcario/app/config\\routing.yml\"). Make sure annotations are installed and enabled.\"). at C:\\testcario\\vendor\\symfony\\symfony\\src\\Symfony\\Bundle\\TwigBundle\\Resources\\views\\Exception\\trace.html.twig:13, Symfony\\Component\\Config\\Exception\\FileLoaderLoadException(code: 0): [Semantical Error] The annotation \"@Template\" in method AppBundle\\Controller\\DefaultController::youtubeAction() was never imported. Did you maybe forget to add a \"use\" statement for this annotation? in C:\\testcario\\src\\AppBundle/Controller/ (which is being imported from \"C:\\testcario/app/config\\routing.yml\"). Make sure annotations are installed and enabled. at C:\\testcario\\vendor\\symfony\\symfony\\src\\Symfony\\Component\\Config\\Loader\\FileLoader.php:168, Doctrine\\Common\\Annotations\\AnnotationException(code: 0): [Semantical Error] The annotation \"@Template\" in method AppBundle\\Controller\\DefaultController::youtubeAction() was never imported. Did you maybe forget to add a \"use\" statement for this annotation? at C:\\testcario\\vendor\\doctrine\\annotations\\lib\\Doctrine\\Common\\Annotations\\AnnotationException.php:54, Symfony\\Component\\Config\\Exception\\FileLoaderLoadException(code: 0): [Semantical Error] The annotation \"@Template\" in method AppBundle\\Controller\\DefaultController::youtubeAction() was never imported. Did you maybe forget to add a \"use\" statement for this annotation? in C:\\testcario\\src\\AppBundle/Controller/ (which is being imported from \"C:\\testcario/app/config\\routing.yml\"). Make sure annotations are installed and enabled. at C:\\testcario\\vendor\\symfony\\symfony\\src\\Symfony\\Component\\Config\\Loader\\FileLoader.php:168, Doctrine\\Common\\Annotations\\AnnotationException(code: 0): [Semantical Error] The annotation \"@Template\" in method AppBundle\\Controller\\DefaultController::youtubeAction() was never imported. Did you maybe forget to add a \"use\" statement for this annotation? at C:\\testcario\\vendor\\doctrine\\annotations\\lib\\Doctrine\\Common\\Annotations\\AnnotationException.php:54)"} []
[2018-10-17 15:00:05] request.CRITICAL: Exception thrown when handling an exception (Twig_Error_Runtime: An exception has been thrown during the rendering of a template ("[Semantical Error] The annotation "@Template" in method AppBundle\Controller\DefaultController::youtubeAction() was never imported. Did you maybe forget to add a "use" statement for this annotation? in C:\testcario\src\AppBundle/Controller/ (which is being imported from "C:\testcario/app/config\routing.yml"). Make sure annotations are installed and enabled."). at C:\testcario\vendor\symfony\symfony\src\Symfony\Bundle\TwigBundle\Resources\views\Exception\trace.html.twig line 13) {"exception":"[object] (Twig_Error_Runtime(code: 0): An exception has been thrown during the rendering of a template (\"[Semantical Error] The annotation \"@Template\" in method AppBundle\\Controller\\DefaultController::youtubeAction() was never imported. Did you maybe forget to add a \"use\" statement for this annotation? in C:\\testcario\\src\\AppBundle/Controller/ (which is being imported from \"C:\\testcario/app/config\\routing.yml\"). Make sure annotations are installed and enabled.\"). at C:\\testcario\\vendor\\symfony\\symfony\\src\\Symfony\\Bundle\\TwigBundle\\Resources\\views\\Exception\\trace.html.twig:13, Symfony\\Component\\Config\\Exception\\FileLoaderLoadException(code: 0): [Semantical Error] The annotation \"@Template\" in method AppBundle\\Controller\\DefaultController::youtubeAction() was never imported. Did you maybe forget to add a \"use\" statement for this annotation? in C:\\testcario\\src\\AppBundle/Controller/ (which is being imported from \"C:\\testcario/app/config\\routing.yml\"). Make sure annotations are installed and enabled. at C:\\testcario\\vendor\\symfony\\symfony\\src\\Symfony\\Component\\Config\\Loader\\FileLoader.php:168, Doctrine\\Common\\Annotations\\AnnotationException(code: 0): [Semantical Error] The annotation \"@Template\" in method AppBundle\\Controller\\DefaultController::youtubeAction() was never imported. Did you maybe forget to add a \"use\" statement for this annotation? at C:\\testcario\\vendor\\doctrine\\annotations\\lib\\Doctrine\\Common\\Annotations\\AnnotationException.php:54)"} []
[2018-10-17 15:12:55] request.CRITICAL: Uncaught PHP Exception Symfony\Component\Config\Exception\FileLoaderLoadException: "[Semantical Error] The annotation "@Template" in method AppBundle\Controller\DefaultController::youtubeAction() was never imported. Did you maybe forget to add a "use" statement for this annotation? in C:\testcario\src\AppBundle/Controller/ (which is being imported from "C:\testcario/app/config\routing.yml"). Make sure annotations are installed and enabled." at C:\testcario\vendor\symfony\symfony\src\Symfony\Component\Config\Loader\FileLoader.php line 168 {"exception":"[object] (Symfony\\Component\\Config\\Exception\\FileLoaderLoadException(code: 0): [Semantical Error] The annotation \"@Template\" in method AppBundle\\Controller\\DefaultController::youtubeAction() was never imported. Did you maybe forget to add a \"use\" statement for this annotation? in C:\\testcario\\src\\AppBundle/Controller/ (which is being imported from \"C:\\testcario/app/config\\routing.yml\"). Make sure annotations are installed and enabled. at C:\\testcario\\vendor\\symfony\\symfony\\src\\Symfony\\Component\\Config\\Loader\\FileLoader.php:168, Doctrine\\Common\\Annotations\\AnnotationException(code: 0): [Semantical Error] The annotation \"@Template\" in method AppBundle\\Controller\\DefaultController::youtubeAction() was never imported. Did you maybe forget to add a \"use\" statement for this annotation? at C:\\testcario\\vendor\\doctrine\\annotations\\lib\\Doctrine\\Common\\Annotations\\AnnotationException.php:54)"} []
[2018-10-17 15:12:55] request.CRITICAL: Exception thrown when handling an exception (Twig_Error_Runtime: An exception has been thrown during the rendering of a template ("[Semantical Error] The annotation "@Template" in method AppBundle\Controller\DefaultController::youtubeAction() was never imported. Did you maybe forget to add a "use" statement for this annotation? in C:\testcario\src\AppBundle/Controller/ (which is being imported from "C:\testcario/app/config\routing.yml"). Make sure annotations are installed and enabled."). at C:\testcario\vendor\symfony\symfony\src\Symfony\Bundle\TwigBundle\Resources\views\Exception\trace.html.twig line 13) {"exception":"[object] (Twig_Error_Runtime(code: 0): An exception has been thrown during the rendering of a template (\"[Semantical Error] The annotation \"@Template\" in method AppBundle\\Controller\\DefaultController::youtubeAction() was never imported. Did you maybe forget to add a \"use\" statement for this annotation? in C:\\testcario\\src\\AppBundle/Controller/ (which is being imported from \"C:\\testcario/app/config\\routing.yml\"). Make sure annotations are installed and enabled.\"). at C:\\testcario\\vendor\\symfony\\symfony\\src\\Symfony\\Bundle\\TwigBundle\\Resources\\views\\Exception\\trace.html.twig:13, Symfony\\Component\\Config\\Exception\\FileLoaderLoadException(code: 0): [Semantical Error] The annotation \"@Template\" in method AppBundle\\Controller\\DefaultController::youtubeAction() was never imported. Did you maybe forget to add a \"use\" statement for this annotation? in C:\\testcario\\src\\AppBundle/Controller/ (which is being imported from \"C:\\testcario/app/config\\routing.yml\"). Make sure annotations are installed and enabled. at C:\\testcario\\vendor\\symfony\\symfony\\src\\Symfony\\Component\\Config\\Loader\\FileLoader.php:168, Doctrine\\Common\\Annotations\\AnnotationException(code: 0): [Semantical Error] The annotation \"@Template\" in method AppBundle\\Controller\\DefaultController::youtubeAction() was never imported. Did you maybe forget to add a \"use\" statement for this annotation? at C:\\testcario\\vendor\\doctrine\\annotations\\lib\\Doctrine\\Common\\Annotations\\AnnotationException.php:54)"} []
[2018-10-17 15:12:55] php.CRITICAL: Uncaught Exception: An exception has been thrown during the rendering of a template ("[Semantical Error] The annotation "@Template" in method AppBundle\Controller\DefaultController::youtubeAction() was never imported. Did you maybe forget to add a "use" statement for this annotation? in C:\testcario\src\AppBundle/Controller/ (which is being imported from "C:\testcario/app/config\routing.yml"). Make sure annotations are installed and enabled."). {"exception":"[object] (Twig_Error_Runtime(code: 0): An exception has been thrown during the rendering of a template (\"[Semantical Error] The annotation \"@Template\" in method AppBundle\\Controller\\DefaultController::youtubeAction() was never imported. Did you maybe forget to add a \"use\" statement for this annotation? in C:\\testcario\\src\\AppBundle/Controller/ (which is being imported from \"C:\\testcario/app/config\\routing.yml\"). Make sure annotations are installed and enabled.\"). at C:\\testcario\\vendor\\symfony\\symfony\\src\\Symfony\\Bundle\\TwigBundle\\Resources\\views\\Exception\\trace.html.twig:13, Symfony\\Component\\Config\\Exception\\FileLoaderLoadException(code: 0): [Semantical Error] The annotation \"@Template\" in method AppBundle\\Controller\\DefaultController::youtubeAction() was never imported. Did you maybe forget to add a \"use\" statement for this annotation? in C:\\testcario\\src\\AppBundle/Controller/ (which is being imported from \"C:\\testcario/app/config\\routing.yml\"). Make sure annotations are installed and enabled. at C:\\testcario\\vendor\\symfony\\symfony\\src\\Symfony\\Component\\Config\\Loader\\FileLoader.php:168, Doctrine\\Common\\Annotations\\AnnotationException(code: 0): [Semantical Error] The annotation \"@Template\" in method AppBundle\\Controller\\DefaultController::youtubeAction() was never imported. Did you maybe forget to add a \"use\" statement for this annotation? at C:\\testcario\\vendor\\doctrine\\annotations\\lib\\Doctrine\\Common\\Annotations\\AnnotationException.php:54, Symfony\\Component\\Config\\Exception\\FileLoaderLoadException(code: 0): [Semantical Error] The annotation \"@Template\" in method AppBundle\\Controller\\DefaultController::youtubeAction() was never imported. Did you maybe forget to add a \"use\" statement for this annotation? in C:\\testcario\\src\\AppBundle/Controller/ (which is being imported from \"C:\\testcario/app/config\\routing.yml\"). Make sure annotations are installed and enabled. at C:\\testcario\\vendor\\symfony\\symfony\\src\\Symfony\\Component\\Config\\Loader\\FileLoader.php:168, Doctrine\\Common\\Annotations\\AnnotationException(code: 0): [Semantical Error] The annotation \"@Template\" in method AppBundle\\Controller\\DefaultController::youtubeAction() was never imported. Did you maybe forget to add a \"use\" statement for this annotation? at C:\\testcario\\vendor\\doctrine\\annotations\\lib\\Doctrine\\Common\\Annotations\\AnnotationException.php:54)"} []
[2018-10-17 15:12:55] request.CRITICAL: Uncaught PHP Exception Twig_Error_Runtime: "An exception has been thrown during the rendering of a template ("[Semantical Error] The annotation "@Template" in method AppBundle\Controller\DefaultController::youtubeAction() was never imported. Did you maybe forget to add a "use" statement for this annotation? in C:\testcario\src\AppBundle/Controller/ (which is being imported from "C:\testcario/app/config\routing.yml"). Make sure annotations are installed and enabled.")." at C:\testcario\vendor\symfony\symfony\src\Symfony\Bundle\TwigBundle\Resources\views\Exception\trace.html.twig line 13 {"exception":"[object] (Twig_Error_Runtime(code: 0): An exception has been thrown during the rendering of a template (\"[Semantical Error] The annotation \"@Template\" in method AppBundle\\Controller\\DefaultController::youtubeAction() was never imported. Did you maybe forget to add a \"use\" statement for this annotation? in C:\\testcario\\src\\AppBundle/Controller/ (which is being imported from \"C:\\testcario/app/config\\routing.yml\"). Make sure annotations are installed and enabled.\"). at C:\\testcario\\vendor\\symfony\\symfony\\src\\Symfony\\Bundle\\TwigBundle\\Resources\\views\\Exception\\trace.html.twig:13, Symfony\\Component\\Config\\Exception\\FileLoaderLoadException(code: 0): [Semantical Error] The annotation \"@Template\" in method AppBundle\\Controller\\DefaultController::youtubeAction() was never imported. Did you maybe forget to add a \"use\" statement for this annotation? in C:\\testcario\\src\\AppBundle/Controller/ (which is being imported from \"C:\\testcario/app/config\\routing.yml\"). Make sure annotations are installed and enabled. at C:\\testcario\\vendor\\symfony\\symfony\\src\\Symfony\\Component\\Config\\Loader\\FileLoader.php:168, Doctrine\\Common\\Annotations\\AnnotationException(code: 0): [Semantical Error] The annotation \"@Template\" in method AppBundle\\Controller\\DefaultController::youtubeAction() was never imported. Did you maybe forget to add a \"use\" statement for this annotation? at C:\\testcario\\vendor\\doctrine\\annotations\\lib\\Doctrine\\Common\\Annotations\\AnnotationException.php:54, Symfony\\Component\\Config\\Exception\\FileLoaderLoadException(code: 0): [Semantical Error] The annotation \"@Template\" in method AppBundle\\Controller\\DefaultController::youtubeAction() was never imported. Did you maybe forget to add a \"use\" statement for this annotation? in C:\\testcario\\src\\AppBundle/Controller/ (which is being imported from \"C:\\testcario/app/config\\routing.yml\"). Make sure annotations are installed and enabled. at C:\\testcario\\vendor\\symfony\\symfony\\src\\Symfony\\Component\\Config\\Loader\\FileLoader.php:168, Doctrine\\Common\\Annotations\\AnnotationException(code: 0): [Semantical Error] The annotation \"@Template\" in method AppBundle\\Controller\\DefaultController::youtubeAction() was never imported. Did you maybe forget to add a \"use\" statement for this annotation? at C:\\testcario\\vendor\\doctrine\\annotations\\lib\\Doctrine\\Common\\Annotations\\AnnotationException.php:54)"} []
[2018-10-17 15:12:55] request.CRITICAL: Exception thrown when handling an exception (Twig_Error_Runtime: An exception has been thrown during the rendering of a template ("[Semantical Error] The annotation "@Template" in method AppBundle\Controller\DefaultController::youtubeAction() was never imported. Did you maybe forget to add a "use" statement for this annotation? in C:\testcario\src\AppBundle/Controller/ (which is being imported from "C:\testcario/app/config\routing.yml"). Make sure annotations are installed and enabled."). at C:\testcario\vendor\symfony\symfony\src\Symfony\Bundle\TwigBundle\Resources\views\Exception\trace.html.twig line 13) {"exception":"[object] (Twig_Error_Runtime(code: 0): An exception has been thrown during the rendering of a template (\"[Semantical Error] The annotation \"@Template\" in method AppBundle\\Controller\\DefaultController::youtubeAction() was never imported. Did you maybe forget to add a \"use\" statement for this annotation? in C:\\testcario\\src\\AppBundle/Controller/ (which is being imported from \"C:\\testcario/app/config\\routing.yml\"). Make sure annotations are installed and enabled.\"). at C:\\testcario\\vendor\\symfony\\symfony\\src\\Symfony\\Bundle\\TwigBundle\\Resources\\views\\Exception\\trace.html.twig:13, Symfony\\Component\\Config\\Exception\\FileLoaderLoadException(code: 0): [Semantical Error] The annotation \"@Template\" in method AppBundle\\Controller\\DefaultController::youtubeAction() was never imported. Did you maybe forget to add a \"use\" statement for this annotation? in C:\\testcario\\src\\AppBundle/Controller/ (which is being imported from \"C:\\testcario/app/config\\routing.yml\"). Make sure annotations are installed and enabled. at C:\\testcario\\vendor\\symfony\\symfony\\src\\Symfony\\Component\\Config\\Loader\\FileLoader.php:168, Doctrine\\Common\\Annotations\\AnnotationException(code: 0): [Semantical Error] The annotation \"@Template\" in method AppBundle\\Controller\\DefaultController::youtubeAction() was never imported. Did you maybe forget to add a \"use\" statement for this annotation? at C:\\testcario\\vendor\\doctrine\\annotations\\lib\\Doctrine\\Common\\Annotations\\AnnotationException.php:54)"} []
[2018-10-17 15:17:23] request.CRITICAL: Uncaught PHP Exception Symfony\Component\Config\Exception\FileLoaderLoadException: "[Semantical Error] The annotation "@Template" in method AppBundle\Controller\DefaultController::youtubeAction() was never imported. Did you maybe forget to add a "use" statement for this annotation? in C:\testcario\src\AppBundle/Controller/ (which is being imported from "C:\testcario/app/config\routing.yml"). Make sure annotations are installed and enabled." at C:\testcario\vendor\symfony\symfony\src\Symfony\Component\Config\Loader\FileLoader.php line 168 {"exception":"[object] (Symfony\\Component\\Config\\Exception\\FileLoaderLoadException(code: 0): [Semantical Error] The annotation \"@Template\" in method AppBundle\\Controller\\DefaultController::youtubeAction() was never imported. Did you maybe forget to add a \"use\" statement for this annotation? in C:\\testcario\\src\\AppBundle/Controller/ (which is being imported from \"C:\\testcario/app/config\\routing.yml\"). Make sure annotations are installed and enabled. at C:\\testcario\\vendor\\symfony\\symfony\\src\\Symfony\\Component\\Config\\Loader\\FileLoader.php:168, Doctrine\\Common\\Annotations\\AnnotationException(code: 0): [Semantical Error] The annotation \"@Template\" in method AppBundle\\Controller\\DefaultController::youtubeAction() was never imported. Did you maybe forget to add a \"use\" statement for this annotation? at C:\\testcario\\vendor\\doctrine\\annotations\\lib\\Doctrine\\Common\\Annotations\\AnnotationException.php:54)"} []
[2018-10-17 15:17:23] request.CRITICAL: Exception thrown when handling an exception (Twig_Error_Runtime: An exception has been thrown during the rendering of a template ("[Semantical Error] The annotation "@Template" in method AppBundle\Controller\DefaultController::youtubeAction() was never imported. Did you maybe forget to add a "use" statement for this annotation? in C:\testcario\src\AppBundle/Controller/ (which is being imported from "C:\testcario/app/config\routing.yml"). Make sure annotations are installed and enabled."). at C:\testcario\vendor\symfony\symfony\src\Symfony\Bundle\TwigBundle\Resources\views\Exception\trace.html.twig line 13) {"exception":"[object] (Twig_Error_Runtime(code: 0): An exception has been thrown during the rendering of a template (\"[Semantical Error] The annotation \"@Template\" in method AppBundle\\Controller\\DefaultController::youtubeAction() was never imported. Did you maybe forget to add a \"use\" statement for this annotation? in C:\\testcario\\src\\AppBundle/Controller/ (which is being imported from \"C:\\testcario/app/config\\routing.yml\"). Make sure annotations are installed and enabled.\"). at C:\\testcario\\vendor\\symfony\\symfony\\src\\Symfony\\Bundle\\TwigBundle\\Resources\\views\\Exception\\trace.html.twig:13, Symfony\\Component\\Config\\Exception\\FileLoaderLoadException(code: 0): [Semantical Error] The annotation \"@Template\" in method AppBundle\\Controller\\DefaultController::youtubeAction() was never imported. Did you maybe forget to add a \"use\" statement for this annotation? in C:\\testcario\\src\\AppBundle/Controller/ (which is being imported from \"C:\\testcario/app/config\\routing.yml\"). Make sure annotations are installed and enabled. at C:\\testcario\\vendor\\symfony\\symfony\\src\\Symfony\\Component\\Config\\Loader\\FileLoader.php:168, Doctrine\\Common\\Annotations\\AnnotationException(code: 0): [Semantical Error] The annotation \"@Template\" in method AppBundle\\Controller\\DefaultController::youtubeAction() was never imported. Did you maybe forget to add a \"use\" statement for this annotation? at C:\\testcario\\vendor\\doctrine\\annotations\\lib\\Doctrine\\Common\\Annotations\\AnnotationException.php:54)"} []
[2018-10-17 15:17:23] php.CRITICAL: Uncaught Exception: An exception has been thrown during the rendering of a template ("[Semantical Error] The annotation "@Template" in method AppBundle\Controller\DefaultController::youtubeAction() was never imported. Did you maybe forget to add a "use" statement for this annotation? in C:\testcario\src\AppBundle/Controller/ (which is being imported from "C:\testcario/app/config\routing.yml"). Make sure annotations are installed and enabled."). {"exception":"[object] (Twig_Error_Runtime(code: 0): An exception has been thrown during the rendering of a template (\"[Semantical Error] The annotation \"@Template\" in method AppBundle\\Controller\\DefaultController::youtubeAction() was never imported. Did you maybe forget to add a \"use\" statement for this annotation? in C:\\testcario\\src\\AppBundle/Controller/ (which is being imported from \"C:\\testcario/app/config\\routing.yml\"). Make sure annotations are installed and enabled.\"). at C:\\testcario\\vendor\\symfony\\symfony\\src\\Symfony\\Bundle\\TwigBundle\\Resources\\views\\Exception\\trace.html.twig:13, Symfony\\Component\\Config\\Exception\\FileLoaderLoadException(code: 0): [Semantical Error] The annotation \"@Template\" in method AppBundle\\Controller\\DefaultController::youtubeAction() was never imported. Did you maybe forget to add a \"use\" statement for this annotation? in C:\\testcario\\src\\AppBundle/Controller/ (which is being imported from \"C:\\testcario/app/config\\routing.yml\"). Make sure annotations are installed and enabled. at C:\\testcario\\vendor\\symfony\\symfony\\src\\Symfony\\Component\\Config\\Loader\\FileLoader.php:168, Doctrine\\Common\\Annotations\\AnnotationException(code: 0): [Semantical Error] The annotation \"@Template\" in method AppBundle\\Controller\\DefaultController::youtubeAction() was never imported. Did you maybe forget to add a \"use\" statement for this annotation? at C:\\testcario\\vendor\\doctrine\\annotations\\lib\\Doctrine\\Common\\Annotations\\AnnotationException.php:54, Symfony\\Component\\Config\\Exception\\FileLoaderLoadException(code: 0): [Semantical Error] The annotation \"@Template\" in method AppBundle\\Controller\\DefaultController::youtubeAction() was never imported. Did you maybe forget to add a \"use\" statement for this annotation? in C:\\testcario\\src\\AppBundle/Controller/ (which is being imported from \"C:\\testcario/app/config\\routing.yml\"). Make sure annotations are installed and enabled. at C:\\testcario\\vendor\\symfony\\symfony\\src\\Symfony\\Component\\Config\\Loader\\FileLoader.php:168, Doctrine\\Common\\Annotations\\AnnotationException(code: 0): [Semantical Error] The annotation \"@Template\" in method AppBundle\\Controller\\DefaultController::youtubeAction() was never imported. Did you maybe forget to add a \"use\" statement for this annotation? at C:\\testcario\\vendor\\doctrine\\annotations\\lib\\Doctrine\\Common\\Annotations\\AnnotationException.php:54)"} []
[2018-10-17 15:17:23] request.CRITICAL: Uncaught PHP Exception Twig_Error_Runtime: "An exception has been thrown during the rendering of a template ("[Semantical Error] The annotation "@Template" in method AppBundle\Controller\DefaultController::youtubeAction() was never imported. Did you maybe forget to add a "use" statement for this annotation? in C:\testcario\src\AppBundle/Controller/ (which is being imported from "C:\testcario/app/config\routing.yml"). Make sure annotations are installed and enabled.")." at C:\testcario\vendor\symfony\symfony\src\Symfony\Bundle\TwigBundle\Resources\views\Exception\trace.html.twig line 13 {"exception":"[object] (Twig_Error_Runtime(code: 0): An exception has been thrown during the rendering of a template (\"[Semantical Error] The annotation \"@Template\" in method AppBundle\\Controller\\DefaultController::youtubeAction() was never imported. Did you maybe forget to add a \"use\" statement for this annotation? in C:\\testcario\\src\\AppBundle/Controller/ (which is being imported from \"C:\\testcario/app/config\\routing.yml\"). Make sure annotations are installed and enabled.\"). at C:\\testcario\\vendor\\symfony\\symfony\\src\\Symfony\\Bundle\\TwigBundle\\Resources\\views\\Exception\\trace.html.twig:13, Symfony\\Component\\Config\\Exception\\FileLoaderLoadException(code: 0): [Semantical Error] The annotation \"@Template\" in method AppBundle\\Controller\\DefaultController::youtubeAction() was never imported. Did you maybe forget to add a \"use\" statement for this annotation? in C:\\testcario\\src\\AppBundle/Controller/ (which is being imported from \"C:\\testcario/app/config\\routing.yml\"). Make sure annotations are installed and enabled. at C:\\testcario\\vendor\\symfony\\symfony\\src\\Symfony\\Component\\Config\\Loader\\FileLoader.php:168, Doctrine\\Common\\Annotations\\AnnotationException(code: 0): [Semantical Error] The annotation \"@Template\" in method AppBundle\\Controller\\DefaultController::youtubeAction() was never imported. Did you maybe forget to add a \"use\" statement for this annotation? at C:\\testcario\\vendor\\doctrine\\annotations\\lib\\Doctrine\\Common\\Annotations\\AnnotationException.php:54, Symfony\\Component\\Config\\Exception\\FileLoaderLoadException(code: 0): [Semantical Error] The annotation \"@Template\" in method AppBundle\\Controller\\DefaultController::youtubeAction() was never imported. Did you maybe forget to add a \"use\" statement for this annotation? in C:\\testcario\\src\\AppBundle/Controller/ (which is being imported from \"C:\\testcario/app/config\\routing.yml\"). Make sure annotations are installed and enabled. at C:\\testcario\\vendor\\symfony\\symfony\\src\\Symfony\\Component\\Config\\Loader\\FileLoader.php:168, Doctrine\\Common\\Annotations\\AnnotationException(code: 0): [Semantical Error] The annotation \"@Template\" in method AppBundle\\Controller\\DefaultController::youtubeAction() was never imported. Did you maybe forget to add a \"use\" statement for this annotation? at C:\\testcario\\vendor\\doctrine\\annotations\\lib\\Doctrine\\Common\\Annotations\\AnnotationException.php:54)"} []
[2018-10-17 15:17:23] request.CRITICAL: Exception thrown when handling an exception (Twig_Error_Runtime: An exception has been thrown during the rendering of a template ("[Semantical Error] The annotation "@Template" in method AppBundle\Controller\DefaultController::youtubeAction() was never imported. Did you maybe forget to add a "use" statement for this annotation? in C:\testcario\src\AppBundle/Controller/ (which is being imported from "C:\testcario/app/config\routing.yml"). Make sure annotations are installed and enabled."). at C:\testcario\vendor\symfony\symfony\src\Symfony\Bundle\TwigBundle\Resources\views\Exception\trace.html.twig line 13) {"exception":"[object] (Twig_Error_Runtime(code: 0): An exception has been thrown during the rendering of a template (\"[Semantical Error] The annotation \"@Template\" in method AppBundle\\Controller\\DefaultController::youtubeAction() was never imported. Did you maybe forget to add a \"use\" statement for this annotation? in C:\\testcario\\src\\AppBundle/Controller/ (which is being imported from \"C:\\testcario/app/config\\routing.yml\"). Make sure annotations are installed and enabled.\"). at C:\\testcario\\vendor\\symfony\\symfony\\src\\Symfony\\Bundle\\TwigBundle\\Resources\\views\\Exception\\trace.html.twig:13, Symfony\\Component\\Config\\Exception\\FileLoaderLoadException(code: 0): [Semantical Error] The annotation \"@Template\" in method AppBundle\\Controller\\DefaultController::youtubeAction() was never imported. Did you maybe forget to add a \"use\" statement for this annotation? in C:\\testcario\\src\\AppBundle/Controller/ (which is being imported from \"C:\\testcario/app/config\\routing.yml\"). Make sure annotations are installed and enabled. at C:\\testcario\\vendor\\symfony\\symfony\\src\\Symfony\\Component\\Config\\Loader\\FileLoader.php:168, Doctrine\\Common\\Annotations\\AnnotationException(code: 0): [Semantical Error] The annotation \"@Template\" in method AppBundle\\Controller\\DefaultController::youtubeAction() was never imported. Did you maybe forget to add a \"use\" statement for this annotation? at C:\\testcario\\vendor\\doctrine\\annotations\\lib\\Doctrine\\Common\\Annotations\\AnnotationException.php:54)"} []
[2018-10-17 15:17:29] request.CRITICAL: Uncaught PHP Exception Symfony\Component\Config\Exception\FileLoaderLoadException: "[Semantical Error] The annotation "@Template" in method AppBundle\Controller\DefaultController::youtubeAction() was never imported. Did you maybe forget to add a "use" statement for this annotation? in C:\testcario\src\AppBundle/Controller/ (which is being imported from "C:\testcario/app/config\routing.yml"). Make sure annotations are installed and enabled." at C:\testcario\vendor\symfony\symfony\src\Symfony\Component\Config\Loader\FileLoader.php line 168 {"exception":"[object] (Symfony\\Component\\Config\\Exception\\FileLoaderLoadException(code: 0): [Semantical Error] The annotation \"@Template\" in method AppBundle\\Controller\\DefaultController::youtubeAction() was never imported. Did you maybe forget to add a \"use\" statement for this annotation? in C:\\testcario\\src\\AppBundle/Controller/ (which is being imported from \"C:\\testcario/app/config\\routing.yml\"). Make sure annotations are installed and enabled. at C:\\testcario\\vendor\\symfony\\symfony\\src\\Symfony\\Component\\Config\\Loader\\FileLoader.php:168, Doctrine\\Common\\Annotations\\AnnotationException(code: 0): [Semantical Error] The annotation \"@Template\" in method AppBundle\\Controller\\DefaultController::youtubeAction() was never imported. Did you maybe forget to add a \"use\" statement for this annotation? at C:\\testcario\\vendor\\doctrine\\annotations\\lib\\Doctrine\\Common\\Annotations\\AnnotationException.php:54)"} []
[2018-10-17 15:17:29] request.CRITICAL: Exception thrown when handling an exception (Twig_Error_Runtime: An exception has been thrown during the rendering of a template ("[Semantical Error] The annotation "@Template" in method AppBundle\Controller\DefaultController::youtubeAction() was never imported. Did you maybe forget to add a "use" statement for this annotation? in C:\testcario\src\AppBundle/Controller/ (which is being imported from "C:\testcario/app/config\routing.yml"). Make sure annotations are installed and enabled."). at C:\testcario\vendor\symfony\symfony\src\Symfony\Bundle\TwigBundle\Resources\views\Exception\trace.html.twig line 13) {"exception":"[object] (Twig_Error_Runtime(code: 0): An exception has been thrown during the rendering of a template (\"[Semantical Error] The annotation \"@Template\" in method AppBundle\\Controller\\DefaultController::youtubeAction() was never imported. Did you maybe forget to add a \"use\" statement for this annotation? in C:\\testcario\\src\\AppBundle/Controller/ (which is being imported from \"C:\\testcario/app/config\\routing.yml\"). Make sure annotations are installed and enabled.\"). at C:\\testcario\\vendor\\symfony\\symfony\\src\\Symfony\\Bundle\\TwigBundle\\Resources\\views\\Exception\\trace.html.twig:13, Symfony\\Component\\Config\\Exception\\FileLoaderLoadException(code: 0): [Semantical Error] The annotation \"@Template\" in method AppBundle\\Controller\\DefaultController::youtubeAction() was never imported. Did you maybe forget to add a \"use\" statement for this annotation? in C:\\testcario\\src\\AppBundle/Controller/ (which is being imported from \"C:\\testcario/app/config\\routing.yml\"). Make sure annotations are installed and enabled. at C:\\testcario\\vendor\\symfony\\symfony\\src\\Symfony\\Component\\Config\\Loader\\FileLoader.php:168, Doctrine\\Common\\Annotations\\AnnotationException(code: 0): [Semantical Error] The annotation \"@Template\" in method AppBundle\\Controller\\DefaultController::youtubeAction() was never imported. Did you maybe forget to add a \"use\" statement for this annotation? at C:\\testcario\\vendor\\doctrine\\annotations\\lib\\Doctrine\\Common\\Annotations\\AnnotationException.php:54)"} []
[2018-10-17 15:17:29] php.CRITICAL: Uncaught Exception: An exception has been thrown during the rendering of a template ("[Semantical Error] The annotation "@Template" in method AppBundle\Controller\DefaultController::youtubeAction() was never imported. Did you maybe forget to add a "use" statement for this annotation? in C:\testcario\src\AppBundle/Controller/ (which is being imported from "C:\testcario/app/config\routing.yml"). Make sure annotations are installed and enabled."). {"exception":"[object] (Twig_Error_Runtime(code: 0): An exception has been thrown during the rendering of a template (\"[Semantical Error] The annotation \"@Template\" in method AppBundle\\Controller\\DefaultController::youtubeAction() was never imported. Did you maybe forget to add a \"use\" statement for this annotation? in C:\\testcario\\src\\AppBundle/Controller/ (which is being imported from \"C:\\testcario/app/config\\routing.yml\"). Make sure annotations are installed and enabled.\"). at C:\\testcario\\vendor\\symfony\\symfony\\src\\Symfony\\Bundle\\TwigBundle\\Resources\\views\\Exception\\trace.html.twig:13, Symfony\\Component\\Config\\Exception\\FileLoaderLoadException(code: 0): [Semantical Error] The annotation \"@Template\" in method AppBundle\\Controller\\DefaultController::youtubeAction() was never imported. Did you maybe forget to add a \"use\" statement for this annotation? in C:\\testcario\\src\\AppBundle/Controller/ (which is being imported from \"C:\\testcario/app/config\\routing.yml\"). Make sure annotations are installed and enabled. at C:\\testcario\\vendor\\symfony\\symfony\\src\\Symfony\\Component\\Config\\Loader\\FileLoader.php:168, Doctrine\\Common\\Annotations\\AnnotationException(code: 0): [Semantical Error] The annotation \"@Template\" in method AppBundle\\Controller\\DefaultController::youtubeAction() was never imported. Did you maybe forget to add a \"use\" statement for this annotation? at C:\\testcario\\vendor\\doctrine\\annotations\\lib\\Doctrine\\Common\\Annotations\\AnnotationException.php:54, Symfony\\Component\\Config\\Exception\\FileLoaderLoadException(code: 0): [Semantical Error] The annotation \"@Template\" in method AppBundle\\Controller\\DefaultController::youtubeAction() was never imported. Did you maybe forget to add a \"use\" statement for this annotation? in C:\\testcario\\src\\AppBundle/Controller/ (which is being imported from \"C:\\testcario/app/config\\routing.yml\"). Make sure annotations are installed and enabled. at C:\\testcario\\vendor\\symfony\\symfony\\src\\Symfony\\Component\\Config\\Loader\\FileLoader.php:168, Doctrine\\Common\\Annotations\\AnnotationException(code: 0): [Semantical Error] The annotation \"@Template\" in method AppBundle\\Controller\\DefaultController::youtubeAction() was never imported. Did you maybe forget to add a \"use\" statement for this annotation? at C:\\testcario\\vendor\\doctrine\\annotations\\lib\\Doctrine\\Common\\Annotations\\AnnotationException.php:54)"} []
[2018-10-17 15:17:29] request.CRITICAL: Uncaught PHP Exception Twig_Error_Runtime: "An exception has been thrown during the rendering of a template ("[Semantical Error] The annotation "@Template" in method AppBundle\Controller\DefaultController::youtubeAction() was never imported. Did you maybe forget to add a "use" statement for this annotation? in C:\testcario\src\AppBundle/Controller/ (which is being imported from "C:\testcario/app/config\routing.yml"). Make sure annotations are installed and enabled.")." at C:\testcario\vendor\symfony\symfony\src\Symfony\Bundle\TwigBundle\Resources\views\Exception\trace.html.twig line 13 {"exception":"[object] (Twig_Error_Runtime(code: 0): An exception has been thrown during the rendering of a template (\"[Semantical Error] The annotation \"@Template\" in method AppBundle\\Controller\\DefaultController::youtubeAction() was never imported. Did you maybe forget to add a \"use\" statement for this annotation? in C:\\testcario\\src\\AppBundle/Controller/ (which is being imported from \"C:\\testcario/app/config\\routing.yml\"). Make sure annotations are installed and enabled.\"). at C:\\testcario\\vendor\\symfony\\symfony\\src\\Symfony\\Bundle\\TwigBundle\\Resources\\views\\Exception\\trace.html.twig:13, Symfony\\Component\\Config\\Exception\\FileLoaderLoadException(code: 0): [Semantical Error] The annotation \"@Template\" in method AppBundle\\Controller\\DefaultController::youtubeAction() was never imported. Did you maybe forget to add a \"use\" statement for this annotation? in C:\\testcario\\src\\AppBundle/Controller/ (which is being imported from \"C:\\testcario/app/config\\routing.yml\"). Make sure annotations are installed and enabled. at C:\\testcario\\vendor\\symfony\\symfony\\src\\Symfony\\Component\\Config\\Loader\\FileLoader.php:168, Doctrine\\Common\\Annotations\\AnnotationException(code: 0): [Semantical Error] The annotation \"@Template\" in method AppBundle\\Controller\\DefaultController::youtubeAction() was never imported. Did you maybe forget to add a \"use\" statement for this annotation? at C:\\testcario\\vendor\\doctrine\\annotations\\lib\\Doctrine\\Common\\Annotations\\AnnotationException.php:54, Symfony\\Component\\Config\\Exception\\FileLoaderLoadException(code: 0): [Semantical Error] The annotation \"@Template\" in method AppBundle\\Controller\\DefaultController::youtubeAction() was never imported. Did you maybe forget to add a \"use\" statement for this annotation? in C:\\testcario\\src\\AppBundle/Controller/ (which is being imported from \"C:\\testcario/app/config\\routing.yml\"). Make sure annotations are installed and enabled. at C:\\testcario\\vendor\\symfony\\symfony\\src\\Symfony\\Component\\Config\\Loader\\FileLoader.php:168, Doctrine\\Common\\Annotations\\AnnotationException(code: 0): [Semantical Error] The annotation \"@Template\" in method AppBundle\\Controller\\DefaultController::youtubeAction() was never imported. Did you maybe forget to add a \"use\" statement for this annotation? at C:\\testcario\\vendor\\doctrine\\annotations\\lib\\Doctrine\\Common\\Annotations\\AnnotationException.php:54)"} []
[2018-10-17 15:17:29] request.CRITICAL: Exception thrown when handling an exception (Twig_Error_Runtime: An exception has been thrown during the rendering of a template ("[Semantical Error] The annotation "@Template" in method AppBundle\Controller\DefaultController::youtubeAction() was never imported. Did you maybe forget to add a "use" statement for this annotation? in C:\testcario\src\AppBundle/Controller/ (which is being imported from "C:\testcario/app/config\routing.yml"). Make sure annotations are installed and enabled."). at C:\testcario\vendor\symfony\symfony\src\Symfony\Bundle\TwigBundle\Resources\views\Exception\trace.html.twig line 13) {"exception":"[object] (Twig_Error_Runtime(code: 0): An exception has been thrown during the rendering of a template (\"[Semantical Error] The annotation \"@Template\" in method AppBundle\\Controller\\DefaultController::youtubeAction() was never imported. Did you maybe forget to add a \"use\" statement for this annotation? in C:\\testcario\\src\\AppBundle/Controller/ (which is being imported from \"C:\\testcario/app/config\\routing.yml\"). Make sure annotations are installed and enabled.\"). at C:\\testcario\\vendor\\symfony\\symfony\\src\\Symfony\\Bundle\\TwigBundle\\Resources\\views\\Exception\\trace.html.twig:13, Symfony\\Component\\Config\\Exception\\FileLoaderLoadException(code: 0): [Semantical Error] The annotation \"@Template\" in method AppBundle\\Controller\\DefaultController::youtubeAction() was never imported. Did you maybe forget to add a \"use\" statement for this annotation? in C:\\testcario\\src\\AppBundle/Controller/ (which is being imported from \"C:\\testcario/app/config\\routing.yml\"). Make sure annotations are installed and enabled. at C:\\testcario\\vendor\\symfony\\symfony\\src\\Symfony\\Component\\Config\\Loader\\FileLoader.php:168, Doctrine\\Common\\Annotations\\AnnotationException(code: 0): [Semantical Error] The annotation \"@Template\" in method AppBundle\\Controller\\DefaultController::youtubeAction() was never imported. Did you maybe forget to add a \"use\" statement for this annotation? at C:\\testcario\\vendor\\doctrine\\annotations\\lib\\Doctrine\\Common\\Annotations\\AnnotationException.php:54)"} []
[2018-10-17 15:20:57] request.CRITICAL: Uncaught PHP Exception Symfony\Component\Config\Exception\FileLoaderLoadException: "[Semantical Error] The annotation "@Template" in method AppBundle\Controller\DefaultController::youtubeAction() was never imported. Did you maybe forget to add a "use" statement for this annotation? in C:\testcario\src\AppBundle/Controller/ (which is being imported from "C:\testcario/app/config\routing.yml"). Make sure annotations are installed and enabled." at C:\testcario\vendor\symfony\symfony\src\Symfony\Component\Config\Loader\FileLoader.php line 168 {"exception":"[object] (Symfony\\Component\\Config\\Exception\\FileLoaderLoadException(code: 0): [Semantical Error] The annotation \"@Template\" in method AppBundle\\Controller\\DefaultController::youtubeAction() was never imported. Did you maybe forget to add a \"use\" statement for this annotation? in C:\\testcario\\src\\AppBundle/Controller/ (which is being imported from \"C:\\testcario/app/config\\routing.yml\"). Make sure annotations are installed and enabled. at C:\\testcario\\vendor\\symfony\\symfony\\src\\Symfony\\Component\\Config\\Loader\\FileLoader.php:168, Doctrine\\Common\\Annotations\\AnnotationException(code: 0): [Semantical Error] The annotation \"@Template\" in method AppBundle\\Controller\\DefaultController::youtubeAction() was never imported. Did you maybe forget to add a \"use\" statement for this annotation? at C:\\testcario\\vendor\\doctrine\\annotations\\lib\\Doctrine\\Common\\Annotations\\AnnotationException.php:54)"} []
[2018-10-17 15:20:57] request.CRITICAL: Exception thrown when handling an exception (Twig_Error_Runtime: An exception has been thrown during the rendering of a template ("[Semantical Error] The annotation "@Template" in method AppBundle\Controller\DefaultController::youtubeAction() was never imported. Did you maybe forget to add a "use" statement for this annotation? in C:\testcario\src\AppBundle/Controller/ (which is being imported from "C:\testcario/app/config\routing.yml"). Make sure annotations are installed and enabled."). at C:\testcario\vendor\symfony\symfony\src\Symfony\Bundle\TwigBundle\Resources\views\Exception\trace.html.twig line 13) {"exception":"[object] (Twig_Error_Runtime(code: 0): An exception has been thrown during the rendering of a template (\"[Semantical Error] The annotation \"@Template\" in method AppBundle\\Controller\\DefaultController::youtubeAction() was never imported. Did you maybe forget to add a \"use\" statement for this annotation? in C:\\testcario\\src\\AppBundle/Controller/ (which is being imported from \"C:\\testcario/app/config\\routing.yml\"). Make sure annotations are installed and enabled.\"). at C:\\testcario\\vendor\\symfony\\symfony\\src\\Symfony\\Bundle\\TwigBundle\\Resources\\views\\Exception\\trace.html.twig:13, Symfony\\Component\\Config\\Exception\\FileLoaderLoadException(code: 0): [Semantical Error] The annotation \"@Template\" in method AppBundle\\Controller\\DefaultController::youtubeAction() was never imported. Did you maybe forget to add a \"use\" statement for this annotation? in C:\\testcario\\src\\AppBundle/Controller/ (which is being imported from \"C:\\testcario/app/config\\routing.yml\"). Make sure annotations are installed and enabled. at C:\\testcario\\vendor\\symfony\\symfony\\src\\Symfony\\Component\\Config\\Loader\\FileLoader.php:168, Doctrine\\Common\\Annotations\\AnnotationException(code: 0): [Semantical Error] The annotation \"@Template\" in method AppBundle\\Controller\\DefaultController::youtubeAction() was never imported. Did you maybe forget to add a \"use\" statement for this annotation? at C:\\testcario\\vendor\\doctrine\\annotations\\lib\\Doctrine\\Common\\Annotations\\AnnotationException.php:54)"} []
[2018-10-17 15:20:57] php.CRITICAL: Uncaught Exception: An exception has been thrown during the rendering of a template ("[Semantical Error] The annotation "@Template" in method AppBundle\Controller\DefaultController::youtubeAction() was never imported. Did you maybe forget to add a "use" statement for this annotation? in C:\testcario\src\AppBundle/Controller/ (which is being imported from "C:\testcario/app/config\routing.yml"). Make sure annotations are installed and enabled."). {"exception":"[object] (Twig_Error_Runtime(code: 0): An exception has been thrown during the rendering of a template (\"[Semantical Error] The annotation \"@Template\" in method AppBundle\\Controller\\DefaultController::youtubeAction() was never imported. Did you maybe forget to add a \"use\" statement for this annotation? in C:\\testcario\\src\\AppBundle/Controller/ (which is being imported from \"C:\\testcario/app/config\\routing.yml\"). Make sure annotations are installed and enabled.\"). at C:\\testcario\\vendor\\symfony\\symfony\\src\\Symfony\\Bundle\\TwigBundle\\Resources\\views\\Exception\\trace.html.twig:13, Symfony\\Component\\Config\\Exception\\FileLoaderLoadException(code: 0): [Semantical Error] The annotation \"@Template\" in method AppBundle\\Controller\\DefaultController::youtubeAction() was never imported. Did you maybe forget to add a \"use\" statement for this annotation? in C:\\testcario\\src\\AppBundle/Controller/ (which is being imported from \"C:\\testcario/app/config\\routing.yml\"). Make sure annotations are installed and enabled. at C:\\testcario\\vendor\\symfony\\symfony\\src\\Symfony\\Component\\Config\\Loader\\FileLoader.php:168, Doctrine\\Common\\Annotations\\AnnotationException(code: 0): [Semantical Error] The annotation \"@Template\" in method AppBundle\\Controller\\DefaultController::youtubeAction() was never imported. Did you maybe forget to add a \"use\" statement for this annotation? at C:\\testcario\\vendor\\doctrine\\annotations\\lib\\Doctrine\\Common\\Annotations\\AnnotationException.php:54, Symfony\\Component\\Config\\Exception\\FileLoaderLoadException(code: 0): [Semantical Error] The annotation \"@Template\" in method AppBundle\\Controller\\DefaultController::youtubeAction() was never imported. Did you maybe forget to add a \"use\" statement for this annotation? in C:\\testcario\\src\\AppBundle/Controller/ (which is being imported from \"C:\\testcario/app/config\\routing.yml\"). Make sure annotations are installed and enabled. at C:\\testcario\\vendor\\symfony\\symfony\\src\\Symfony\\Component\\Config\\Loader\\FileLoader.php:168, Doctrine\\Common\\Annotations\\AnnotationException(code: 0): [Semantical Error] The annotation \"@Template\" in method AppBundle\\Controller\\DefaultController::youtubeAction() was never imported. Did you maybe forget to add a \"use\" statement for this annotation? at C:\\testcario\\vendor\\doctrine\\annotations\\lib\\Doctrine\\Common\\Annotations\\AnnotationException.php:54)"} []
[2018-10-17 15:20:57] request.CRITICAL: Uncaught PHP Exception Twig_Error_Runtime: "An exception has been thrown during the rendering of a template ("[Semantical Error] The annotation "@Template" in method AppBundle\Controller\DefaultController::youtubeAction() was never imported. Did you maybe forget to add a "use" statement for this annotation? in C:\testcario\src\AppBundle/Controller/ (which is being imported from "C:\testcario/app/config\routing.yml"). Make sure annotations are installed and enabled.")." at C:\testcario\vendor\symfony\symfony\src\Symfony\Bundle\TwigBundle\Resources\views\Exception\trace.html.twig line 13 {"exception":"[object] (Twig_Error_Runtime(code: 0): An exception has been thrown during the rendering of a template (\"[Semantical Error] The annotation \"@Template\" in method AppBundle\\Controller\\DefaultController::youtubeAction() was never imported. Did you maybe forget to add a \"use\" statement for this annotation? in C:\\testcario\\src\\AppBundle/Controller/ (which is being imported from \"C:\\testcario/app/config\\routing.yml\"). Make sure annotations are installed and enabled.\"). at C:\\testcario\\vendor\\symfony\\symfony\\src\\Symfony\\Bundle\\TwigBundle\\Resources\\views\\Exception\\trace.html.twig:13, Symfony\\Component\\Config\\Exception\\FileLoaderLoadException(code: 0): [Semantical Error] The annotation \"@Template\" in method AppBundle\\Controller\\DefaultController::youtubeAction() was never imported. Did you maybe forget to add a \"use\" statement for this annotation? in C:\\testcario\\src\\AppBundle/Controller/ (which is being imported from \"C:\\testcario/app/config\\routing.yml\"). Make sure annotations are installed and enabled. at C:\\testcario\\vendor\\symfony\\symfony\\src\\Symfony\\Component\\Config\\Loader\\FileLoader.php:168, Doctrine\\Common\\Annotations\\AnnotationException(code: 0): [Semantical Error] The annotation \"@Template\" in method AppBundle\\Controller\\DefaultController::youtubeAction() was never imported. Did you maybe forget to add a \"use\" statement for this annotation? at C:\\testcario\\vendor\\doctrine\\annotations\\lib\\Doctrine\\Common\\Annotations\\AnnotationException.php:54, Symfony\\Component\\Config\\Exception\\FileLoaderLoadException(code: 0): [Semantical Error] The annotation \"@Template\" in method AppBundle\\Controller\\DefaultController::youtubeAction() was never imported. Did you maybe forget to add a \"use\" statement for this annotation? in C:\\testcario\\src\\AppBundle/Controller/ (which is being imported from \"C:\\testcario/app/config\\routing.yml\"). Make sure annotations are installed and enabled. at C:\\testcario\\vendor\\symfony\\symfony\\src\\Symfony\\Component\\Config\\Loader\\FileLoader.php:168, Doctrine\\Common\\Annotations\\AnnotationException(code: 0): [Semantical Error] The annotation \"@Template\" in method AppBundle\\Controller\\DefaultController::youtubeAction() was never imported. Did you maybe forget to add a \"use\" statement for this annotation? at C:\\testcario\\vendor\\doctrine\\annotations\\lib\\Doctrine\\Common\\Annotations\\AnnotationException.php:54)"} []
[2018-10-17 15:20:57] request.CRITICAL: Exception thrown when handling an exception (Twig_Error_Runtime: An exception has been thrown during the rendering of a template ("[Semantical Error] The annotation "@Template" in method AppBundle\Controller\DefaultController::youtubeAction() was never imported. Did you maybe forget to add a "use" statement for this annotation? in C:\testcario\src\AppBundle/Controller/ (which is being imported from "C:\testcario/app/config\routing.yml"). Make sure annotations are installed and enabled."). at C:\testcario\vendor\symfony\symfony\src\Symfony\Bundle\TwigBundle\Resources\views\Exception\trace.html.twig line 13) {"exception":"[object] (Twig_Error_Runtime(code: 0): An exception has been thrown during the rendering of a template (\"[Semantical Error] The annotation \"@Template\" in method AppBundle\\Controller\\DefaultController::youtubeAction() was never imported. Did you maybe forget to add a \"use\" statement for this annotation? in C:\\testcario\\src\\AppBundle/Controller/ (which is being imported from \"C:\\testcario/app/config\\routing.yml\"). Make sure annotations are installed and enabled.\"). at C:\\testcario\\vendor\\symfony\\symfony\\src\\Symfony\\Bundle\\TwigBundle\\Resources\\views\\Exception\\trace.html.twig:13, Symfony\\Component\\Config\\Exception\\FileLoaderLoadException(code: 0): [Semantical Error] The annotation \"@Template\" in method AppBundle\\Controller\\DefaultController::youtubeAction() was never imported. Did you maybe forget to add a \"use\" statement for this annotation? in C:\\testcario\\src\\AppBundle/Controller/ (which is being imported from \"C:\\testcario/app/config\\routing.yml\"). Make sure annotations are installed and enabled. at C:\\testcario\\vendor\\symfony\\symfony\\src\\Symfony\\Component\\Config\\Loader\\FileLoader.php:168, Doctrine\\Common\\Annotations\\AnnotationException(code: 0): [Semantical Error] The annotation \"@Template\" in method AppBundle\\Controller\\DefaultController::youtubeAction() was never imported. Did you maybe forget to add a \"use\" statement for this annotation? at C:\\testcario\\vendor\\doctrine\\annotations\\lib\\Doctrine\\Common\\Annotations\\AnnotationException.php:54)"} []
[2018-10-17 15:20:58] request.CRITICAL: Uncaught PHP Exception Symfony\Component\Config\Exception\FileLoaderLoadException: "[Semantical Error] The annotation "@Template" in method AppBundle\Controller\DefaultController::youtubeAction() was never imported. Did you maybe forget to add a "use" statement for this annotation? in C:\testcario\src\AppBundle/Controller/ (which is being imported from "C:\testcario/app/config\routing.yml"). Make sure annotations are installed and enabled." at C:\testcario\vendor\symfony\symfony\src\Symfony\Component\Config\Loader\FileLoader.php line 168 {"exception":"[object] (Symfony\\Component\\Config\\Exception\\FileLoaderLoadException(code: 0): [Semantical Error] The annotation \"@Template\" in method AppBundle\\Controller\\DefaultController::youtubeAction() was never imported. Did you maybe forget to add a \"use\" statement for this annotation? in C:\\testcario\\src\\AppBundle/Controller/ (which is being imported from \"C:\\testcario/app/config\\routing.yml\"). Make sure annotations are installed and enabled. at C:\\testcario\\vendor\\symfony\\symfony\\src\\Symfony\\Component\\Config\\Loader\\FileLoader.php:168, Doctrine\\Common\\Annotations\\AnnotationException(code: 0): [Semantical Error] The annotation \"@Template\" in method AppBundle\\Controller\\DefaultController::youtubeAction() was never imported. Did you maybe forget to add a \"use\" statement for this annotation? at C:\\testcario\\vendor\\doctrine\\annotations\\lib\\Doctrine\\Common\\Annotations\\AnnotationException.php:54)"} []
[2018-10-17 15:20:58] request.CRITICAL: Exception thrown when handling an exception (Twig_Error_Runtime: An exception has been thrown during the rendering of a template ("[Semantical Error] The annotation "@Template" in method AppBundle\Controller\DefaultController::youtubeAction() was never imported. Did you maybe forget to add a "use" statement for this annotation? in C:\testcario\src\AppBundle/Controller/ (which is being imported from "C:\testcario/app/config\routing.yml"). Make sure annotations are installed and enabled."). at C:\testcario\vendor\symfony\symfony\src\Symfony\Bundle\TwigBundle\Resources\views\Exception\trace.html.twig line 13) {"exception":"[object] (Twig_Error_Runtime(code: 0): An exception has been thrown during the rendering of a template (\"[Semantical Error] The annotation \"@Template\" in method AppBundle\\Controller\\DefaultController::youtubeAction() was never imported. Did you maybe forget to add a \"use\" statement for this annotation? in C:\\testcario\\src\\AppBundle/Controller/ (which is being imported from \"C:\\testcario/app/config\\routing.yml\"). Make sure annotations are installed and enabled.\"). at C:\\testcario\\vendor\\symfony\\symfony\\src\\Symfony\\Bundle\\TwigBundle\\Resources\\views\\Exception\\trace.html.twig:13, Symfony\\Component\\Config\\Exception\\FileLoaderLoadException(code: 0): [Semantical Error] The annotation \"@Template\" in method AppBundle\\Controller\\DefaultController::youtubeAction() was never imported. Did you maybe forget to add a \"use\" statement for this annotation? in C:\\testcario\\src\\AppBundle/Controller/ (which is being imported from \"C:\\testcario/app/config\\routing.yml\"). Make sure annotations are installed and enabled. at C:\\testcario\\vendor\\symfony\\symfony\\src\\Symfony\\Component\\Config\\Loader\\FileLoader.php:168, Doctrine\\Common\\Annotations\\AnnotationException(code: 0): [Semantical Error] The annotation \"@Template\" in method AppBundle\\Controller\\DefaultController::youtubeAction() was never imported. Did you maybe forget to add a \"use\" statement for this annotation? at C:\\testcario\\vendor\\doctrine\\annotations\\lib\\Doctrine\\Common\\Annotations\\AnnotationException.php:54)"} []
[2018-10-17 15:20:58] php.CRITICAL: Uncaught Exception: An exception has been thrown during the rendering of a template ("[Semantical Error] The annotation "@Template" in method AppBundle\Controller\DefaultController::youtubeAction() was never imported. Did you maybe forget to add a "use" statement for this annotation? in C:\testcario\src\AppBundle/Controller/ (which is being imported from "C:\testcario/app/config\routing.yml"). Make sure annotations are installed and enabled."). {"exception":"[object] (Twig_Error_Runtime(code: 0): An exception has been thrown during the rendering of a template (\"[Semantical Error] The annotation \"@Template\" in method AppBundle\\Controller\\DefaultController::youtubeAction() was never imported. Did you maybe forget to add a \"use\" statement for this annotation? in C:\\testcario\\src\\AppBundle/Controller/ (which is being imported from \"C:\\testcario/app/config\\routing.yml\"). Make sure annotations are installed and enabled.\"). at C:\\testcario\\vendor\\symfony\\symfony\\src\\Symfony\\Bundle\\TwigBundle\\Resources\\views\\Exception\\trace.html.twig:13, Symfony\\Component\\Config\\Exception\\FileLoaderLoadException(code: 0): [Semantical Error] The annotation \"@Template\" in method AppBundle\\Controller\\DefaultController::youtubeAction() was never imported. Did you maybe forget to add a \"use\" statement for this annotation? in C:\\testcario\\src\\AppBundle/Controller/ (which is being imported from \"C:\\testcario/app/config\\routing.yml\"). Make sure annotations are installed and enabled. at C:\\testcario\\vendor\\symfony\\symfony\\src\\Symfony\\Component\\Config\\Loader\\FileLoader.php:168, Doctrine\\Common\\Annotations\\AnnotationException(code: 0): [Semantical Error] The annotation \"@Template\" in method AppBundle\\Controller\\DefaultController::youtubeAction() was never imported. Did you maybe forget to add a \"use\" statement for this annotation? at C:\\testcario\\vendor\\doctrine\\annotations\\lib\\Doctrine\\Common\\Annotations\\AnnotationException.php:54, Symfony\\Component\\Config\\Exception\\FileLoaderLoadException(code: 0): [Semantical Error] The annotation \"@Template\" in method AppBundle\\Controller\\DefaultController::youtubeAction() was never imported. Did you maybe forget to add a \"use\" statement for this annotation? in C:\\testcario\\src\\AppBundle/Controller/ (which is being imported from \"C:\\testcario/app/config\\routing.yml\"). Make sure annotations are installed and enabled. at C:\\testcario\\vendor\\symfony\\symfony\\src\\Symfony\\Component\\Config\\Loader\\FileLoader.php:168, Doctrine\\Common\\Annotations\\AnnotationException(code: 0): [Semantical Error] The annotation \"@Template\" in method AppBundle\\Controller\\DefaultController::youtubeAction() was never imported. Did you maybe forget to add a \"use\" statement for this annotation? at C:\\testcario\\vendor\\doctrine\\annotations\\lib\\Doctrine\\Common\\Annotations\\AnnotationException.php:54)"} []
[2018-10-17 15:20:59] request.CRITICAL: Uncaught PHP Exception Twig_Error_Runtime: "An exception has been thrown during the rendering of a template ("[Semantical Error] The annotation "@Template" in method AppBundle\Controller\DefaultController::youtubeAction() was never imported. Did you maybe forget to add a "use" statement for this annotation? in C:\testcario\src\AppBundle/Controller/ (which is being imported from "C:\testcario/app/config\routing.yml"). Make sure annotations are installed and enabled.")." at C:\testcario\vendor\symfony\symfony\src\Symfony\Bundle\TwigBundle\Resources\views\Exception\trace.html.twig line 13 {"exception":"[object] (Twig_Error_Runtime(code: 0): An exception has been thrown during the rendering of a template (\"[Semantical Error] The annotation \"@Template\" in method AppBundle\\Controller\\DefaultController::youtubeAction() was never imported. Did you maybe forget to add a \"use\" statement for this annotation? in C:\\testcario\\src\\AppBundle/Controller/ (which is being imported from \"C:\\testcario/app/config\\routing.yml\"). Make sure annotations are installed and enabled.\"). at C:\\testcario\\vendor\\symfony\\symfony\\src\\Symfony\\Bundle\\TwigBundle\\Resources\\views\\Exception\\trace.html.twig:13, Symfony\\Component\\Config\\Exception\\FileLoaderLoadException(code: 0): [Semantical Error] The annotation \"@Template\" in method AppBundle\\Controller\\DefaultController::youtubeAction() was never imported. Did you maybe forget to add a \"use\" statement for this annotation? in C:\\testcario\\src\\AppBundle/Controller/ (which is being imported from \"C:\\testcario/app/config\\routing.yml\"). Make sure annotations are installed and enabled. at C:\\testcario\\vendor\\symfony\\symfony\\src\\Symfony\\Component\\Config\\Loader\\FileLoader.php:168, Doctrine\\Common\\Annotations\\AnnotationException(code: 0): [Semantical Error] The annotation \"@Template\" in method AppBundle\\Controller\\DefaultController::youtubeAction() was never imported. Did you maybe forget to add a \"use\" statement for this annotation? at C:\\testcario\\vendor\\doctrine\\annotations\\lib\\Doctrine\\Common\\Annotations\\AnnotationException.php:54, Symfony\\Component\\Config\\Exception\\FileLoaderLoadException(code: 0): [Semantical Error] The annotation \"@Template\" in method AppBundle\\Controller\\DefaultController::youtubeAction() was never imported. Did you maybe forget to add a \"use\" statement for this annotation? in C:\\testcario\\src\\AppBundle/Controller/ (which is being imported from \"C:\\testcario/app/config\\routing.yml\"). Make sure annotations are installed and enabled. at C:\\testcario\\vendor\\symfony\\symfony\\src\\Symfony\\Component\\Config\\Loader\\FileLoader.php:168, Doctrine\\Common\\Annotations\\AnnotationException(code: 0): [Semantical Error] The annotation \"@Template\" in method AppBundle\\Controller\\DefaultController::youtubeAction() was never imported. Did you maybe forget to add a \"use\" statement for this annotation? at C:\\testcario\\vendor\\doctrine\\annotations\\lib\\Doctrine\\Common\\Annotations\\AnnotationException.php:54)"} []
[2018-10-17 15:20:59] request.CRITICAL: Exception thrown when handling an exception (Twig_Error_Runtime: An exception has been thrown during the rendering of a template ("[Semantical Error] The annotation "@Template" in method AppBundle\Controller\DefaultController::youtubeAction() was never imported. Did you maybe forget to add a "use" statement for this annotation? in C:\testcario\src\AppBundle/Controller/ (which is being imported from "C:\testcario/app/config\routing.yml"). Make sure annotations are installed and enabled."). at C:\testcario\vendor\symfony\symfony\src\Symfony\Bundle\TwigBundle\Resources\views\Exception\trace.html.twig line 13) {"exception":"[object] (Twig_Error_Runtime(code: 0): An exception has been thrown during the rendering of a template (\"[Semantical Error] The annotation \"@Template\" in method AppBundle\\Controller\\DefaultController::youtubeAction() was never imported. Did you maybe forget to add a \"use\" statement for this annotation? in C:\\testcario\\src\\AppBundle/Controller/ (which is being imported from \"C:\\testcario/app/config\\routing.yml\"). Make sure annotations are installed and enabled.\"). at C:\\testcario\\vendor\\symfony\\symfony\\src\\Symfony\\Bundle\\TwigBundle\\Resources\\views\\Exception\\trace.html.twig:13, Symfony\\Component\\Config\\Exception\\FileLoaderLoadException(code: 0): [Semantical Error] The annotation \"@Template\" in method AppBundle\\Controller\\DefaultController::youtubeAction() was never imported. Did you maybe forget to add a \"use\" statement for this annotation? in C:\\testcario\\src\\AppBundle/Controller/ (which is being imported from \"C:\\testcario/app/config\\routing.yml\"). Make sure annotations are installed and enabled. at C:\\testcario\\vendor\\symfony\\symfony\\src\\Symfony\\Component\\Config\\Loader\\FileLoader.php:168, Doctrine\\Common\\Annotations\\AnnotationException(code: 0): [Semantical Error] The annotation \"@Template\" in method AppBundle\\Controller\\DefaultController::youtubeAction() was never imported. Did you maybe forget to add a \"use\" statement for this annotation? at C:\\testcario\\vendor\\doctrine\\annotations\\lib\\Doctrine\\Common\\Annotations\\AnnotationException.php:54)"} []
[2018-10-17 15:24:06] request.CRITICAL: Uncaught PHP Exception Symfony\Component\Config\Exception\FileLoaderLoadException: "[Semantical Error] The annotation "@Template" in method AppBundle\Controller\DefaultController::youtubeAction() was never imported. Did you maybe forget to add a "use" statement for this annotation? in C:\testcario\src\AppBundle/Controller/ (which is being imported from "C:\testcario/app/config\routing.yml"). Make sure annotations are installed and enabled." at C:\testcario\vendor\symfony\symfony\src\Symfony\Component\Config\Loader\FileLoader.php line 168 {"exception":"[object] (Symfony\\Component\\Config\\Exception\\FileLoaderLoadException(code: 0): [Semantical Error] The annotation \"@Template\" in method AppBundle\\Controller\\DefaultController::youtubeAction() was never imported. Did you maybe forget to add a \"use\" statement for this annotation? in C:\\testcario\\src\\AppBundle/Controller/ (which is being imported from \"C:\\testcario/app/config\\routing.yml\"). Make sure annotations are installed and enabled. at C:\\testcario\\vendor\\symfony\\symfony\\src\\Symfony\\Component\\Config\\Loader\\FileLoader.php:168, Doctrine\\Common\\Annotations\\AnnotationException(code: 0): [Semantical Error] The annotation \"@Template\" in method AppBundle\\Controller\\DefaultController::youtubeAction() was never imported. Did you maybe forget to add a \"use\" statement for this annotation? at C:\\testcario\\vendor\\doctrine\\annotations\\lib\\Doctrine\\Common\\Annotations\\AnnotationException.php:54)"} []
[2018-10-17 15:24:06] request.CRITICAL: Exception thrown when handling an exception (Twig_Error_Runtime: An exception has been thrown during the rendering of a template ("[Semantical Error] The annotation "@Template" in method AppBundle\Controller\DefaultController::youtubeAction() was never imported. Did you maybe forget to add a "use" statement for this annotation? in C:\testcario\src\AppBundle/Controller/ (which is being imported from "C:\testcario/app/config\routing.yml"). Make sure annotations are installed and enabled."). at C:\testcario\vendor\symfony\symfony\src\Symfony\Bundle\TwigBundle\Resources\views\Exception\trace.html.twig line 13) {"exception":"[object] (Twig_Error_Runtime(code: 0): An exception has been thrown during the rendering of a template (\"[Semantical Error] The annotation \"@Template\" in method AppBundle\\Controller\\DefaultController::youtubeAction() was never imported. Did you maybe forget to add a \"use\" statement for this annotation? in C:\\testcario\\src\\AppBundle/Controller/ (which is being imported from \"C:\\testcario/app/config\\routing.yml\"). Make sure annotations are installed and enabled.\"). at C:\\testcario\\vendor\\symfony\\symfony\\src\\Symfony\\Bundle\\TwigBundle\\Resources\\views\\Exception\\trace.html.twig:13, Symfony\\Component\\Config\\Exception\\FileLoaderLoadException(code: 0): [Semantical Error] The annotation \"@Template\" in method AppBundle\\Controller\\DefaultController::youtubeAction() was never imported. Did you maybe forget to add a \"use\" statement for this annotation? in C:\\testcario\\src\\AppBundle/Controller/ (which is being imported from \"C:\\testcario/app/config\\routing.yml\"). Make sure annotations are installed and enabled. at C:\\testcario\\vendor\\symfony\\symfony\\src\\Symfony\\Component\\Config\\Loader\\FileLoader.php:168, Doctrine\\Common\\Annotations\\AnnotationException(code: 0): [Semantical Error] The annotation \"@Template\" in method AppBundle\\Controller\\DefaultController::youtubeAction() was never imported. Did you maybe forget to add a \"use\" statement for this annotation? at C:\\testcario\\vendor\\doctrine\\annotations\\lib\\Doctrine\\Common\\Annotations\\AnnotationException.php:54)"} []
[2018-10-17 15:24:06] php.CRITICAL: Uncaught Exception: An exception has been thrown during the rendering of a template ("[Semantical Error] The annotation "@Template" in method AppBundle\Controller\DefaultController::youtubeAction() was never imported. Did you maybe forget to add a "use" statement for this annotation? in C:\testcario\src\AppBundle/Controller/ (which is being imported from "C:\testcario/app/config\routing.yml"). Make sure annotations are installed and enabled."). {"exception":"[object] (Twig_Error_Runtime(code: 0): An exception has been thrown during the rendering of a template (\"[Semantical Error] The annotation \"@Template\" in method AppBundle\\Controller\\DefaultController::youtubeAction() was never imported. Did you maybe forget to add a \"use\" statement for this annotation? in C:\\testcario\\src\\AppBundle/Controller/ (which is being imported from \"C:\\testcario/app/config\\routing.yml\"). Make sure annotations are installed and enabled.\"). at C:\\testcario\\vendor\\symfony\\symfony\\src\\Symfony\\Bundle\\TwigBundle\\Resources\\views\\Exception\\trace.html.twig:13, Symfony\\Component\\Config\\Exception\\FileLoaderLoadException(code: 0): [Semantical Error] The annotation \"@Template\" in method AppBundle\\Controller\\DefaultController::youtubeAction() was never imported. Did you maybe forget to add a \"use\" statement for this annotation? in C:\\testcario\\src\\AppBundle/Controller/ (which is being imported from \"C:\\testcario/app/config\\routing.yml\"). Make sure annotations are installed and enabled. at C:\\testcario\\vendor\\symfony\\symfony\\src\\Symfony\\Component\\Config\\Loader\\FileLoader.php:168, Doctrine\\Common\\Annotations\\AnnotationException(code: 0): [Semantical Error] The annotation \"@Template\" in method AppBundle\\Controller\\DefaultController::youtubeAction() was never imported. Did you maybe forget to add a \"use\" statement for this annotation? at C:\\testcario\\vendor\\doctrine\\annotations\\lib\\Doctrine\\Common\\Annotations\\AnnotationException.php:54, Symfony\\Component\\Config\\Exception\\FileLoaderLoadException(code: 0): [Semantical Error] The annotation \"@Template\" in method AppBundle\\Controller\\DefaultController::youtubeAction() was never imported. Did you maybe forget to add a \"use\" statement for this annotation? in C:\\testcario\\src\\AppBundle/Controller/ (which is being imported from \"C:\\testcario/app/config\\routing.yml\"). Make sure annotations are installed and enabled. at C:\\testcario\\vendor\\symfony\\symfony\\src\\Symfony\\Component\\Config\\Loader\\FileLoader.php:168, Doctrine\\Common\\Annotations\\AnnotationException(code: 0): [Semantical Error] The annotation \"@Template\" in method AppBundle\\Controller\\DefaultController::youtubeAction() was never imported. Did you maybe forget to add a \"use\" statement for this annotation? at C:\\testcario\\vendor\\doctrine\\annotations\\lib\\Doctrine\\Common\\Annotations\\AnnotationException.php:54)"} []
[2018-10-17 15:24:06] request.CRITICAL: Uncaught PHP Exception Twig_Error_Runtime: "An exception has been thrown during the rendering of a template ("[Semantical Error] The annotation "@Template" in method AppBundle\Controller\DefaultController::youtubeAction() was never imported. Did you maybe forget to add a "use" statement for this annotation? in C:\testcario\src\AppBundle/Controller/ (which is being imported from "C:\testcario/app/config\routing.yml"). Make sure annotations are installed and enabled.")." at C:\testcario\vendor\symfony\symfony\src\Symfony\Bundle\TwigBundle\Resources\views\Exception\trace.html.twig line 13 {"exception":"[object] (Twig_Error_Runtime(code: 0): An exception has been thrown during the rendering of a template (\"[Semantical Error] The annotation \"@Template\" in method AppBundle\\Controller\\DefaultController::youtubeAction() was never imported. Did you maybe forget to add a \"use\" statement for this annotation? in C:\\testcario\\src\\AppBundle/Controller/ (which is being imported from \"C:\\testcario/app/config\\routing.yml\"). Make sure annotations are installed and enabled.\"). at C:\\testcario\\vendor\\symfony\\symfony\\src\\Symfony\\Bundle\\TwigBundle\\Resources\\views\\Exception\\trace.html.twig:13, Symfony\\Component\\Config\\Exception\\FileLoaderLoadException(code: 0): [Semantical Error] The annotation \"@Template\" in method AppBundle\\Controller\\DefaultController::youtubeAction() was never imported. Did you maybe forget to add a \"use\" statement for this annotation? in C:\\testcario\\src\\AppBundle/Controller/ (which is being imported from \"C:\\testcario/app/config\\routing.yml\"). Make sure annotations are installed and enabled. at C:\\testcario\\vendor\\symfony\\symfony\\src\\Symfony\\Component\\Config\\Loader\\FileLoader.php:168, Doctrine\\Common\\Annotations\\AnnotationException(code: 0): [Semantical Error] The annotation \"@Template\" in method AppBundle\\Controller\\DefaultController::youtubeAction() was never imported. Did you maybe forget to add a \"use\" statement for this annotation? at C:\\testcario\\vendor\\doctrine\\annotations\\lib\\Doctrine\\Common\\Annotations\\AnnotationException.php:54, Symfony\\Component\\Config\\Exception\\FileLoaderLoadException(code: 0): [Semantical Error] The annotation \"@Template\" in method AppBundle\\Controller\\DefaultController::youtubeAction() was never imported. Did you maybe forget to add a \"use\" statement for this annotation? in C:\\testcario\\src\\AppBundle/Controller/ (which is being imported from \"C:\\testcario/app/config\\routing.yml\"). Make sure annotations are installed and enabled. at C:\\testcario\\vendor\\symfony\\symfony\\src\\Symfony\\Component\\Config\\Loader\\FileLoader.php:168, Doctrine\\Common\\Annotations\\AnnotationException(code: 0): [Semantical Error] The annotation \"@Template\" in method AppBundle\\Controller\\DefaultController::youtubeAction() was never imported. Did you maybe forget to add a \"use\" statement for this annotation? at C:\\testcario\\vendor\\doctrine\\annotations\\lib\\Doctrine\\Common\\Annotations\\AnnotationException.php:54)"} []
[2018-10-17 15:24:06] request.CRITICAL: Exception thrown when handling an exception (Twig_Error_Runtime: An exception has been thrown during the rendering of a template ("[Semantical Error] The annotation "@Template" in method AppBundle\Controller\DefaultController::youtubeAction() was never imported. Did you maybe forget to add a "use" statement for this annotation? in C:\testcario\src\AppBundle/Controller/ (which is being imported from "C:\testcario/app/config\routing.yml"). Make sure annotations are installed and enabled."). at C:\testcario\vendor\symfony\symfony\src\Symfony\Bundle\TwigBundle\Resources\views\Exception\trace.html.twig line 13) {"exception":"[object] (Twig_Error_Runtime(code: 0): An exception has been thrown during the rendering of a template (\"[Semantical Error] The annotation \"@Template\" in method AppBundle\\Controller\\DefaultController::youtubeAction() was never imported. Did you maybe forget to add a \"use\" statement for this annotation? in C:\\testcario\\src\\AppBundle/Controller/ (which is being imported from \"C:\\testcario/app/config\\routing.yml\"). Make sure annotations are installed and enabled.\"). at C:\\testcario\\vendor\\symfony\\symfony\\src\\Symfony\\Bundle\\TwigBundle\\Resources\\views\\Exception\\trace.html.twig:13, Symfony\\Component\\Config\\Exception\\FileLoaderLoadException(code: 0): [Semantical Error] The annotation \"@Template\" in method AppBundle\\Controller\\DefaultController::youtubeAction() was never imported. Did you maybe forget to add a \"use\" statement for this annotation? in C:\\testcario\\src\\AppBundle/Controller/ (which is being imported from \"C:\\testcario/app/config\\routing.yml\"). Make sure annotations are installed and enabled. at C:\\testcario\\vendor\\symfony\\symfony\\src\\Symfony\\Component\\Config\\Loader\\FileLoader.php:168, Doctrine\\Common\\Annotations\\AnnotationException(code: 0): [Semantical Error] The annotation \"@Template\" in method AppBundle\\Controller\\DefaultController::youtubeAction() was never imported. Did you maybe forget to add a \"use\" statement for this annotation? at C:\\testcario\\vendor\\doctrine\\annotations\\lib\\Doctrine\\Common\\Annotations\\AnnotationException.php:54)"} []
[2018-10-17 15:24:07] request.CRITICAL: Uncaught PHP Exception Symfony\Component\Config\Exception\FileLoaderLoadException: "[Semantical Error] The annotation "@Template" in method AppBundle\Controller\DefaultController::youtubeAction() was never imported. Did you maybe forget to add a "use" statement for this annotation? in C:\testcario\src\AppBundle/Controller/ (which is being imported from "C:\testcario/app/config\routing.yml"). Make sure annotations are installed and enabled." at C:\testcario\vendor\symfony\symfony\src\Symfony\Component\Config\Loader\FileLoader.php line 168 {"exception":"[object] (Symfony\\Component\\Config\\Exception\\FileLoaderLoadException(code: 0): [Semantical Error] The annotation \"@Template\" in method AppBundle\\Controller\\DefaultController::youtubeAction() was never imported. Did you maybe forget to add a \"use\" statement for this annotation? in C:\\testcario\\src\\AppBundle/Controller/ (which is being imported from \"C:\\testcario/app/config\\routing.yml\"). Make sure annotations are installed and enabled. at C:\\testcario\\vendor\\symfony\\symfony\\src\\Symfony\\Component\\Config\\Loader\\FileLoader.php:168, Doctrine\\Common\\Annotations\\AnnotationException(code: 0): [Semantical Error] The annotation \"@Template\" in method AppBundle\\Controller\\DefaultController::youtubeAction() was never imported. Did you maybe forget to add a \"use\" statement for this annotation? at C:\\testcario\\vendor\\doctrine\\annotations\\lib\\Doctrine\\Common\\Annotations\\AnnotationException.php:54)"} []
[2018-10-17 15:24:07] request.CRITICAL: Exception thrown when handling an exception (Twig_Error_Runtime: An exception has been thrown during the rendering of a template ("[Semantical Error] The annotation "@Template" in method AppBundle\Controller\DefaultController::youtubeAction() was never imported. Did you maybe forget to add a "use" statement for this annotation? in C:\testcario\src\AppBundle/Controller/ (which is being imported from "C:\testcario/app/config\routing.yml"). Make sure annotations are installed and enabled."). at C:\testcario\vendor\symfony\symfony\src\Symfony\Bundle\TwigBundle\Resources\views\Exception\trace.html.twig line 13) {"exception":"[object] (Twig_Error_Runtime(code: 0): An exception has been thrown during the rendering of a template (\"[Semantical Error] The annotation \"@Template\" in method AppBundle\\Controller\\DefaultController::youtubeAction() was never imported. Did you maybe forget to add a \"use\" statement for this annotation? in C:\\testcario\\src\\AppBundle/Controller/ (which is being imported from \"C:\\testcario/app/config\\routing.yml\"). Make sure annotations are installed and enabled.\"). at C:\\testcario\\vendor\\symfony\\symfony\\src\\Symfony\\Bundle\\TwigBundle\\Resources\\views\\Exception\\trace.html.twig:13, Symfony\\Component\\Config\\Exception\\FileLoaderLoadException(code: 0): [Semantical Error] The annotation \"@Template\" in method AppBundle\\Controller\\DefaultController::youtubeAction() was never imported. Did you maybe forget to add a \"use\" statement for this annotation? in C:\\testcario\\src\\AppBundle/Controller/ (which is being imported from \"C:\\testcario/app/config\\routing.yml\"). Make sure annotations are installed and enabled. at C:\\testcario\\vendor\\symfony\\symfony\\src\\Symfony\\Component\\Config\\Loader\\FileLoader.php:168, Doctrine\\Common\\Annotations\\AnnotationException(code: 0): [Semantical Error] The annotation \"@Template\" in method AppBundle\\Controller\\DefaultController::youtubeAction() was never imported. Did you maybe forget to add a \"use\" statement for this annotation? at C:\\testcario\\vendor\\doctrine\\annotations\\lib\\Doctrine\\Common\\Annotations\\AnnotationException.php:54)"} []
[2018-10-17 15:24:07] php.CRITICAL: Uncaught Exception: An exception has been thrown during the rendering of a template ("[Semantical Error] The annotation "@Template" in method AppBundle\Controller\DefaultController::youtubeAction() was never imported. Did you maybe forget to add a "use" statement for this annotation? in C:\testcario\src\AppBundle/Controller/ (which is being imported from "C:\testcario/app/config\routing.yml"). Make sure annotations are installed and enabled."). {"exception":"[object] (Twig_Error_Runtime(code: 0): An exception has been thrown during the rendering of a template (\"[Semantical Error] The annotation \"@Template\" in method AppBundle\\Controller\\DefaultController::youtubeAction() was never imported. Did you maybe forget to add a \"use\" statement for this annotation? in C:\\testcario\\src\\AppBundle/Controller/ (which is being imported from \"C:\\testcario/app/config\\routing.yml\"). Make sure annotations are installed and enabled.\"). at C:\\testcario\\vendor\\symfony\\symfony\\src\\Symfony\\Bundle\\TwigBundle\\Resources\\views\\Exception\\trace.html.twig:13, Symfony\\Component\\Config\\Exception\\FileLoaderLoadException(code: 0): [Semantical Error] The annotation \"@Template\" in method AppBundle\\Controller\\DefaultController::youtubeAction() was never imported. Did you maybe forget to add a \"use\" statement for this annotation? in C:\\testcario\\src\\AppBundle/Controller/ (which is being imported from \"C:\\testcario/app/config\\routing.yml\"). Make sure annotations are installed and enabled. at C:\\testcario\\vendor\\symfony\\symfony\\src\\Symfony\\Component\\Config\\Loader\\FileLoader.php:168, Doctrine\\Common\\Annotations\\AnnotationException(code: 0): [Semantical Error] The annotation \"@Template\" in method AppBundle\\Controller\\DefaultController::youtubeAction() was never imported. Did you maybe forget to add a \"use\" statement for this annotation? at C:\\testcario\\vendor\\doctrine\\annotations\\lib\\Doctrine\\Common\\Annotations\\AnnotationException.php:54, Symfony\\Component\\Config\\Exception\\FileLoaderLoadException(code: 0): [Semantical Error] The annotation \"@Template\" in method AppBundle\\Controller\\DefaultController::youtubeAction() was never imported. Did you maybe forget to add a \"use\" statement for this annotation? in C:\\testcario\\src\\AppBundle/Controller/ (which is being imported from \"C:\\testcario/app/config\\routing.yml\"). Make sure annotations are installed and enabled. at C:\\testcario\\vendor\\symfony\\symfony\\src\\Symfony\\Component\\Config\\Loader\\FileLoader.php:168, Doctrine\\Common\\Annotations\\AnnotationException(code: 0): [Semantical Error] The annotation \"@Template\" in method AppBundle\\Controller\\DefaultController::youtubeAction() was never imported. Did you maybe forget to add a \"use\" statement for this annotation? at C:\\testcario\\vendor\\doctrine\\annotations\\lib\\Doctrine\\Common\\Annotations\\AnnotationException.php:54)"} []
[2018-10-17 15:24:07] request.CRITICAL: Uncaught PHP Exception Twig_Error_Runtime: "An exception has been thrown during the rendering of a template ("[Semantical Error] The annotation "@Template" in method AppBundle\Controller\DefaultController::youtubeAction() was never imported. Did you maybe forget to add a "use" statement for this annotation? in C:\testcario\src\AppBundle/Controller/ (which is being imported from "C:\testcario/app/config\routing.yml"). Make sure annotations are installed and enabled.")." at C:\testcario\vendor\symfony\symfony\src\Symfony\Bundle\TwigBundle\Resources\views\Exception\trace.html.twig line 13 {"exception":"[object] (Twig_Error_Runtime(code: 0): An exception has been thrown during the rendering of a template (\"[Semantical Error] The annotation \"@Template\" in method AppBundle\\Controller\\DefaultController::youtubeAction() was never imported. Did you maybe forget to add a \"use\" statement for this annotation? in C:\\testcario\\src\\AppBundle/Controller/ (which is being imported from \"C:\\testcario/app/config\\routing.yml\"). Make sure annotations are installed and enabled.\"). at C:\\testcario\\vendor\\symfony\\symfony\\src\\Symfony\\Bundle\\TwigBundle\\Resources\\views\\Exception\\trace.html.twig:13, Symfony\\Component\\Config\\Exception\\FileLoaderLoadException(code: 0): [Semantical Error] The annotation \"@Template\" in method AppBundle\\Controller\\DefaultController::youtubeAction() was never imported. Did you maybe forget to add a \"use\" statement for this annotation? in C:\\testcario\\src\\AppBundle/Controller/ (which is being imported from \"C:\\testcario/app/config\\routing.yml\"). Make sure annotations are installed and enabled. at C:\\testcario\\vendor\\symfony\\symfony\\src\\Symfony\\Component\\Config\\Loader\\FileLoader.php:168, Doctrine\\Common\\Annotations\\AnnotationException(code: 0): [Semantical Error] The annotation \"@Template\" in method AppBundle\\Controller\\DefaultController::youtubeAction() was never imported. Did you maybe forget to add a \"use\" statement for this annotation? at C:\\testcario\\vendor\\doctrine\\annotations\\lib\\Doctrine\\Common\\Annotations\\AnnotationException.php:54, Symfony\\Component\\Config\\Exception\\FileLoaderLoadException(code: 0): [Semantical Error] The annotation \"@Template\" in method AppBundle\\Controller\\DefaultController::youtubeAction() was never imported. Did you maybe forget to add a \"use\" statement for this annotation? in C:\\testcario\\src\\AppBundle/Controller/ (which is being imported from \"C:\\testcario/app/config\\routing.yml\"). Make sure annotations are installed and enabled. at C:\\testcario\\vendor\\symfony\\symfony\\src\\Symfony\\Component\\Config\\Loader\\FileLoader.php:168, Doctrine\\Common\\Annotations\\AnnotationException(code: 0): [Semantical Error] The annotation \"@Template\" in method AppBundle\\Controller\\DefaultController::youtubeAction() was never imported. Did you maybe forget to add a \"use\" statement for this annotation? at C:\\testcario\\vendor\\doctrine\\annotations\\lib\\Doctrine\\Common\\Annotations\\AnnotationException.php:54)"} []
[2018-10-17 15:24:07] request.CRITICAL: Exception thrown when handling an exception (Twig_Error_Runtime: An exception has been thrown during the rendering of a template ("[Semantical Error] The annotation "@Template" in method AppBundle\Controller\DefaultController::youtubeAction() was never imported. Did you maybe forget to add a "use" statement for this annotation? in C:\testcario\src\AppBundle/Controller/ (which is being imported from "C:\testcario/app/config\routing.yml"). Make sure annotations are installed and enabled."). at C:\testcario\vendor\symfony\symfony\src\Symfony\Bundle\TwigBundle\Resources\views\Exception\trace.html.twig line 13) {"exception":"[object] (Twig_Error_Runtime(code: 0): An exception has been thrown during the rendering of a template (\"[Semantical Error] The annotation \"@Template\" in method AppBundle\\Controller\\DefaultController::youtubeAction() was never imported. Did you maybe forget to add a \"use\" statement for this annotation? in C:\\testcario\\src\\AppBundle/Controller/ (which is being imported from \"C:\\testcario/app/config\\routing.yml\"). Make sure annotations are installed and enabled.\"). at C:\\testcario\\vendor\\symfony\\symfony\\src\\Symfony\\Bundle\\TwigBundle\\Resources\\views\\Exception\\trace.html.twig:13, Symfony\\Component\\Config\\Exception\\FileLoaderLoadException(code: 0): [Semantical Error] The annotation \"@Template\" in method AppBundle\\Controller\\DefaultController::youtubeAction() was never imported. Did you maybe forget to add a \"use\" statement for this annotation? in C:\\testcario\\src\\AppBundle/Controller/ (which is being imported from \"C:\\testcario/app/config\\routing.yml\"). Make sure annotations are installed and enabled. at C:\\testcario\\vendor\\symfony\\symfony\\src\\Symfony\\Component\\Config\\Loader\\FileLoader.php:168, Doctrine\\Common\\Annotations\\AnnotationException(code: 0): [Semantical Error] The annotation \"@Template\" in method AppBundle\\Controller\\DefaultController::youtubeAction() was never imported. Did you maybe forget to add a \"use\" statement for this annotation? at C:\\testcario\\vendor\\doctrine\\annotations\\lib\\Doctrine\\Common\\Annotations\\AnnotationException.php:54)"} []
[2018-10-17 15:24:09] request.CRITICAL: Uncaught PHP Exception Symfony\Component\Config\Exception\FileLoaderLoadException: "[Semantical Error] The annotation "@Template" in method AppBundle\Controller\DefaultController::youtubeAction() was never imported. Did you maybe forget to add a "use" statement for this annotation? in C:\testcario\src\AppBundle/Controller/ (which is being imported from "C:\testcario/app/config\routing.yml"). Make sure annotations are installed and enabled." at C:\testcario\vendor\symfony\symfony\src\Symfony\Component\Config\Loader\FileLoader.php line 168 {"exception":"[object] (Symfony\\Component\\Config\\Exception\\FileLoaderLoadException(code: 0): [Semantical Error] The annotation \"@Template\" in method AppBundle\\Controller\\DefaultController::youtubeAction() was never imported. Did you maybe forget to add a \"use\" statement for this annotation? in C:\\testcario\\src\\AppBundle/Controller/ (which is being imported from \"C:\\testcario/app/config\\routing.yml\"). Make sure annotations are installed and enabled. at C:\\testcario\\vendor\\symfony\\symfony\\src\\Symfony\\Component\\Config\\Loader\\FileLoader.php:168, Doctrine\\Common\\Annotations\\AnnotationException(code: 0): [Semantical Error] The annotation \"@Template\" in method AppBundle\\Controller\\DefaultController::youtubeAction() was never imported. Did you maybe forget to add a \"use\" statement for this annotation? at C:\\testcario\\vendor\\doctrine\\annotations\\lib\\Doctrine\\Common\\Annotations\\AnnotationException.php:54)"} []
[2018-10-17 15:24:09] request.CRITICAL: Exception thrown when handling an exception (Twig_Error_Runtime: An exception has been thrown during the rendering of a template ("[Semantical Error] The annotation "@Template" in method AppBundle\Controller\DefaultController::youtubeAction() was never imported. Did you maybe forget to add a "use" statement for this annotation? in C:\testcario\src\AppBundle/Controller/ (which is being imported from "C:\testcario/app/config\routing.yml"). Make sure annotations are installed and enabled."). at C:\testcario\vendor\symfony\symfony\src\Symfony\Bundle\TwigBundle\Resources\views\Exception\trace.html.twig line 13) {"exception":"[object] (Twig_Error_Runtime(code: 0): An exception has been thrown during the rendering of a template (\"[Semantical Error] The annotation \"@Template\" in method AppBundle\\Controller\\DefaultController::youtubeAction() was never imported. Did you maybe forget to add a \"use\" statement for this annotation? in C:\\testcario\\src\\AppBundle/Controller/ (which is being imported from \"C:\\testcario/app/config\\routing.yml\"). Make sure annotations are installed and enabled.\"). at C:\\testcario\\vendor\\symfony\\symfony\\src\\Symfony\\Bundle\\TwigBundle\\Resources\\views\\Exception\\trace.html.twig:13, Symfony\\Component\\Config\\Exception\\FileLoaderLoadException(code: 0): [Semantical Error] The annotation \"@Template\" in method AppBundle\\Controller\\DefaultController::youtubeAction() was never imported. Did you maybe forget to add a \"use\" statement for this annotation? in C:\\testcario\\src\\AppBundle/Controller/ (which is being imported from \"C:\\testcario/app/config\\routing.yml\"). Make sure annotations are installed and enabled. at C:\\testcario\\vendor\\symfony\\symfony\\src\\Symfony\\Component\\Config\\Loader\\FileLoader.php:168, Doctrine\\Common\\Annotations\\AnnotationException(code: 0): [Semantical Error] The annotation \"@Template\" in method AppBundle\\Controller\\DefaultController::youtubeAction() was never imported. Did you maybe forget to add a \"use\" statement for this annotation? at C:\\testcario\\vendor\\doctrine\\annotations\\lib\\Doctrine\\Common\\Annotations\\AnnotationException.php:54)"} []
[2018-10-17 15:24:09] php.CRITICAL: Uncaught Exception: An exception has been thrown during the rendering of a template ("[Semantical Error] The annotation "@Template" in method AppBundle\Controller\DefaultController::youtubeAction() was never imported. Did you maybe forget to add a "use" statement for this annotation? in C:\testcario\src\AppBundle/Controller/ (which is being imported from "C:\testcario/app/config\routing.yml"). Make sure annotations are installed and enabled."). {"exception":"[object] (Twig_Error_Runtime(code: 0): An exception has been thrown during the rendering of a template (\"[Semantical Error] The annotation \"@Template\" in method AppBundle\\Controller\\DefaultController::youtubeAction() was never imported. Did you maybe forget to add a \"use\" statement for this annotation? in C:\\testcario\\src\\AppBundle/Controller/ (which is being imported from \"C:\\testcario/app/config\\routing.yml\"). Make sure annotations are installed and enabled.\"). at C:\\testcario\\vendor\\symfony\\symfony\\src\\Symfony\\Bundle\\TwigBundle\\Resources\\views\\Exception\\trace.html.twig:13, Symfony\\Component\\Config\\Exception\\FileLoaderLoadException(code: 0): [Semantical Error] The annotation \"@Template\" in method AppBundle\\Controller\\DefaultController::youtubeAction() was never imported. Did you maybe forget to add a \"use\" statement for this annotation? in C:\\testcario\\src\\AppBundle/Controller/ (which is being imported from \"C:\\testcario/app/config\\routing.yml\"). Make sure annotations are installed and enabled. at C:\\testcario\\vendor\\symfony\\symfony\\src\\Symfony\\Component\\Config\\Loader\\FileLoader.php:168, Doctrine\\Common\\Annotations\\AnnotationException(code: 0): [Semantical Error] The annotation \"@Template\" in method AppBundle\\Controller\\DefaultController::youtubeAction() was never imported. Did you maybe forget to add a \"use\" statement for this annotation? at C:\\testcario\\vendor\\doctrine\\annotations\\lib\\Doctrine\\Common\\Annotations\\AnnotationException.php:54, Symfony\\Component\\Config\\Exception\\FileLoaderLoadException(code: 0): [Semantical Error] The annotation \"@Template\" in method AppBundle\\Controller\\DefaultController::youtubeAction() was never imported. Did you maybe forget to add a \"use\" statement for this annotation? in C:\\testcario\\src\\AppBundle/Controller/ (which is being imported from \"C:\\testcario/app/config\\routing.yml\"). Make sure annotations are installed and enabled. at C:\\testcario\\vendor\\symfony\\symfony\\src\\Symfony\\Component\\Config\\Loader\\FileLoader.php:168, Doctrine\\Common\\Annotations\\AnnotationException(code: 0): [Semantical Error] The annotation \"@Template\" in method AppBundle\\Controller\\DefaultController::youtubeAction() was never imported. Did you maybe forget to add a \"use\" statement for this annotation? at C:\\testcario\\vendor\\doctrine\\annotations\\lib\\Doctrine\\Common\\Annotations\\AnnotationException.php:54)"} []
[2018-10-17 15:24:09] request.CRITICAL: Uncaught PHP Exception Twig_Error_Runtime: "An exception has been thrown during the rendering of a template ("[Semantical Error] The annotation "@Template" in method AppBundle\Controller\DefaultController::youtubeAction() was never imported. Did you maybe forget to add a "use" statement for this annotation? in C:\testcario\src\AppBundle/Controller/ (which is being imported from "C:\testcario/app/config\routing.yml"). Make sure annotations are installed and enabled.")." at C:\testcario\vendor\symfony\symfony\src\Symfony\Bundle\TwigBundle\Resources\views\Exception\trace.html.twig line 13 {"exception":"[object] (Twig_Error_Runtime(code: 0): An exception has been thrown during the rendering of a template (\"[Semantical Error] The annotation \"@Template\" in method AppBundle\\Controller\\DefaultController::youtubeAction() was never imported. Did you maybe forget to add a \"use\" statement for this annotation? in C:\\testcario\\src\\AppBundle/Controller/ (which is being imported from \"C:\\testcario/app/config\\routing.yml\"). Make sure annotations are installed and enabled.\"). at C:\\testcario\\vendor\\symfony\\symfony\\src\\Symfony\\Bundle\\TwigBundle\\Resources\\views\\Exception\\trace.html.twig:13, Symfony\\Component\\Config\\Exception\\FileLoaderLoadException(code: 0): [Semantical Error] The annotation \"@Template\" in method AppBundle\\Controller\\DefaultController::youtubeAction() was never imported. Did you maybe forget to add a \"use\" statement for this annotation? in C:\\testcario\\src\\AppBundle/Controller/ (which is being imported from \"C:\\testcario/app/config\\routing.yml\"). Make sure annotations are installed and enabled. at C:\\testcario\\vendor\\symfony\\symfony\\src\\Symfony\\Component\\Config\\Loader\\FileLoader.php:168, Doctrine\\Common\\Annotations\\AnnotationException(code: 0): [Semantical Error] The annotation \"@Template\" in method AppBundle\\Controller\\DefaultController::youtubeAction() was never imported. Did you maybe forget to add a \"use\" statement for this annotation? at C:\\testcario\\vendor\\doctrine\\annotations\\lib\\Doctrine\\Common\\Annotations\\AnnotationException.php:54, Symfony\\Component\\Config\\Exception\\FileLoaderLoadException(code: 0): [Semantical Error] The annotation \"@Template\" in method AppBundle\\Controller\\DefaultController::youtubeAction() was never imported. Did you maybe forget to add a \"use\" statement for this annotation? in C:\\testcario\\src\\AppBundle/Controller/ (which is being imported from \"C:\\testcario/app/config\\routing.yml\"). Make sure annotations are installed and enabled. at C:\\testcario\\vendor\\symfony\\symfony\\src\\Symfony\\Component\\Config\\Loader\\FileLoader.php:168, Doctrine\\Common\\Annotations\\AnnotationException(code: 0): [Semantical Error] The annotation \"@Template\" in method AppBundle\\Controller\\DefaultController::youtubeAction() was never imported. Did you maybe forget to add a \"use\" statement for this annotation? at C:\\testcario\\vendor\\doctrine\\annotations\\lib\\Doctrine\\Common\\Annotations\\AnnotationException.php:54)"} []
[2018-10-17 15:24:09] request.CRITICAL: Exception thrown when handling an exception (Twig_Error_Runtime: An exception has been thrown during the rendering of a template ("[Semantical Error] The annotation "@Template" in method AppBundle\Controller\DefaultController::youtubeAction() was never imported. Did you maybe forget to add a "use" statement for this annotation? in C:\testcario\src\AppBundle/Controller/ (which is being imported from "C:\testcario/app/config\routing.yml"). Make sure annotations are installed and enabled."). at C:\testcario\vendor\symfony\symfony\src\Symfony\Bundle\TwigBundle\Resources\views\Exception\trace.html.twig line 13) {"exception":"[object] (Twig_Error_Runtime(code: 0): An exception has been thrown during the rendering of a template (\"[Semantical Error] The annotation \"@Template\" in method AppBundle\\Controller\\DefaultController::youtubeAction() was never imported. Did you maybe forget to add a \"use\" statement for this annotation? in C:\\testcario\\src\\AppBundle/Controller/ (which is being imported from \"C:\\testcario/app/config\\routing.yml\"). Make sure annotations are installed and enabled.\"). at C:\\testcario\\vendor\\symfony\\symfony\\src\\Symfony\\Bundle\\TwigBundle\\Resources\\views\\Exception\\trace.html.twig:13, Symfony\\Component\\Config\\Exception\\FileLoaderLoadException(code: 0): [Semantical Error] The annotation \"@Template\" in method AppBundle\\Controller\\DefaultController::youtubeAction() was never imported. Did you maybe forget to add a \"use\" statement for this annotation? in C:\\testcario\\src\\AppBundle/Controller/ (which is being imported from \"C:\\testcario/app/config\\routing.yml\"). Make sure annotations are installed and enabled. at C:\\testcario\\vendor\\symfony\\symfony\\src\\Symfony\\Component\\Config\\Loader\\FileLoader.php:168, Doctrine\\Common\\Annotations\\AnnotationException(code: 0): [Semantical Error] The annotation \"@Template\" in method AppBundle\\Controller\\DefaultController::youtubeAction() was never imported. Did you maybe forget to add a \"use\" statement for this annotation? at C:\\testcario\\vendor\\doctrine\\annotations\\lib\\Doctrine\\Common\\Annotations\\AnnotationException.php:54)"} []
[2018-10-17 15:24:10] request.CRITICAL: Uncaught PHP Exception Symfony\Component\Config\Exception\FileLoaderLoadException: "[Semantical Error] The annotation "@Template" in method AppBundle\Controller\DefaultController::youtubeAction() was never imported. Did you maybe forget to add a "use" statement for this annotation? in C:\testcario\src\AppBundle/Controller/ (which is being imported from "C:\testcario/app/config\routing.yml"). Make sure annotations are installed and enabled." at C:\testcario\vendor\symfony\symfony\src\Symfony\Component\Config\Loader\FileLoader.php line 168 {"exception":"[object] (Symfony\\Component\\Config\\Exception\\FileLoaderLoadException(code: 0): [Semantical Error] The annotation \"@Template\" in method AppBundle\\Controller\\DefaultController::youtubeAction() was never imported. Did you maybe forget to add a \"use\" statement for this annotation? in C:\\testcario\\src\\AppBundle/Controller/ (which is being imported from \"C:\\testcario/app/config\\routing.yml\"). Make sure annotations are installed and enabled. at C:\\testcario\\vendor\\symfony\\symfony\\src\\Symfony\\Component\\Config\\Loader\\FileLoader.php:168, Doctrine\\Common\\Annotations\\AnnotationException(code: 0): [Semantical Error] The annotation \"@Template\" in method AppBundle\\Controller\\DefaultController::youtubeAction() was never imported. Did you maybe forget to add a \"use\" statement for this annotation? at C:\\testcario\\vendor\\doctrine\\annotations\\lib\\Doctrine\\Common\\Annotations\\AnnotationException.php:54)"} []
[2018-10-17 15:24:10] request.CRITICAL: Exception thrown when handling an exception (Twig_Error_Runtime: An exception has been thrown during the rendering of a template ("[Semantical Error] The annotation "@Template" in method AppBundle\Controller\DefaultController::youtubeAction() was never imported. Did you maybe forget to add a "use" statement for this annotation? in C:\testcario\src\AppBundle/Controller/ (which is being imported from "C:\testcario/app/config\routing.yml"). Make sure annotations are installed and enabled."). at C:\testcario\vendor\symfony\symfony\src\Symfony\Bundle\TwigBundle\Resources\views\Exception\trace.html.twig line 13) {"exception":"[object] (Twig_Error_Runtime(code: 0): An exception has been thrown during the rendering of a template (\"[Semantical Error] The annotation \"@Template\" in method AppBundle\\Controller\\DefaultController::youtubeAction() was never imported. Did you maybe forget to add a \"use\" statement for this annotation? in C:\\testcario\\src\\AppBundle/Controller/ (which is being imported from \"C:\\testcario/app/config\\routing.yml\"). Make sure annotations are installed and enabled.\"). at C:\\testcario\\vendor\\symfony\\symfony\\src\\Symfony\\Bundle\\TwigBundle\\Resources\\views\\Exception\\trace.html.twig:13, Symfony\\Component\\Config\\Exception\\FileLoaderLoadException(code: 0): [Semantical Error] The annotation \"@Template\" in method AppBundle\\Controller\\DefaultController::youtubeAction() was never imported. Did you maybe forget to add a \"use\" statement for this annotation? in C:\\testcario\\src\\AppBundle/Controller/ (which is being imported from \"C:\\testcario/app/config\\routing.yml\"). Make sure annotations are installed and enabled. at C:\\testcario\\vendor\\symfony\\symfony\\src\\Symfony\\Component\\Config\\Loader\\FileLoader.php:168, Doctrine\\Common\\Annotations\\AnnotationException(code: 0): [Semantical Error] The annotation \"@Template\" in method AppBundle\\Controller\\DefaultController::youtubeAction() was never imported. Did you maybe forget to add a \"use\" statement for this annotation? at C:\\testcario\\vendor\\doctrine\\annotations\\lib\\Doctrine\\Common\\Annotations\\AnnotationException.php:54)"} []
[2018-10-17 15:24:10] php.CRITICAL: Uncaught Exception: An exception has been thrown during the rendering of a template ("[Semantical Error] The annotation "@Template" in method AppBundle\Controller\DefaultController::youtubeAction() was never imported. Did you maybe forget to add a "use" statement for this annotation? in C:\testcario\src\AppBundle/Controller/ (which is being imported from "C:\testcario/app/config\routing.yml"). Make sure annotations are installed and enabled."). {"exception":"[object] (Twig_Error_Runtime(code: 0): An exception has been thrown during the rendering of a template (\"[Semantical Error] The annotation \"@Template\" in method AppBundle\\Controller\\DefaultController::youtubeAction() was never imported. Did you maybe forget to add a \"use\" statement for this annotation? in C:\\testcario\\src\\AppBundle/Controller/ (which is being imported from \"C:\\testcario/app/config\\routing.yml\"). Make sure annotations are installed and enabled.\"). at C:\\testcario\\vendor\\symfony\\symfony\\src\\Symfony\\Bundle\\TwigBundle\\Resources\\views\\Exception\\trace.html.twig:13, Symfony\\Component\\Config\\Exception\\FileLoaderLoadException(code: 0): [Semantical Error] The annotation \"@Template\" in method AppBundle\\Controller\\DefaultController::youtubeAction() was never imported. Did you maybe forget to add a \"use\" statement for this annotation? in C:\\testcario\\src\\AppBundle/Controller/ (which is being imported from \"C:\\testcario/app/config\\routing.yml\"). Make sure annotations are installed and enabled. at C:\\testcario\\vendor\\symfony\\symfony\\src\\Symfony\\Component\\Config\\Loader\\FileLoader.php:168, Doctrine\\Common\\Annotations\\AnnotationException(code: 0): [Semantical Error] The annotation \"@Template\" in method AppBundle\\Controller\\DefaultController::youtubeAction() was never imported. Did you maybe forget to add a \"use\" statement for this annotation? at C:\\testcario\\vendor\\doctrine\\annotations\\lib\\Doctrine\\Common\\Annotations\\AnnotationException.php:54, Symfony\\Component\\Config\\Exception\\FileLoaderLoadException(code: 0): [Semantical Error] The annotation \"@Template\" in method AppBundle\\Controller\\DefaultController::youtubeAction() was never imported. Did you maybe forget to add a \"use\" statement for this annotation? in C:\\testcario\\src\\AppBundle/Controller/ (which is being imported from \"C:\\testcario/app/config\\routing.yml\"). Make sure annotations are installed and enabled. at C:\\testcario\\vendor\\symfony\\symfony\\src\\Symfony\\Component\\Config\\Loader\\FileLoader.php:168, Doctrine\\Common\\Annotations\\AnnotationException(code: 0): [Semantical Error] The annotation \"@Template\" in method AppBundle\\Controller\\DefaultController::youtubeAction() was never imported. Did you maybe forget to add a \"use\" statement for this annotation? at C:\\testcario\\vendor\\doctrine\\annotations\\lib\\Doctrine\\Common\\Annotations\\AnnotationException.php:54)"} []
[2018-10-17 15:24:10] request.CRITICAL: Uncaught PHP Exception Twig_Error_Runtime: "An exception has been thrown during the rendering of a template ("[Semantical Error] The annotation "@Template" in method AppBundle\Controller\DefaultController::youtubeAction() was never imported. Did you maybe forget to add a "use" statement for this annotation? in C:\testcario\src\AppBundle/Controller/ (which is being imported from "C:\testcario/app/config\routing.yml"). Make sure annotations are installed and enabled.")." at C:\testcario\vendor\symfony\symfony\src\Symfony\Bundle\TwigBundle\Resources\views\Exception\trace.html.twig line 13 {"exception":"[object] (Twig_Error_Runtime(code: 0): An exception has been thrown during the rendering of a template (\"[Semantical Error] The annotation \"@Template\" in method AppBundle\\Controller\\DefaultController::youtubeAction() was never imported. Did you maybe forget to add a \"use\" statement for this annotation? in C:\\testcario\\src\\AppBundle/Controller/ (which is being imported from \"C:\\testcario/app/config\\routing.yml\"). Make sure annotations are installed and enabled.\"). at C:\\testcario\\vendor\\symfony\\symfony\\src\\Symfony\\Bundle\\TwigBundle\\Resources\\views\\Exception\\trace.html.twig:13, Symfony\\Component\\Config\\Exception\\FileLoaderLoadException(code: 0): [Semantical Error] The annotation \"@Template\" in method AppBundle\\Controller\\DefaultController::youtubeAction() was never imported. Did you maybe forget to add a \"use\" statement for this annotation? in C:\\testcario\\src\\AppBundle/Controller/ (which is being imported from \"C:\\testcario/app/config\\routing.yml\"). Make sure annotations are installed and enabled. at C:\\testcario\\vendor\\symfony\\symfony\\src\\Symfony\\Component\\Config\\Loader\\FileLoader.php:168, Doctrine\\Common\\Annotations\\AnnotationException(code: 0): [Semantical Error] The annotation \"@Template\" in method AppBundle\\Controller\\DefaultController::youtubeAction() was never imported. Did you maybe forget to add a \"use\" statement for this annotation? at C:\\testcario\\vendor\\doctrine\\annotations\\lib\\Doctrine\\Common\\Annotations\\AnnotationException.php:54, Symfony\\Component\\Config\\Exception\\FileLoaderLoadException(code: 0): [Semantical Error] The annotation \"@Template\" in method AppBundle\\Controller\\DefaultController::youtubeAction() was never imported. Did you maybe forget to add a \"use\" statement for this annotation? in C:\\testcario\\src\\AppBundle/Controller/ (which is being imported from \"C:\\testcario/app/config\\routing.yml\"). Make sure annotations are installed and enabled. at C:\\testcario\\vendor\\symfony\\symfony\\src\\Symfony\\Component\\Config\\Loader\\FileLoader.php:168, Doctrine\\Common\\Annotations\\AnnotationException(code: 0): [Semantical Error] The annotation \"@Template\" in method AppBundle\\Controller\\DefaultController::youtubeAction() was never imported. Did you maybe forget to add a \"use\" statement for this annotation? at C:\\testcario\\vendor\\doctrine\\annotations\\lib\\Doctrine\\Common\\Annotations\\AnnotationException.php:54)"} []
[2018-10-17 15:24:10] request.CRITICAL: Exception thrown when handling an exception (Twig_Error_Runtime: An exception has been thrown during the rendering of a template ("[Semantical Error] The annotation "@Template" in method AppBundle\Controller\DefaultController::youtubeAction() was never imported. Did you maybe forget to add a "use" statement for this annotation? in C:\testcario\src\AppBundle/Controller/ (which is being imported from "C:\testcario/app/config\routing.yml"). Make sure annotations are installed and enabled."). at C:\testcario\vendor\symfony\symfony\src\Symfony\Bundle\TwigBundle\Resources\views\Exception\trace.html.twig line 13) {"exception":"[object] (Twig_Error_Runtime(code: 0): An exception has been thrown during the rendering of a template (\"[Semantical Error] The annotation \"@Template\" in method AppBundle\\Controller\\DefaultController::youtubeAction() was never imported. Did you maybe forget to add a \"use\" statement for this annotation? in C:\\testcario\\src\\AppBundle/Controller/ (which is being imported from \"C:\\testcario/app/config\\routing.yml\"). Make sure annotations are installed and enabled.\"). at C:\\testcario\\vendor\\symfony\\symfony\\src\\Symfony\\Bundle\\TwigBundle\\Resources\\views\\Exception\\trace.html.twig:13, Symfony\\Component\\Config\\Exception\\FileLoaderLoadException(code: 0): [Semantical Error] The annotation \"@Template\" in method AppBundle\\Controller\\DefaultController::youtubeAction() was never imported. Did you maybe forget to add a \"use\" statement for this annotation? in C:\\testcario\\src\\AppBundle/Controller/ (which is being imported from \"C:\\testcario/app/config\\routing.yml\"). Make sure annotations are installed and enabled. at C:\\testcario\\vendor\\symfony\\symfony\\src\\Symfony\\Component\\Config\\Loader\\FileLoader.php:168, Doctrine\\Common\\Annotations\\AnnotationException(code: 0): [Semantical Error] The annotation \"@Template\" in method AppBundle\\Controller\\DefaultController::youtubeAction() was never imported. Did you maybe forget to add a \"use\" statement for this annotation? at C:\\testcario\\vendor\\doctrine\\annotations\\lib\\Doctrine\\Common\\Annotations\\AnnotationException.php:54)"} []
[2018-10-17 15:25:29] request.INFO: Matched route "homepage". {"route":"homepage","route_parameters":{"_controller":"AppBundle\\Controller\\DefaultController::indexAction","_route":"homepage"},"request_uri":"http://127.0.0.1:8000/","method":"GET"} []
[2018-10-17 15:25:29] security.INFO: Populated the TokenStorage with an anonymous Token. [] []
[2018-10-17 15:25:29] request.CRITICAL: Uncaught PHP Exception Twig_Error_Runtime: "Variable "youtube_videos" does not exist." at C:\testcario\app\Resources\views\base.html.twig line 10 {"exception":"[object] (Twig_Error_Runtime(code: 0): Variable \"youtube_videos\" does not exist. at C:\\testcario\\app\\Resources\\views\\base.html.twig:10)"} []
[2018-10-17 15:25:30] request.INFO: Matched route "_wdt". {"route":"_wdt","route_parameters":{"_controller":"web_profiler.controller.profiler:toolbarAction","token":"fe72c2","_route":"_wdt"},"request_uri":"http://127.0.0.1:8000/_wdt/fe72c2","method":"GET"} []
[2018-10-17 15:28:29] request.INFO: Matched route "homepage". {"route":"homepage","route_parameters":{"_controller":"AppBundle\\Controller\\DefaultController::youtubeAction","_route":"homepage"},"request_uri":"http://127.0.0.1:8000/","method":"GET"} []
[2018-10-17 15:28:29] security.INFO: Populated the TokenStorage with an anonymous Token. [] []
[2018-10-17 15:28:30] request.CRITICAL: Uncaught PHP Exception LogicException: "The controller must return a response (Array(youtube_videos => Array(0 => Array(title => What Superpowers Would You Give Your Friends? (Wednesday Club One-Shot), video_id => RfImAqJkZ8g), 1 => Array(title => Welcome to the Jungle | Critical Role | Campaign 2, Episode 38, video_id => JvBtKATmgLc), 2 => Array(title => How to Play Fantastic Beasts Perilous Pursuit, video_id => z-7k_izc8ns), 3 => Array(title => Dangerous Liaisons | Critical Role | Campaign 2, Episode 37, video_id => OKUYiYIvRTI), 4 => Array(title => CelebriD&D with Terry Crews, video_id => 2IrM0zoDuSo)), youtube_channels => Array(0 => Array(title => Geek & Sundry, channel_id => UCaBf1a-dpIsw8OxqH4ki2Kg), 1 => Array(title => Critical Role, channel_id => UCpXBGqwsBkpvcYjsJBQ7LEQ)), youtube_playlists => Array(0 => Array(title => Geek and Sundry Presents: Critical Role: Campaign 2, playlist_id => PLDXQ_XXbAws5F3tSkjnpy8nBPgkHdyAoG), 1 => Array(title => Critical Role | Campaign 1, playlist_id => PL7atuZxmT954bCkC062rKwXTvJtcqFB8i), 2 => Array(title => Geek and Sundry Presents: Critical Role, playlist_id => PLDXQ_XXbAws7gyakXAPAC8XmqzW38Ivbk))) given)." at C:\testcario\vendor\symfony\symfony\src\Symfony\Component\HttpKernel\HttpKernel.php line 169 {"exception":"[object] (LogicException(code: 0): The controller must return a response (Array(youtube_videos => Array(0 => Array(title => What Superpowers Would You Give Your Friends? (Wednesday Club One-Shot), video_id => RfImAqJkZ8g), 1 => Array(title => Welcome to the Jungle | Critical Role | Campaign 2, Episode 38, video_id => JvBtKATmgLc), 2 => Array(title => How to Play Fantastic Beasts Perilous Pursuit, video_id => z-7k_izc8ns), 3 => Array(title => Dangerous Liaisons | Critical Role | Campaign 2, Episode 37, video_id => OKUYiYIvRTI), 4 => Array(title => CelebriD&D with Terry Crews, video_id => 2IrM0zoDuSo)), youtube_channels => Array(0 => Array(title => Geek & Sundry, channel_id => UCaBf1a-dpIsw8OxqH4ki2Kg), 1 => Array(title => Critical Role, channel_id => UCpXBGqwsBkpvcYjsJBQ7LEQ)), youtube_playlists => Array(0 => Array(title => Geek and Sundry Presents: Critical Role: Campaign 2, playlist_id => PLDXQ_XXbAws5F3tSkjnpy8nBPgkHdyAoG), 1 => Array(title => Critical Role | Campaign 1, playlist_id => PL7atuZxmT954bCkC062rKwXTvJtcqFB8i), 2 => Array(title => Geek and Sundry Presents: Critical Role, playlist_id => PLDXQ_XXbAws7gyakXAPAC8XmqzW38Ivbk))) given). at C:\\testcario\\vendor\\symfony\\symfony\\src\\Symfony\\Component\\HttpKernel\\HttpKernel.php:169)"} []
[2018-10-17 15:28:30] request.INFO: Matched route "_wdt". {"route":"_wdt","route_parameters":{"_controller":"web_profiler.controller.profiler:toolbarAction","token":"9b3d77","_route":"_wdt"},"request_uri":"http://127.0.0.1:8000/_wdt/9b3d77","method":"GET"} []
[2018-10-17 15:29:14] request.INFO: Matched route "homepage". {"route":"homepage","route_parameters":{"_controller":"AppBundle\\Controller\\DefaultController::indexAction","_route":"homepage"},"request_uri":"http://127.0.0.1:8000/","method":"GET"} []
[2018-10-17 15:29:14] security.INFO: Populated the TokenStorage with an anonymous Token. [] []
[2018-10-17 15:29:14] request.CRITICAL: Uncaught PHP Exception Twig_Error_Runtime: "Variable "youtube_videos" does not exist." at C:\testcario\app\Resources\views\base.html.twig line 10 {"exception":"[object] (Twig_Error_Runtime(code: 0): Variable \"youtube_videos\" does not exist. at C:\\testcario\\app\\Resources\\views\\base.html.twig:10)"} []
[2018-10-17 15:29:14] request.INFO: Matched route "_wdt". {"route":"_wdt","route_parameters":{"_controller":"web_profiler.controller.profiler:toolbarAction","token":"c86a14","_route":"_wdt"},"request_uri":"http://127.0.0.1:8000/_wdt/c86a14","method":"GET"} []
[2018-10-17 15:29:18] request.INFO: Matched route "_youtube". {"route":"_youtube","route_parameters":{"_controller":"AppBundle\\Controller\\DefaultController::youtubeAction","_route":"_youtube"},"request_uri":"http://127.0.0.1:8000/youtube","method":"GET"} []
[2018-10-17 15:29:18] security.INFO: Populated the TokenStorage with an anonymous Token. [] []
[2018-10-17 15:29:19] request.CRITICAL: Uncaught PHP Exception LogicException: "The controller must return a response (Array(youtube_videos => Array(0 => Array(title => What Superpowers Would You Give Your Friends? (Wednesday Club One-Shot), video_id => RfImAqJkZ8g), 1 => Array(title => Welcome to the Jungle | Critical Role | Campaign 2, Episode 38, video_id => JvBtKATmgLc), 2 => Array(title => How to Play Fantastic Beasts Perilous Pursuit, video_id => z-7k_izc8ns), 3 => Array(title => Dangerous Liaisons | Critical Role | Campaign 2, Episode 37, video_id => OKUYiYIvRTI), 4 => Array(title => CelebriD&D with Terry Crews, video_id => 2IrM0zoDuSo)), youtube_channels => Array(0 => Array(title => Geek & Sundry, channel_id => UCaBf1a-dpIsw8OxqH4ki2Kg), 1 => Array(title => Critical Role, channel_id => UCpXBGqwsBkpvcYjsJBQ7LEQ)), youtube_playlists => Array(0 => Array(title => Geek and Sundry Presents: Critical Role: Campaign 2, playlist_id => PLDXQ_XXbAws5F3tSkjnpy8nBPgkHdyAoG), 1 => Array(title => Critical Role | Campaign 1, playlist_id => PL7atuZxmT954bCkC062rKwXTvJtcqFB8i), 2 => Array(title => Geek and Sundry Presents: Critical Role, playlist_id => PLDXQ_XXbAws7gyakXAPAC8XmqzW38Ivbk))) given)." at C:\testcario\vendor\symfony\symfony\src\Symfony\Component\HttpKernel\HttpKernel.php line 169 {"exception":"[object] (LogicException(code: 0): The controller must return a response (Array(youtube_videos => Array(0 => Array(title => What Superpowers Would You Give Your Friends? (Wednesday Club One-Shot), video_id => RfImAqJkZ8g), 1 => Array(title => Welcome to the Jungle | Critical Role | Campaign 2, Episode 38, video_id => JvBtKATmgLc), 2 => Array(title => How to Play Fantastic Beasts Perilous Pursuit, video_id => z-7k_izc8ns), 3 => Array(title => Dangerous Liaisons | Critical Role | Campaign 2, Episode 37, video_id => OKUYiYIvRTI), 4 => Array(title => CelebriD&D with Terry Crews, video_id => 2IrM0zoDuSo)), youtube_channels => Array(0 => Array(title => Geek & Sundry, channel_id => UCaBf1a-dpIsw8OxqH4ki2Kg), 1 => Array(title => Critical Role, channel_id => UCpXBGqwsBkpvcYjsJBQ7LEQ)), youtube_playlists => Array(0 => Array(title => Geek and Sundry Presents: Critical Role: Campaign 2, playlist_id => PLDXQ_XXbAws5F3tSkjnpy8nBPgkHdyAoG), 1 => Array(title => Critical Role | Campaign 1, playlist_id => PL7atuZxmT954bCkC062rKwXTvJtcqFB8i), 2 => Array(title => Geek and Sundry Presents: Critical Role, playlist_id => PLDXQ_XXbAws7gyakXAPAC8XmqzW38Ivbk))) given). at C:\\testcario\\vendor\\symfony\\symfony\\src\\Symfony\\Component\\HttpKernel\\HttpKernel.php:169)"} []
[2018-10-17 15:29:19] request.INFO: Matched route "_wdt". {"route":"_wdt","route_parameters":{"_controller":"web_profiler.controller.profiler:toolbarAction","token":"d88e7d","_route":"_wdt"},"request_uri":"http://127.0.0.1:8000/_wdt/d88e7d","method":"GET"} []
[2018-10-17 15:51:18] request.INFO: Matched route "_youtube". {"route":"_youtube","route_parameters":{"_controller":"AppBundle\\Controller\\DefaultController::youtubeAction","_route":"_youtube"},"request_uri":"http://127.0.0.1:8000/youtube","method":"GET"} []
[2018-10-17 15:51:18] security.INFO: Populated the TokenStorage with an anonymous Token. [] []
[2018-10-17 15:51:19] request.INFO: Matched route "_wdt". {"route":"_wdt","route_parameters":{"_controller":"web_profiler.controller.profiler:toolbarAction","token":"710045","_route":"_wdt"},"request_uri":"http://127.0.0.1:8000/_wdt/710045","method":"GET"} []
[2018-10-17 15:51:38] request.INFO: Matched route "_youtube". {"route":"_youtube","route_parameters":{"_controller":"AppBundle\\Controller\\DefaultController::youtubeAction","_route":"_youtube"},"request_uri":"http://127.0.0.1:8000/youtube","method":"GET"} []
[2018-10-17 15:51:38] security.INFO: Populated the TokenStorage with an anonymous Token. [] []
[2018-10-17 15:51:39] request.INFO: Matched route "_wdt". {"route":"_wdt","route_parameters":{"_controller":"web_profiler.controller.profiler:toolbarAction","token":"7774f3","_route":"_wdt"},"request_uri":"http://127.0.0.1:8000/_wdt/7774f3","method":"GET"} []
[2018-10-17 15:51:40] request.INFO: Matched route "_youtube". {"route":"_youtube","route_parameters":{"_controller":"AppBundle\\Controller\\DefaultController::youtubeAction","_route":"_youtube"},"request_uri":"http://127.0.0.1:8000/youtube","method":"GET"} []
[2018-10-17 15:51:40] security.INFO: Populated the TokenStorage with an anonymous Token. [] []
[2018-10-17 15:51:41] request.INFO: Matched route "_wdt". {"route":"_wdt","route_parameters":{"_controller":"web_profiler.controller.profiler:toolbarAction","token":"2845a9","_route":"_wdt"},"request_uri":"http://127.0.0.1:8000/_wdt/2845a9","method":"GET"} []
[2018-10-17 16:12:05] request.INFO: Matched route "_youtube". {"route":"_youtube","route_parameters":{"_controller":"AppBundle\\Controller\\DefaultController::youtubeAction","_route":"_youtube"},"request_uri":"http://127.0.0.1:8000/youtube","method":"GET"} []
[2018-10-17 16:12:05] security.INFO: Populated the TokenStorage with an anonymous Token. [] []
[2018-10-17 16:12:06] request.INFO: Matched route "_wdt". {"route":"_wdt","route_parameters":{"_controller":"web_profiler.controller.profiler:toolbarAction","token":"a730e0","_route":"_wdt"},"request_uri":"http://127.0.0.1:8000/_wdt/a730e0","method":"GET"} []
[2018-10-17 16:16:28] request.INFO: Matched route "_youtube". {"route":"_youtube","route_parameters":{"_controller":"AppBundle\\Controller\\DefaultController::youtubeAction","_route":"_youtube"},"request_uri":"http://127.0.0.1:8000/youtube","method":"GET"} []
[2018-10-17 16:16:28] security.INFO: Populated the TokenStorage with an anonymous Token. [] []
[2018-10-17 16:16:28] request.INFO: Matched route "_wdt". {"route":"_wdt","route_parameters":{"_controller":"web_profiler.controller.profiler:toolbarAction","token":"2279d7","_route":"_wdt"},"request_uri":"http://127.0.0.1:8000/_wdt/2279d7","method":"GET"} []
[2018-10-17 16:18:40] request.INFO: Matched route "_youtube". {"route":"_youtube","route_parameters":{"_controller":"AppBundle\\Controller\\DefaultController::youtubeSearch","_route":"_youtube"},"request_uri":"http://127.0.0.1:8000/youtube","method":"GET"} []
[2018-10-17 16:18:40] security.INFO: Populated the TokenStorage with an anonymous Token. [] []
[2018-10-17 16:18:40] request.INFO: Matched route "_wdt". {"route":"_wdt","route_parameters":{"_controller":"web_profiler.controller.profiler:toolbarAction","token":"dc6f0f","_route":"_wdt"},"request_uri":"http://127.0.0.1:8000/_wdt/dc6f0f","method":"GET"} []
